all memory transactions:
1: MEM Rd Req: addr=80000000 tag=0
2: MEM Rsp: tag=0 data=c8450513000025170005006b00100513308000ef00b5106b3145859300000597fc1025730005006b001005130c4000ef00b5106b0d05859300000597fc102573
3: MEM Rd Req: addr=800000c0 tag=0
4: MEM Rsp: tag=0 data=0000221702b505330000059340b1013300a51593cc202573ff000137fb418193000021970005006bfff005130005006b000005130004019305c000ef00050413
5: MEM Rd Req: addr=80000100 tag=0
6: MEM Rsp: tag=0 data=00e7a223b010277300e7a023b00027730087979300e787b300ff0737cc5027f3000080670005006b0000051300068663cc3026f3fc02721300a20233bff20213
7: MEM Rd Req: addr=80000300 tag=0
8: MEM Rsp: tag=0 data=0081242300112623ff010113000080670ee7ae23b9f027730ee7ac23b9e027730ee7aa23b9d027730ee7a823b9c027730ee7a623b9b027730ee7a423b9a02773
9: MEM Rd Req: addr=80000340 tag=0
10: MEM Rsp: tag=0 data=0007806b0017b793cc3027f327c000ef00a40533000005930000061300000513174000ef00020413888585930000061300020513800025b70007806bfff00793
11: MEM Rd Req: addr=800004c0 tag=0
12: MEM Rsp: tag=0 data=08f76c63fe060793ffc8f61306079863000507130035779304c7fe63003007930607926300c508b30037f79300a5c7b3bf5ff0ef00040513000780e700078463
13: MEM Rd Req: addr=80000540 tag=0
14: MEM Rsp: tag=0 data=001707130005c683f80780e300158593fed70fa300377793001707130005c68300008067ff1768e3fef70fa300158593001707130005c783ff157ce300050713
15: MEM Rd Req: addr=80000500 tag=0
16: MEM Rsp: tag=0 data=000080670117686300f585b300f7073300478793ffc7f79340e787b3fff60793fec7e8e3ff07ae2300468693004787930006a803000707930005869302c77c63
17: MEM Rd Req: addr=800005c0 tag=0
18: MEM Rsp: tag=0 data=0a07906300f7779302c37e630005071300f00313f19ff06ffaf768e3024585930247071302d7202301072e2300672c2301c72a2301d7282301e7262301f72423
19: MEM Rd Req: addr=80000600 tag=0
20: MEM Rsp: tag=0 data=005686b3000002970026969340c306b30000806700061463fed766e30107071300b7262300b7242300b7222300b7202300e686b300f67613ff06769308059263
21: MEM Rd Req: addr=80000640 tag=0
22: MEM Rsp: tag=0 data=00b7002300b700a300b7012300b701a300b7022300b702a300b7032300b703a300b7042300b704a300b7052300b705a300b7062300b706a300b7072300c68067
23: MEM Rd Req: addr=80000680 tag=0
24: MEM Rsp: tag=0 data=00f6063340f70733ff07879300028093fa0680e700008293005686b30000029700279693f6dff06f00d5e5b30105969300d5e5b3008596930ff5f59300008067
25: MEM Rd Req: addr=80000380 tag=0
26: MEM Rsp: tag=0 data=0209006340295913009122230011262340f90933888909138884079380002937800024370121202300812423ff01011300008067010101130081240300c12083
27: MEM Rd Req: addr=80000040 tag=0
28: MEM Rsp: tag=0 data=020784630087258300472683000727837ffff7374340006f008000ef330000ef42c000ef3d8505130000051759c000ef0000059340a60633c7c6061300002617
29: MEM Rd Req: addr=80000480 tag=0
30: MEM Rsp: tag=0 data=03c52783cb87a503800027b72b4000ef00050413001126230081242300000593ff0101132300006f000005130000061300000693000505930000806701010113
31: MEM Rd Req: addr=800006c0 tag=0
32: MEM Rsp: tag=0 data=00e61633001006131887a88308c3242301078333020506630027181306e84e6301f008130047a70304078c6314872783cb87a703800027b7f3dff06ff6c378e3
33: MEM Rd Req: addr=80001c80 tag=42
34: MEM Rsp: tag=42 data=baadf00d800018900000000000000000000000000000000000000000000000000000000000000000000000000000000000000000000000000000000000000000
35: MEM Rd Req: addr=800019c0 tag=62
36: MEM Rsp: tag=62 data=00000000000000000000000000000000000000000000000000000000000000000000000000000000000000000000000000000000000000000000000000000000
37: MEM Rd Req: addr=80000700 tag=0
38: MEM Rsp: tag=0 data=0017071318c7a683fa5ff06f14f7242314c70793000080670000051300b7a423010787b300e7a2230017071302d504630020069310d324231917a42300c8e8b3
39: MEM Wr Req: addr=800019c0 tag=62 byteen=000000000f000000 data=xxxxxxxxxxxxxxxxxxxxxxxxxxxxxxxxxxxxxxxxxxxxxxxxxxxxxxxxxxxxxxxxxxxxxxxx800019dcxxxxxxxxxxxxxxxxxxxxxxxxxxxxxxxxxxxxxxxxxxxxxxxx
40: MEM Wr Req: addr=800019c0 tag=62 byteen=0000000f00000000 data=xxxxxxxxxxxxxxxxxxxxxxxxxxxxxxxxxxxxxxxxxxxxxxxxxxxxxxxx00000001xxxxxxxxxxxxxxxxxxxxxxxxxxxxxxxxxxxxxxxxxxxxxxxxxxxxxxxxxxxxxxxx
41: MEM Wr Req: addr=800019c0 tag=62 byteen=000000f000000000 data=xxxxxxxxxxxxxxxxxxxxxxxxxxxxxxxxxxxxxxxxxxxxxxxx8000042cxxxxxxxxxxxxxxxxxxxxxxxxxxxxxxxxxxxxxxxxxxxxxxxxxxxxxxxxxxxxxxxxxxxxxxxx
42: MEM Rd Req: addr=800003c0 tag=0
43: MEM Rsp: tag=0 data=0000049388840413020900634029591340f9093388c90913888407938000293780002437fe9918e3000780e70044041300148493000427830000049388840413
44: MEM Rd Req: addr=80000400 tag=0
45: MEM Rsp: tag=0 data=88c4041380002437800027b700812423ff010113000080670101011300012903004124830081240300c12083fe9918e3000780e7004404130014849300042783
46: MEM Rd Req: addr=80001880 tag=42
47: MEM Rsp: tag=42 data=000000000000000000000000000000000000000000000000000000000000000080001c4c80001be480001b7c00000000baadf00d800000a8baadf00dbaadf00d
48: MEM Rd Req: addr=80000080 tag=0
49: MEM Rsp: tag=0 data=000080673d00006f42c5051380000537000788630000079300008067fec798e300d720230047879300f587330007a68340d585b30006879300d6063300279613
50: MEM Rd Req: addr=7ffff000 tag=2

memory read request transactions:
1: MEM Rd Req: addr=80000000 tag=0
2: MEM Rd Req: addr=800000c0 tag=0
3: MEM Rd Req: addr=80000100 tag=0
4: MEM Rd Req: addr=80000300 tag=0
5: MEM Rd Req: addr=80000340 tag=0
6: MEM Rd Req: addr=800004c0 tag=0
7: MEM Rd Req: addr=80000540 tag=0
8: MEM Rd Req: addr=80000500 tag=0
9: MEM Rd Req: addr=800005c0 tag=0
10: MEM Rd Req: addr=80000600 tag=0
11: MEM Rd Req: addr=80000640 tag=0
12: MEM Rd Req: addr=80000680 tag=0
13: MEM Rd Req: addr=80000380 tag=0
14: MEM Rd Req: addr=80000040 tag=0
15: MEM Rd Req: addr=80000480 tag=0
16: MEM Rd Req: addr=800006c0 tag=0
17: MEM Rd Req: addr=80001c80 tag=42
18: MEM Rd Req: addr=800019c0 tag=62
19: MEM Rd Req: addr=80000700 tag=0
20: MEM Rd Req: addr=800003c0 tag=0
21: MEM Rd Req: addr=80000400 tag=0
22: MEM Rd Req: addr=80001880 tag=42
23: MEM Rd Req: addr=80000080 tag=0
24: MEM Rd Req: addr=7ffff000 tag=2

memory write request transactions:
1: MEM Wr Req: addr=800019c0 tag=62 byteen=000000000f000000 data=xxxxxxxxxxxxxxxxxxxxxxxxxxxxxxxxxxxxxxxxxxxxxxxxxxxxxxxxxxxxxxxxxxxxxxxx800019dcxxxxxxxxxxxxxxxxxxxxxxxxxxxxxxxxxxxxxxxxxxxxxxxx
2: MEM Wr Req: addr=800019c0 tag=62 byteen=0000000f00000000 data=xxxxxxxxxxxxxxxxxxxxxxxxxxxxxxxxxxxxxxxxxxxxxxxxxxxxxxxx00000001xxxxxxxxxxxxxxxxxxxxxxxxxxxxxxxxxxxxxxxxxxxxxxxxxxxxxxxxxxxxxxxx
3: MEM Wr Req: addr=800019c0 tag=62 byteen=000000f000000000 data=xxxxxxxxxxxxxxxxxxxxxxxxxxxxxxxxxxxxxxxxxxxxxxxx8000042cxxxxxxxxxxxxxxxxxxxxxxxxxxxxxxxxxxxxxxxxxxxxxxxxxxxxxxxxxxxxxxxxxxxxxxxx

memory response transactions:
1: MEM Rsp: tag=0 data=c8450513000025170005006b00100513308000ef00b5106b3145859300000597fc1025730005006b001005130c4000ef00b5106b0d05859300000597fc102573
2: MEM Rsp: tag=0 data=0000221702b505330000059340b1013300a51593cc202573ff000137fb418193000021970005006bfff005130005006b000005130004019305c000ef00050413
3: MEM Rsp: tag=0 data=00e7a223b010277300e7a023b00027730087979300e787b300ff0737cc5027f3000080670005006b0000051300068663cc3026f3fc02721300a20233bff20213
4: MEM Rsp: tag=0 data=0081242300112623ff010113000080670ee7ae23b9f027730ee7ac23b9e027730ee7aa23b9d027730ee7a823b9c027730ee7a623b9b027730ee7a423b9a02773
5: MEM Rsp: tag=0 data=0007806b0017b793cc3027f327c000ef00a40533000005930000061300000513174000ef00020413888585930000061300020513800025b70007806bfff00793
6: MEM Rsp: tag=0 data=08f76c63fe060793ffc8f61306079863000507130035779304c7fe63003007930607926300c508b30037f79300a5c7b3bf5ff0ef00040513000780e700078463
7: MEM Rsp: tag=0 data=001707130005c683f80780e300158593fed70fa300377793001707130005c68300008067ff1768e3fef70fa300158593001707130005c783ff157ce300050713
8: MEM Rsp: tag=0 data=000080670117686300f585b300f7073300478793ffc7f79340e787b3fff60793fec7e8e3ff07ae2300468693004787930006a803000707930005869302c77c63
9: MEM Rsp: tag=0 data=0a07906300f7779302c37e630005071300f00313f19ff06ffaf768e3024585930247071302d7202301072e2300672c2301c72a2301d7282301e7262301f72423
10: MEM Rsp: tag=0 data=005686b3000002970026969340c306b30000806700061463fed766e30107071300b7262300b7242300b7222300b7202300e686b300f67613ff06769308059263
11: MEM Rsp: tag=0 data=00b7002300b700a300b7012300b701a300b7022300b702a300b7032300b703a300b7042300b704a300b7052300b705a300b7062300b706a300b7072300c68067
12: MEM Rsp: tag=0 data=00f6063340f70733ff07879300028093fa0680e700008293005686b30000029700279693f6dff06f00d5e5b30105969300d5e5b3008596930ff5f59300008067
13: MEM Rsp: tag=0 data=0209006340295913009122230011262340f90933888909138884079380002937800024370121202300812423ff01011300008067010101130081240300c12083
14: MEM Rsp: tag=0 data=020784630087258300472683000727837ffff7374340006f008000ef330000ef42c000ef3d8505130000051759c000ef0000059340a60633c7c6061300002617
15: MEM Rsp: tag=0 data=03c52783cb87a503800027b72b4000ef00050413001126230081242300000593ff0101132300006f000005130000061300000693000505930000806701010113
16: MEM Rsp: tag=0 data=00e61633001006131887a88308c3242301078333020506630027181306e84e6301f008130047a70304078c6314872783cb87a703800027b7f3dff06ff6c378e3
17: MEM Rsp: tag=42 data=baadf00d800018900000000000000000000000000000000000000000000000000000000000000000000000000000000000000000000000000000000000000000
18: MEM Rsp: tag=62 data=00000000000000000000000000000000000000000000000000000000000000000000000000000000000000000000000000000000000000000000000000000000
19: MEM Rsp: tag=0 data=0017071318c7a683fa5ff06f14f7242314c70793000080670000051300b7a423010787b300e7a2230017071302d504630020069310d324231917a42300c8e8b3
20: MEM Rsp: tag=0 data=0000049388840413020900634029591340f9093388c90913888407938000293780002437fe9918e3000780e70044041300148493000427830000049388840413
21: MEM Rsp: tag=0 data=88c4041380002437800027b700812423ff010113000080670101011300012903004124830081240300c12083fe9918e3000780e7004404130014849300042783
22: MEM Rsp: tag=42 data=000000000000000000000000000000000000000000000000000000000000000080001c4c80001be480001b7c00000000baadf00d800000a8baadf00dbaadf00d
23: MEM Rsp: tag=0 data=000080673d00006f42c5051380000537000788630000079300008067fec798e300d720230047879300f587330007a68340d585b30006879300d6063300279613

