all memory transactions:
1: MEM Rd Req: addr=80000000 tag=0
2: MEM Rsp: tag=0 data=00000813000007930000071300000693000006130000059300000513000004930000041300000393000003130000029300000213000001930000011300000093
3: MEM Rd Req: addr=80000040 tag=0
4: MEM Rsp: tag=0 data=0001e2b700000f9300000f1300000e9300000e1300000d9300000d1300000c9300000c1300000b9300000b1300000a9300000a13000009930000091300000893
5: MEM Rd Req: addr=80000080 tag=0
6: MEM Rsp: tag=0 data=f1402573fc027213883182138101819300005197305290730402829300000297ff5ff06ff6a2a62300001297001005130002ca6301f29293001002933002a073
7: MEM Rd Req: addr=800000c0 tag=0
8: MEM Rsp: tag=0 data=00712e2300612c2300512a2300412823003126230021242300112223ef0101130490206f00c202330115161300410133011111130015011300b5706300100593
9: MEM Rd Req: addr=80002900 tag=0
10: MEM Rsp: tag=0 data=09312623798a0a1300001a17094124237a47879300001797f60101130000806700008067fec7ece3fee7ae230047879300050793fec574e300f7673301071793
11: MEM Wr Req: addr=800240c0 tag=62 byteen=00000f0000000000 data=xxxxxxxxxxxxxxxxxxxxxxxxxxxxxxxxxxxxxxxx00000000xxxxxxxxxxxxxxxxxxxxxxxxxxxxxxxxxxxxxxxxxxxxxxxxxxxxxxxxxxxxxxxxxxxxxxxxxxxxxxxx
12: MEM Rd Req: addr=80002940 tag=0
13: MEM Wr Req: addr=800240c0 tag=62 byteen=0000f00000000000 data=xxxxxxxxxxxxxxxxxxxxxxxxxxxxxxxx00000000xxxxxxxxxxxxxxxxxxxxxxxxxxxxxxxxxxxxxxxxxxxxxxxxxxxxxxxxxxxxxxxxxxxxxxxxxxxxxxxxxxxxxxxx
14: MEM Rsp: tag=0 data=000005934146063388818613efdff0ef00020a930951222308812c2308112e2300098613000785930002051300058913000504930921282308912a2340fa09b3
15: MEM Wr Req: addr=800240c0 tag=62 byteen=00f0000000000000 data=xxxxxxxxxxxxxxxx00000000xxxxxxxxxxxxxxxxxxxxxxxxxxxxxxxxxxxxxxxxxxxxxxxxxxxxxxxxxxxxxxxxxxxxxxxxxxxxxxxxxxxxxxxxxxxxxxxxxxxxxxxx
16: MEM Wr Req: addr=800240c0 tag=62 byteen=000f000000000000 data=xxxxxxxxxxxxxxxxxxxxxxxx00000000xxxxxxxxxxxxxxxxxxxxxxxxxxxxxxxxxxxxxxxxxxxxxxxxxxxxxxxxxxxxxxxxxxxxxxxxxxxxxxxxxxxxxxxxxxxxxxxx
17: MEM Wr Req: addr=800240c0 tag=62 byteen=f000000000000000 data=00000000xxxxxxxxxxxxxxxxxxxxxxxxxxxxxxxxxxxxxxxxxxxxxxxxxxxxxxxxxxxxxxxxxxxxxxxxxxxxxxxxxxxxxxxxxxxxxxxxxxxxxxxxxxxxxxxxxxxxxxxx
18: MEM Wr Req: addr=800240c0 tag=62 byteen=0f00000000000000 data=xxxxxxxx00000000xxxxxxxxxxxxxxxxxxxxxxxxxxxxxxxxxxxxxxxxxxxxxxxxxxxxxxxxxxxxxxxxxxxxxxxxxxxxxxxxxxxxxxxxxxxxxxxxxxxxxxxxxxxxxxxx
19: MEM Wr Req: addr=800240c0 tag=62 byteen=000000f000000000 data=xxxxxxxxxxxxxxxxxxxxxxxxxxxxxxxxxxxxxxxxxxxxxxxx00000000xxxxxxxxxxxxxxxxxxxxxxxxxxxxxxxxxxxxxxxxxxxxxxxxxxxxxxxxxxxxxxxxxxxxxxxx
20: MEM Rd Req: addr=80002840 tag=0
21: MEM Rsp: tag=0 data=0207846300c506b30037f79300f567b300c5e7b30000806705010113028124034085053302c1208300c125030007802300c12783fe4ff0ef00612e2305112623
22: MEM Rd Req: addr=80002880 tag=0
23: MEM Rsp: tag=0 data=fed7e8e3fee7ae2300458593004787930005a70300050793fed57ee300008067feb618e3fee78fa300178793001585930005c70302d57e630005079300c58633
24: MEM Rd Req: addr=80002980 tag=0
25: MEM Rsp: tag=0 data=004926830406946300050493fc04741303f1041300092683724909130000191765d000ef0000051300000593da5ff0ef0004851300090593f45ff0ef013a8533
26: MEM Rd Req: addr=800028c0 tag=0
27: MEM Rsp: tag=0 data=00e5e733008597130ff5f59300008067fef61ce3feb78fa30017879304c57063000507930ff5f5930207806300c506330037f79300c567b30000806700008067
28: MEM Wr Req: addr=80004100 tag=2 byteen=000000000000000f data=xxxxxxxxxxxxxxxxxxxxxxxxxxxxxxxxxxxxxxxxxxxxxxxxxxxxxxxxxxxxxxxxxxxxxxxxxxxxxxxxxxxxxxxxxxxxxxxxxxxxxxxxxxxxxxxxxxxxxxxx00000000
29: MEM Wr Req: addr=80004100 tag=2 byteen=00000000000000f0 data=xxxxxxxxxxxxxxxxxxxxxxxxxxxxxxxxxxxxxxxxxxxxxxxxxxxxxxxxxxxxxxxxxxxxxxxxxxxxxxxxxxxxxxxxxxxxxxxxxxxxxxxxxxxxxxxx00000000xxxxxxxx
30: MEM Wr Req: addr=80004100 tag=2 byteen=0000000000000f00 data=xxxxxxxxxxxxxxxxxxxxxxxxxxxxxxxxxxxxxxxxxxxxxxxxxxxxxxxxxxxxxxxxxxxxxxxxxxxxxxxxxxxxxxxxxxxxxxxxxxxxxxxx00000000xxxxxxxxxxxxxxxx
31: MEM Wr Req: addr=80004100 tag=2 byteen=000000000000f000 data=xxxxxxxxxxxxxxxxxxxxxxxxxxxxxxxxxxxxxxxxxxxxxxxxxxxxxxxxxxxxxxxxxxxxxxxxxxxxxxxxxxxxxxxxxxxxxxxx00000000xxxxxxxxxxxxxxxxxxxxxxxx
32: MEM Wr Req: addr=80004100 tag=2 byteen=00000000000f0000 data=xxxxxxxxxxxxxxxxxxxxxxxxxxxxxxxxxxxxxxxxxxxxxxxxxxxxxxxxxxxxxxxxxxxxxxxxxxxxxxxxxxxxxxxx00000000xxxxxxxxxxxxxxxxxxxxxxxxxxxxxxxx
33: MEM Wr Req: addr=80004100 tag=2 byteen=0000000000f00000 data=xxxxxxxxxxxxxxxxxxxxxxxxxxxxxxxxxxxxxxxxxxxxxxxxxxxxxxxxxxxxxxxxxxxxxxxxxxxxxxxx00000000xxxxxxxxxxxxxxxxxxxxxxxxxxxxxxxxxxxxxxxx
34: MEM Wr Req: addr=80004100 tag=2 byteen=000000000f000000 data=xxxxxxxxxxxxxxxxxxxxxxxxxxxxxxxxxxxxxxxxxxxxxxxxxxxxxxxxxxxxxxxxxxxxxxxx00000000xxxxxxxxxxxxxxxxxxxxxxxxxxxxxxxxxxxxxxxxxxxxxxxx
35: MEM Wr Req: addr=80004100 tag=2 byteen=00000000f0000000 data=xxxxxxxxxxxxxxxxxxxxxxxxxxxxxxxxxxxxxxxxxxxxxxxxxxxxxxxxxxxxxxxx00000000xxxxxxxxxxxxxxxxxxxxxxxxxxxxxxxxxxxxxxxxxxxxxxxxxxxxxxxx
36: MEM Wr Req: addr=80004100 tag=2 byteen=0000000f00000000 data=xxxxxxxxxxxxxxxxxxxxxxxxxxxxxxxxxxxxxxxxxxxxxxxxxxxxxxxx00000000xxxxxxxxxxxxxxxxxxxxxxxxxxxxxxxxxxxxxxxxxxxxxxxxxxxxxxxxxxxxxxxx
37: MEM Wr Req: addr=80004100 tag=2 byteen=000000f000000000 data=xxxxxxxxxxxxxxxxxxxxxxxxxxxxxxxxxxxxxxxxxxxxxxxx00000000xxxxxxxxxxxxxxxxxxxxxxxxxxxxxxxxxxxxxxxxxxxxxxxxxxxxxxxxxxxxxxxxxxxxxxxx
38: MEM Wr Req: addr=80004100 tag=2 byteen=00000f0000000000 data=xxxxxxxxxxxxxxxxxxxxxxxxxxxxxxxxxxxxxxxx00000000xxxxxxxxxxxxxxxxxxxxxxxxxxxxxxxxxxxxxxxxxxxxxxxxxxxxxxxxxxxxxxxxxxxxxxxxxxxxxxxx
39: MEM Wr Req: addr=80004100 tag=2 byteen=0000f00000000000 data=xxxxxxxxxxxxxxxxxxxxxxxxxxxxxxxx00000000xxxxxxxxxxxxxxxxxxxxxxxxxxxxxxxxxxxxxxxxxxxxxxxxxxxxxxxxxxxxxxxxxxxxxxxxxxxxxxxxxxxxxxxx
40: MEM Wr Req: addr=80004100 tag=2 byteen=000f000000000000 data=xxxxxxxxxxxxxxxxxxxxxxxx00000000xxxxxxxxxxxxxxxxxxxxxxxxxxxxxxxxxxxxxxxxxxxxxxxxxxxxxxxxxxxxxxxxxxxxxxxxxxxxxxxxxxxxxxxxxxxxxxxx
41: MEM Wr Req: addr=80004100 tag=2 byteen=00f0000000000000 data=xxxxxxxxxxxxxxxx00000000xxxxxxxxxxxxxxxxxxxxxxxxxxxxxxxxxxxxxxxxxxxxxxxxxxxxxxxxxxxxxxxxxxxxxxxxxxxxxxxxxxxxxxxxxxxxxxxxxxxxxxxx
42: MEM Wr Req: addr=80004100 tag=2 byteen=0f00000000000000 data=xxxxxxxx00000000xxxxxxxxxxxxxxxxxxxxxxxxxxxxxxxxxxxxxxxxxxxxxxxxxxxxxxxxxxxxxxxxxxxxxxxxxxxxxxxxxxxxxxxxxxxxxxxxxxxxxxxxxxxxxxxx
43: MEM Wr Req: addr=80004100 tag=2 byteen=f000000000000000 data=00000000xxxxxxxxxxxxxxxxxxxxxxxxxxxxxxxxxxxxxxxxxxxxxxxxxxxxxxxxxxxxxxxxxxxxxxxxxxxxxxxxxxxxxxxxxxxxxxxxxxxxxxxxxxxxxxxxxxxxxxxx
44: MEM Wr Req: addr=80004140 tag=22 byteen=000000000000000f data=xxxxxxxxxxxxxxxxxxxxxxxxxxxxxxxxxxxxxxxxxxxxxxxxxxxxxxxxxxxxxxxxxxxxxxxxxxxxxxxxxxxxxxxxxxxxxxxxxxxxxxxxxxxxxxxxxxxxxxxx00000000
45: MEM Wr Req: addr=80004140 tag=22 byteen=00000000000000f0 data=xxxxxxxxxxxxxxxxxxxxxxxxxxxxxxxxxxxxxxxxxxxxxxxxxxxxxxxxxxxxxxxxxxxxxxxxxxxxxxxxxxxxxxxxxxxxxxxxxxxxxxxxxxxxxxxx00000000xxxxxxxx
46: MEM Wr Req: addr=80004140 tag=22 byteen=0000000000000f00 data=xxxxxxxxxxxxxxxxxxxxxxxxxxxxxxxxxxxxxxxxxxxxxxxxxxxxxxxxxxxxxxxxxxxxxxxxxxxxxxxxxxxxxxxxxxxxxxxxxxxxxxxx00000000xxxxxxxxxxxxxxxx
47: MEM Wr Req: addr=80004140 tag=22 byteen=000000000000f000 data=xxxxxxxxxxxxxxxxxxxxxxxxxxxxxxxxxxxxxxxxxxxxxxxxxxxxxxxxxxxxxxxxxxxxxxxxxxxxxxxxxxxxxxxxxxxxxxxx00000000xxxxxxxxxxxxxxxxxxxxxxxx
48: MEM Wr Req: addr=80004140 tag=22 byteen=00000000000f0000 data=xxxxxxxxxxxxxxxxxxxxxxxxxxxxxxxxxxxxxxxxxxxxxxxxxxxxxxxxxxxxxxxxxxxxxxxxxxxxxxxxxxxxxxxx00000000xxxxxxxxxxxxxxxxxxxxxxxxxxxxxxxx
49: MEM Wr Req: addr=80004140 tag=22 byteen=0000000000f00000 data=xxxxxxxxxxxxxxxxxxxxxxxxxxxxxxxxxxxxxxxxxxxxxxxxxxxxxxxxxxxxxxxxxxxxxxxxxxxxxxxx00000000xxxxxxxxxxxxxxxxxxxxxxxxxxxxxxxxxxxxxxxx
50: MEM Wr Req: addr=80004140 tag=22 byteen=000000000f000000 data=xxxxxxxxxxxxxxxxxxxxxxxxxxxxxxxxxxxxxxxxxxxxxxxxxxxxxxxxxxxxxxxxxxxxxxxx00000000xxxxxxxxxxxxxxxxxxxxxxxxxxxxxxxxxxxxxxxxxxxxxxxx
51: MEM Wr Req: addr=80004140 tag=22 byteen=00000000f0000000 data=xxxxxxxxxxxxxxxxxxxxxxxxxxxxxxxxxxxxxxxxxxxxxxxxxxxxxxxxxxxxxxxx00000000xxxxxxxxxxxxxxxxxxxxxxxxxxxxxxxxxxxxxxxxxxxxxxxxxxxxxxxx
52: MEM Wr Req: addr=80004140 tag=22 byteen=0000000f00000000 data=xxxxxxxxxxxxxxxxxxxxxxxxxxxxxxxxxxxxxxxxxxxxxxxxxxxxxxxx00000000xxxxxxxxxxxxxxxxxxxxxxxxxxxxxxxxxxxxxxxxxxxxxxxxxxxxxxxxxxxxxxxx
53: MEM Wr Req: addr=80004140 tag=22 byteen=000000f000000000 data=xxxxxxxxxxxxxxxxxxxxxxxxxxxxxxxxxxxxxxxxxxxxxxxx00000000xxxxxxxxxxxxxxxxxxxxxxxxxxxxxxxxxxxxxxxxxxxxxxxxxxxxxxxxxxxxxxxxxxxxxxxx
54: MEM Wr Req: addr=80004140 tag=22 byteen=00000f0000000000 data=xxxxxxxxxxxxxxxxxxxxxxxxxxxxxxxxxxxxxxxx00000000xxxxxxxxxxxxxxxxxxxxxxxxxxxxxxxxxxxxxxxxxxxxxxxxxxxxxxxxxxxxxxxxxxxxxxxxxxxxxxxx
55: MEM Wr Req: addr=80004140 tag=22 byteen=0000f00000000000 data=xxxxxxxxxxxxxxxxxxxxxxxxxxxxxxxx00000000xxxxxxxxxxxxxxxxxxxxxxxxxxxxxxxxxxxxxxxxxxxxxxxxxxxxxxxxxxxxxxxxxxxxxxxxxxxxxxxxxxxxxxxx
56: MEM Wr Req: addr=80004140 tag=22 byteen=000f000000000000 data=xxxxxxxxxxxxxxxxxxxxxxxx00000000xxxxxxxxxxxxxxxxxxxxxxxxxxxxxxxxxxxxxxxxxxxxxxxxxxxxxxxxxxxxxxxxxxxxxxxxxxxxxxxxxxxxxxxxxxxxxxxx
57: MEM Wr Req: addr=80004140 tag=22 byteen=00f0000000000000 data=xxxxxxxxxxxxxxxx00000000xxxxxxxxxxxxxxxxxxxxxxxxxxxxxxxxxxxxxxxxxxxxxxxxxxxxxxxxxxxxxxxxxxxxxxxxxxxxxxxxxxxxxxxxxxxxxxxxxxxxxxxx
58: MEM Rd Req: addr=80002700 tag=0
59: MEM Rsp: tag=0 data=fd0101130000806700051063e11ff06f000005930000069300000613e21ff06f000005930000069340a60633fe079ce300160613001647830005061302078263
60: MEM Rd Req: addr=800037c0 tag=0
61: MEM Rsp: tag=0 data=1a812423e5010113cd1ff06f0065d5b300e7e5330067573301c597b340a585b3411585b300e5353340e507330006071340e888b301e7073300c7373340c70633
62: MEM Rd Req: addr=80003800 tag=0
63: MEM Wr Req: addr=80024040 tag=22 byteen=000000000f000000 data=xxxxxxxxxxxxxxxxxxxxxxxxxxxxxxxxxxxxxxxxxxxxxxxxxxxxxxxxxxxxxxxxxxxxxxxx00000000xxxxxxxxxxxxxxxxxxxxxxxxxxxxxxxxxxxxxxxxxxxxxxxx
64: MEM Rsp: tag=0 data=0004049300090993000b0a1300090a931a11262319512a2319412c2319312e231a91222300010b133fc40413000004175949091300000917196128231b212023
65: MEM Wr Req: addr=80024040 tag=22 byteen=00000000000f0000 data=xxxxxxxxxxxxxxxxxxxxxxxxxxxxxxxxxxxxxxxxxxxxxxxxxxxxxxxxxxxxxxxxxxxxxxxxxxxxxxxxxxxxxxxx00000001xxxxxxxxxxxxxxxxxxxxxxxxxxxxxxxx
66: MEM Wr Req: addr=80024040 tag=22 byteen=000000000000000f data=xxxxxxxxxxxxxxxxxxxxxxxxxxxxxxxxxxxxxxxxxxxxxxxxxxxxxxxxxxxxxxxxxxxxxxxxxxxxxxxxxxxxxxxxxxxxxxxxxxxxxxxxxxxxxxxxxxxxxxxx00000000
67: MEM Wr Req: addr=80024040 tag=22 byteen=0000000000f00000 data=xxxxxxxxxxxxxxxxxxxxxxxxxxxxxxxxxxxxxxxxxxxxxxxxxxxxxxxxxxxxxxxxxxxxxxxxxxxxxxxx00000000xxxxxxxxxxxxxxxxxxxxxxxxxxxxxxxxxxxxxxxx
68: MEM Wr Req: addr=80024040 tag=22 byteen=000000000000f000 data=xxxxxxxxxxxxxxxxxxxxxxxxxxxxxxxxxxxxxxxxxxxxxxxxxxxxxxxxxxxxxxxxxxxxxxxxxxxxxxxxxxxxxxxxxxxxxxxx00000000xxxxxxxxxxxxxxxxxxxxxxxx
69: MEM Wr Req: addr=80024040 tag=22 byteen=0000000000000f00 data=xxxxxxxxxxxxxxxxxxxxxxxxxxxxxxxxxxxxxxxxxxxxxxxxxxxxxxxxxxxxxxxxxxxxxxxxxxxxxxxxxxxxxxxxxxxxxxxxxxxxxxxx800040ccxxxxxxxxxxxxxxxx
70: MEM Wr Req: addr=80024040 tag=22 byteen=00000000000000f0 data=xxxxxxxxxxxxxxxxxxxxxxxxxxxxxxxxxxxxxxxxxxxxxxxxxxxxxxxxxxxxxxxxxxxxxxxxxxxxxxxxxxxxxxxxxxxxxxxxxxxxxxxxxxxxxxxx80004100xxxxxxxx
71: MEM Wr Req: addr=80024040 tag=22 byteen=00000000f0000000 data=xxxxxxxxxxxxxxxxxxxxxxxxxxxxxxxxxxxxxxxxxxxxxxxxxxxxxxxxxxxxxxxx800029a0xxxxxxxxxxxxxxxxxxxxxxxxxxxxxxxxxxxxxxxxxxxxxxxxxxxxxxxx
72: MEM Rd Req: addr=80003840 tag=0
73: MEM Rsp: tag=0 data=f84fe0ef00490913004404130004250300092583000b0493dddfe0ef00100513ff5492e3004a0a1300aa2023fb0fe0ef00498993004484930004a5030009a583
74: MEM Rd Req: addr=80003d80 tag=42
75: MEM Rd Req: addr=80003c00 tag=2
76: MEM Rsp: tag=42 data=00000289000003e50000015e000003d30000023600000289000003c00000021f000000c300000184000003d900000250000003a5000001390000033a00000148
77: MEM Rsp: tag=2 data=000000840000023c0000015e0000016d000002ed000003dd000000bb00000001000002340000014f00000341000001c6000000290000000000000410fffff7e8
78: MEM Rd Req: addr=80002000 tag=0
79: MEM Rsp: tag=0 data=14812423fffc879340000cb713912223eb01011300008067fe0694e3001595934017571300b5053300078463fff6869300177793000005130200069300050713
80: MEM Wr Req: addr=80023e80 tag=42 byteen=000f000000000000 data=xxxxxxxxxxxxxxxxxxxxxxxx00001f3bxxxxxxxxxxxxxxxxxxxxxxxxxxxxxxxxxxxxxxxxxxxxxxxxxxxxxxxxxxxxxxxxxxxxxxxxxxxxxxxxxxxxxxxxxxxxxxxx
81: MEM Wr Req: addr=80023e80 tag=42 byteen=00f0000000000000 data=xxxxxxxxxxxxxxxx0003c2faxxxxxxxxxxxxxxxxxxxxxxxxxxxxxxxxxxxxxxxxxxxxxxxxxxxxxxxxxxxxxxxxxxxxxxxxxxxxxxxxxxxxxxxxxxxxxxxxxxxxxxxx
82: MEM Wr Req: addr=80023e80 tag=42 byteen=0f00000000000000 data=xxxxxxxx000c33c0xxxxxxxxxxxxxxxxxxxxxxxxxxxxxxxxxxxxxxxxxxxxxxxxxxxxxxxxxxxxxxxxxxxxxxxxxxxxxxxxxxxxxxxxxxxxxxxxxxxxxxxxxxxxxxxx
83: MEM Wr Req: addr=80023e80 tag=42 byteen=f000000000000000 data=00035147xxxxxxxxxxxxxxxxxxxxxxxxxxxxxxxxxxxxxxxxxxxxxxxxxxxxxxxxxxxxxxxxxxxxxxxxxxxxxxxxxxxxxxxxxxxxxxxxxxxxxxxxxxxxxxxxxxxxxxxx

memory read request transactions:
1: MEM Rd Req: addr=80000000 tag=0
2: MEM Rd Req: addr=80000040 tag=0
3: MEM Rd Req: addr=80000080 tag=0
4: MEM Rd Req: addr=800000c0 tag=0
5: MEM Rd Req: addr=80002900 tag=0
6: MEM Rd Req: addr=80002940 tag=0
7: MEM Rd Req: addr=80002840 tag=0
8: MEM Rd Req: addr=80002880 tag=0
9: MEM Rd Req: addr=80002980 tag=0
10: MEM Rd Req: addr=800028c0 tag=0
11: MEM Rd Req: addr=80002700 tag=0
12: MEM Rd Req: addr=800037c0 tag=0
13: MEM Rd Req: addr=80003800 tag=0
14: MEM Rd Req: addr=80003840 tag=0
15: MEM Rd Req: addr=80003d80 tag=42
16: MEM Rd Req: addr=80003c00 tag=2
17: MEM Rd Req: addr=80002000 tag=0

memory write request transactions:
1: MEM Wr Req: addr=800240c0 tag=62 byteen=00000f0000000000 data=xxxxxxxxxxxxxxxxxxxxxxxxxxxxxxxxxxxxxxxx00000000xxxxxxxxxxxxxxxxxxxxxxxxxxxxxxxxxxxxxxxxxxxxxxxxxxxxxxxxxxxxxxxxxxxxxxxxxxxxxxxx
2: MEM Wr Req: addr=800240c0 tag=62 byteen=0000f00000000000 data=xxxxxxxxxxxxxxxxxxxxxxxxxxxxxxxx00000000xxxxxxxxxxxxxxxxxxxxxxxxxxxxxxxxxxxxxxxxxxxxxxxxxxxxxxxxxxxxxxxxxxxxxxxxxxxxxxxxxxxxxxxx
3: MEM Wr Req: addr=800240c0 tag=62 byteen=00f0000000000000 data=xxxxxxxxxxxxxxxx00000000xxxxxxxxxxxxxxxxxxxxxxxxxxxxxxxxxxxxxxxxxxxxxxxxxxxxxxxxxxxxxxxxxxxxxxxxxxxxxxxxxxxxxxxxxxxxxxxxxxxxxxxx
4: MEM Wr Req: addr=800240c0 tag=62 byteen=000f000000000000 data=xxxxxxxxxxxxxxxxxxxxxxxx00000000xxxxxxxxxxxxxxxxxxxxxxxxxxxxxxxxxxxxxxxxxxxxxxxxxxxxxxxxxxxxxxxxxxxxxxxxxxxxxxxxxxxxxxxxxxxxxxxx
5: MEM Wr Req: addr=800240c0 tag=62 byteen=f000000000000000 data=00000000xxxxxxxxxxxxxxxxxxxxxxxxxxxxxxxxxxxxxxxxxxxxxxxxxxxxxxxxxxxxxxxxxxxxxxxxxxxxxxxxxxxxxxxxxxxxxxxxxxxxxxxxxxxxxxxxxxxxxxxx
6: MEM Wr Req: addr=800240c0 tag=62 byteen=0f00000000000000 data=xxxxxxxx00000000xxxxxxxxxxxxxxxxxxxxxxxxxxxxxxxxxxxxxxxxxxxxxxxxxxxxxxxxxxxxxxxxxxxxxxxxxxxxxxxxxxxxxxxxxxxxxxxxxxxxxxxxxxxxxxxx
7: MEM Wr Req: addr=800240c0 tag=62 byteen=000000f000000000 data=xxxxxxxxxxxxxxxxxxxxxxxxxxxxxxxxxxxxxxxxxxxxxxxx00000000xxxxxxxxxxxxxxxxxxxxxxxxxxxxxxxxxxxxxxxxxxxxxxxxxxxxxxxxxxxxxxxxxxxxxxxx
8: MEM Wr Req: addr=80004100 tag=2 byteen=000000000000000f data=xxxxxxxxxxxxxxxxxxxxxxxxxxxxxxxxxxxxxxxxxxxxxxxxxxxxxxxxxxxxxxxxxxxxxxxxxxxxxxxxxxxxxxxxxxxxxxxxxxxxxxxxxxxxxxxxxxxxxxxx00000000
9: MEM Wr Req: addr=80004100 tag=2 byteen=00000000000000f0 data=xxxxxxxxxxxxxxxxxxxxxxxxxxxxxxxxxxxxxxxxxxxxxxxxxxxxxxxxxxxxxxxxxxxxxxxxxxxxxxxxxxxxxxxxxxxxxxxxxxxxxxxxxxxxxxxx00000000xxxxxxxx
10: MEM Wr Req: addr=80004100 tag=2 byteen=0000000000000f00 data=xxxxxxxxxxxxxxxxxxxxxxxxxxxxxxxxxxxxxxxxxxxxxxxxxxxxxxxxxxxxxxxxxxxxxxxxxxxxxxxxxxxxxxxxxxxxxxxxxxxxxxxx00000000xxxxxxxxxxxxxxxx
11: MEM Wr Req: addr=80004100 tag=2 byteen=000000000000f000 data=xxxxxxxxxxxxxxxxxxxxxxxxxxxxxxxxxxxxxxxxxxxxxxxxxxxxxxxxxxxxxxxxxxxxxxxxxxxxxxxxxxxxxxxxxxxxxxxx00000000xxxxxxxxxxxxxxxxxxxxxxxx
12: MEM Wr Req: addr=80004100 tag=2 byteen=00000000000f0000 data=xxxxxxxxxxxxxxxxxxxxxxxxxxxxxxxxxxxxxxxxxxxxxxxxxxxxxxxxxxxxxxxxxxxxxxxxxxxxxxxxxxxxxxxx00000000xxxxxxxxxxxxxxxxxxxxxxxxxxxxxxxx
13: MEM Wr Req: addr=80004100 tag=2 byteen=0000000000f00000 data=xxxxxxxxxxxxxxxxxxxxxxxxxxxxxxxxxxxxxxxxxxxxxxxxxxxxxxxxxxxxxxxxxxxxxxxxxxxxxxxx00000000xxxxxxxxxxxxxxxxxxxxxxxxxxxxxxxxxxxxxxxx
14: MEM Wr Req: addr=80004100 tag=2 byteen=000000000f000000 data=xxxxxxxxxxxxxxxxxxxxxxxxxxxxxxxxxxxxxxxxxxxxxxxxxxxxxxxxxxxxxxxxxxxxxxxx00000000xxxxxxxxxxxxxxxxxxxxxxxxxxxxxxxxxxxxxxxxxxxxxxxx
15: MEM Wr Req: addr=80004100 tag=2 byteen=00000000f0000000 data=xxxxxxxxxxxxxxxxxxxxxxxxxxxxxxxxxxxxxxxxxxxxxxxxxxxxxxxxxxxxxxxx00000000xxxxxxxxxxxxxxxxxxxxxxxxxxxxxxxxxxxxxxxxxxxxxxxxxxxxxxxx
16: MEM Wr Req: addr=80004100 tag=2 byteen=0000000f00000000 data=xxxxxxxxxxxxxxxxxxxxxxxxxxxxxxxxxxxxxxxxxxxxxxxxxxxxxxxx00000000xxxxxxxxxxxxxxxxxxxxxxxxxxxxxxxxxxxxxxxxxxxxxxxxxxxxxxxxxxxxxxxx
17: MEM Wr Req: addr=80004100 tag=2 byteen=000000f000000000 data=xxxxxxxxxxxxxxxxxxxxxxxxxxxxxxxxxxxxxxxxxxxxxxxx00000000xxxxxxxxxxxxxxxxxxxxxxxxxxxxxxxxxxxxxxxxxxxxxxxxxxxxxxxxxxxxxxxxxxxxxxxx
18: MEM Wr Req: addr=80004100 tag=2 byteen=00000f0000000000 data=xxxxxxxxxxxxxxxxxxxxxxxxxxxxxxxxxxxxxxxx00000000xxxxxxxxxxxxxxxxxxxxxxxxxxxxxxxxxxxxxxxxxxxxxxxxxxxxxxxxxxxxxxxxxxxxxxxxxxxxxxxx
19: MEM Wr Req: addr=80004100 tag=2 byteen=0000f00000000000 data=xxxxxxxxxxxxxxxxxxxxxxxxxxxxxxxx00000000xxxxxxxxxxxxxxxxxxxxxxxxxxxxxxxxxxxxxxxxxxxxxxxxxxxxxxxxxxxxxxxxxxxxxxxxxxxxxxxxxxxxxxxx
20: MEM Wr Req: addr=80004100 tag=2 byteen=000f000000000000 data=xxxxxxxxxxxxxxxxxxxxxxxx00000000xxxxxxxxxxxxxxxxxxxxxxxxxxxxxxxxxxxxxxxxxxxxxxxxxxxxxxxxxxxxxxxxxxxxxxxxxxxxxxxxxxxxxxxxxxxxxxxx
21: MEM Wr Req: addr=80004100 tag=2 byteen=00f0000000000000 data=xxxxxxxxxxxxxxxx00000000xxxxxxxxxxxxxxxxxxxxxxxxxxxxxxxxxxxxxxxxxxxxxxxxxxxxxxxxxxxxxxxxxxxxxxxxxxxxxxxxxxxxxxxxxxxxxxxxxxxxxxxx
22: MEM Wr Req: addr=80004100 tag=2 byteen=0f00000000000000 data=xxxxxxxx00000000xxxxxxxxxxxxxxxxxxxxxxxxxxxxxxxxxxxxxxxxxxxxxxxxxxxxxxxxxxxxxxxxxxxxxxxxxxxxxxxxxxxxxxxxxxxxxxxxxxxxxxxxxxxxxxxx
23: MEM Wr Req: addr=80004100 tag=2 byteen=f000000000000000 data=00000000xxxxxxxxxxxxxxxxxxxxxxxxxxxxxxxxxxxxxxxxxxxxxxxxxxxxxxxxxxxxxxxxxxxxxxxxxxxxxxxxxxxxxxxxxxxxxxxxxxxxxxxxxxxxxxxxxxxxxxxx
24: MEM Wr Req: addr=80004140 tag=22 byteen=000000000000000f data=xxxxxxxxxxxxxxxxxxxxxxxxxxxxxxxxxxxxxxxxxxxxxxxxxxxxxxxxxxxxxxxxxxxxxxxxxxxxxxxxxxxxxxxxxxxxxxxxxxxxxxxxxxxxxxxxxxxxxxxx00000000
25: MEM Wr Req: addr=80004140 tag=22 byteen=00000000000000f0 data=xxxxxxxxxxxxxxxxxxxxxxxxxxxxxxxxxxxxxxxxxxxxxxxxxxxxxxxxxxxxxxxxxxxxxxxxxxxxxxxxxxxxxxxxxxxxxxxxxxxxxxxxxxxxxxxx00000000xxxxxxxx
26: MEM Wr Req: addr=80004140 tag=22 byteen=0000000000000f00 data=xxxxxxxxxxxxxxxxxxxxxxxxxxxxxxxxxxxxxxxxxxxxxxxxxxxxxxxxxxxxxxxxxxxxxxxxxxxxxxxxxxxxxxxxxxxxxxxxxxxxxxxx00000000xxxxxxxxxxxxxxxx
27: MEM Wr Req: addr=80004140 tag=22 byteen=000000000000f000 data=xxxxxxxxxxxxxxxxxxxxxxxxxxxxxxxxxxxxxxxxxxxxxxxxxxxxxxxxxxxxxxxxxxxxxxxxxxxxxxxxxxxxxxxxxxxxxxxx00000000xxxxxxxxxxxxxxxxxxxxxxxx
28: MEM Wr Req: addr=80004140 tag=22 byteen=00000000000f0000 data=xxxxxxxxxxxxxxxxxxxxxxxxxxxxxxxxxxxxxxxxxxxxxxxxxxxxxxxxxxxxxxxxxxxxxxxxxxxxxxxxxxxxxxxx00000000xxxxxxxxxxxxxxxxxxxxxxxxxxxxxxxx
29: MEM Wr Req: addr=80004140 tag=22 byteen=0000000000f00000 data=xxxxxxxxxxxxxxxxxxxxxxxxxxxxxxxxxxxxxxxxxxxxxxxxxxxxxxxxxxxxxxxxxxxxxxxxxxxxxxxx00000000xxxxxxxxxxxxxxxxxxxxxxxxxxxxxxxxxxxxxxxx
30: MEM Wr Req: addr=80004140 tag=22 byteen=000000000f000000 data=xxxxxxxxxxxxxxxxxxxxxxxxxxxxxxxxxxxxxxxxxxxxxxxxxxxxxxxxxxxxxxxxxxxxxxxx00000000xxxxxxxxxxxxxxxxxxxxxxxxxxxxxxxxxxxxxxxxxxxxxxxx
31: MEM Wr Req: addr=80004140 tag=22 byteen=00000000f0000000 data=xxxxxxxxxxxxxxxxxxxxxxxxxxxxxxxxxxxxxxxxxxxxxxxxxxxxxxxxxxxxxxxx00000000xxxxxxxxxxxxxxxxxxxxxxxxxxxxxxxxxxxxxxxxxxxxxxxxxxxxxxxx
32: MEM Wr Req: addr=80004140 tag=22 byteen=0000000f00000000 data=xxxxxxxxxxxxxxxxxxxxxxxxxxxxxxxxxxxxxxxxxxxxxxxxxxxxxxxx00000000xxxxxxxxxxxxxxxxxxxxxxxxxxxxxxxxxxxxxxxxxxxxxxxxxxxxxxxxxxxxxxxx
33: MEM Wr Req: addr=80004140 tag=22 byteen=000000f000000000 data=xxxxxxxxxxxxxxxxxxxxxxxxxxxxxxxxxxxxxxxxxxxxxxxx00000000xxxxxxxxxxxxxxxxxxxxxxxxxxxxxxxxxxxxxxxxxxxxxxxxxxxxxxxxxxxxxxxxxxxxxxxx
34: MEM Wr Req: addr=80004140 tag=22 byteen=00000f0000000000 data=xxxxxxxxxxxxxxxxxxxxxxxxxxxxxxxxxxxxxxxx00000000xxxxxxxxxxxxxxxxxxxxxxxxxxxxxxxxxxxxxxxxxxxxxxxxxxxxxxxxxxxxxxxxxxxxxxxxxxxxxxxx
35: MEM Wr Req: addr=80004140 tag=22 byteen=0000f00000000000 data=xxxxxxxxxxxxxxxxxxxxxxxxxxxxxxxx00000000xxxxxxxxxxxxxxxxxxxxxxxxxxxxxxxxxxxxxxxxxxxxxxxxxxxxxxxxxxxxxxxxxxxxxxxxxxxxxxxxxxxxxxxx
36: MEM Wr Req: addr=80004140 tag=22 byteen=000f000000000000 data=xxxxxxxxxxxxxxxxxxxxxxxx00000000xxxxxxxxxxxxxxxxxxxxxxxxxxxxxxxxxxxxxxxxxxxxxxxxxxxxxxxxxxxxxxxxxxxxxxxxxxxxxxxxxxxxxxxxxxxxxxxx
37: MEM Wr Req: addr=80004140 tag=22 byteen=00f0000000000000 data=xxxxxxxxxxxxxxxx00000000xxxxxxxxxxxxxxxxxxxxxxxxxxxxxxxxxxxxxxxxxxxxxxxxxxxxxxxxxxxxxxxxxxxxxxxxxxxxxxxxxxxxxxxxxxxxxxxxxxxxxxxx
38: MEM Wr Req: addr=80024040 tag=22 byteen=000000000f000000 data=xxxxxxxxxxxxxxxxxxxxxxxxxxxxxxxxxxxxxxxxxxxxxxxxxxxxxxxxxxxxxxxxxxxxxxxx00000000xxxxxxxxxxxxxxxxxxxxxxxxxxxxxxxxxxxxxxxxxxxxxxxx
39: MEM Wr Req: addr=80024040 tag=22 byteen=00000000000f0000 data=xxxxxxxxxxxxxxxxxxxxxxxxxxxxxxxxxxxxxxxxxxxxxxxxxxxxxxxxxxxxxxxxxxxxxxxxxxxxxxxxxxxxxxxx00000001xxxxxxxxxxxxxxxxxxxxxxxxxxxxxxxx
40: MEM Wr Req: addr=80024040 tag=22 byteen=000000000000000f data=xxxxxxxxxxxxxxxxxxxxxxxxxxxxxxxxxxxxxxxxxxxxxxxxxxxxxxxxxxxxxxxxxxxxxxxxxxxxxxxxxxxxxxxxxxxxxxxxxxxxxxxxxxxxxxxxxxxxxxxx00000000
41: MEM Wr Req: addr=80024040 tag=22 byteen=0000000000f00000 data=xxxxxxxxxxxxxxxxxxxxxxxxxxxxxxxxxxxxxxxxxxxxxxxxxxxxxxxxxxxxxxxxxxxxxxxxxxxxxxxx00000000xxxxxxxxxxxxxxxxxxxxxxxxxxxxxxxxxxxxxxxx
42: MEM Wr Req: addr=80024040 tag=22 byteen=000000000000f000 data=xxxxxxxxxxxxxxxxxxxxxxxxxxxxxxxxxxxxxxxxxxxxxxxxxxxxxxxxxxxxxxxxxxxxxxxxxxxxxxxxxxxxxxxxxxxxxxxx00000000xxxxxxxxxxxxxxxxxxxxxxxx
43: MEM Wr Req: addr=80024040 tag=22 byteen=0000000000000f00 data=xxxxxxxxxxxxxxxxxxxxxxxxxxxxxxxxxxxxxxxxxxxxxxxxxxxxxxxxxxxxxxxxxxxxxxxxxxxxxxxxxxxxxxxxxxxxxxxxxxxxxxxx800040ccxxxxxxxxxxxxxxxx
44: MEM Wr Req: addr=80024040 tag=22 byteen=00000000000000f0 data=xxxxxxxxxxxxxxxxxxxxxxxxxxxxxxxxxxxxxxxxxxxxxxxxxxxxxxxxxxxxxxxxxxxxxxxxxxxxxxxxxxxxxxxxxxxxxxxxxxxxxxxxxxxxxxxx80004100xxxxxxxx
45: MEM Wr Req: addr=80024040 tag=22 byteen=00000000f0000000 data=xxxxxxxxxxxxxxxxxxxxxxxxxxxxxxxxxxxxxxxxxxxxxxxxxxxxxxxxxxxxxxxx800029a0xxxxxxxxxxxxxxxxxxxxxxxxxxxxxxxxxxxxxxxxxxxxxxxxxxxxxxxx
46: MEM Wr Req: addr=80023e80 tag=42 byteen=000f000000000000 data=xxxxxxxxxxxxxxxxxxxxxxxx00001f3bxxxxxxxxxxxxxxxxxxxxxxxxxxxxxxxxxxxxxxxxxxxxxxxxxxxxxxxxxxxxxxxxxxxxxxxxxxxxxxxxxxxxxxxxxxxxxxxx
47: MEM Wr Req: addr=80023e80 tag=42 byteen=00f0000000000000 data=xxxxxxxxxxxxxxxx0003c2faxxxxxxxxxxxxxxxxxxxxxxxxxxxxxxxxxxxxxxxxxxxxxxxxxxxxxxxxxxxxxxxxxxxxxxxxxxxxxxxxxxxxxxxxxxxxxxxxxxxxxxxx
48: MEM Wr Req: addr=80023e80 tag=42 byteen=0f00000000000000 data=xxxxxxxx000c33c0xxxxxxxxxxxxxxxxxxxxxxxxxxxxxxxxxxxxxxxxxxxxxxxxxxxxxxxxxxxxxxxxxxxxxxxxxxxxxxxxxxxxxxxxxxxxxxxxxxxxxxxxxxxxxxxx
49: MEM Wr Req: addr=80023e80 tag=42 byteen=f000000000000000 data=00035147xxxxxxxxxxxxxxxxxxxxxxxxxxxxxxxxxxxxxxxxxxxxxxxxxxxxxxxxxxxxxxxxxxxxxxxxxxxxxxxxxxxxxxxxxxxxxxxxxxxxxxxxxxxxxxxxxxxxxxxx

memory response transactions:
1: MEM Rsp: tag=0 data=00000813000007930000071300000693000006130000059300000513000004930000041300000393000003130000029300000213000001930000011300000093
2: MEM Rsp: tag=0 data=0001e2b700000f9300000f1300000e9300000e1300000d9300000d1300000c9300000c1300000b9300000b1300000a9300000a13000009930000091300000893
3: MEM Rsp: tag=0 data=f1402573fc027213883182138101819300005197305290730402829300000297ff5ff06ff6a2a62300001297001005130002ca6301f29293001002933002a073
4: MEM Rsp: tag=0 data=00712e2300612c2300512a2300412823003126230021242300112223ef0101130490206f00c202330115161300410133011111130015011300b5706300100593
5: MEM Rsp: tag=0 data=09312623798a0a1300001a17094124237a47879300001797f60101130000806700008067fec7ece3fee7ae230047879300050793fec574e300f7673301071793
6: MEM Rsp: tag=0 data=000005934146063388818613efdff0ef00020a930951222308812c2308112e2300098613000785930002051300058913000504930921282308912a2340fa09b3
7: MEM Rsp: tag=0 data=0207846300c506b30037f79300f567b300c5e7b30000806705010113028124034085053302c1208300c125030007802300c12783fe4ff0ef00612e2305112623
8: MEM Rsp: tag=0 data=fed7e8e3fee7ae2300458593004787930005a70300050793fed57ee300008067feb618e3fee78fa300178793001585930005c70302d57e630005079300c58633
9: MEM Rsp: tag=0 data=004926830406946300050493fc04741303f1041300092683724909130000191765d000ef0000051300000593da5ff0ef0004851300090593f45ff0ef013a8533
10: MEM Rsp: tag=0 data=00e5e733008597130ff5f59300008067fef61ce3feb78fa30017879304c57063000507930ff5f5930207806300c506330037f79300c567b30000806700008067
11: MEM Rsp: tag=0 data=fd0101130000806700051063e11ff06f000005930000069300000613e21ff06f000005930000069340a60633fe079ce300160613001647830005061302078263
12: MEM Rsp: tag=0 data=1a812423e5010113cd1ff06f0065d5b300e7e5330067573301c597b340a585b3411585b300e5353340e507330006071340e888b301e7073300c7373340c70633
13: MEM Rsp: tag=0 data=0004049300090993000b0a1300090a931a11262319512a2319412c2319312e231a91222300010b133fc40413000004175949091300000917196128231b212023
14: MEM Rsp: tag=0 data=f84fe0ef00490913004404130004250300092583000b0493dddfe0ef00100513ff5492e3004a0a1300aa2023fb0fe0ef00498993004484930004a5030009a583
15: MEM Rsp: tag=42 data=00000289000003e50000015e000003d30000023600000289000003c00000021f000000c300000184000003d900000250000003a5000001390000033a00000148
16: MEM Rsp: tag=2 data=000000840000023c0000015e0000016d000002ed000003dd000000bb00000001000002340000014f00000341000001c6000000290000000000000410fffff7e8
17: MEM Rsp: tag=0 data=14812423fffc879340000cb713912223eb01011300008067fe0694e3001595934017571300b5053300078463fff6869300177793000005130200069300050713

