all memory transactions:
1: MEM Rd Req: addr=80000000 tag=0
2: MEM Rsp: tag=0 data=00000813000007930000071300000693000006130000059300000513000004930000041300000393000003130000029300000213000001930000011300000093
3: MEM Rd Req: addr=80000040 tag=0
4: MEM Rsp: tag=0 data=0001e2b700000f9300000f1300000e9300000e1300000d9300000d1300000c9300000c1300000b9300000b1300000a9300000a13000009930000091300000893
5: MEM Rd Req: addr=80000080 tag=0
6: MEM Rsp: tag=0 data=fc027213f8b202130000821779c1819300004197305290730442829300000297ff5ff06ff6a2a62300001297001005130002ca6301f29293001002933002a073
7: MEM Rd Req: addr=800000c0 tag=0
8: MEM Rsp: tag=0 data=00612c2300512a2300412823003126230021242300112223ef0101134c90206f00c202330115161300410133011111130015011300b5706300100593f1402573
9: MEM Rd Req: addr=80002d80 tag=0
10: MEM Rsp: tag=0 data=248a0a1300005a17094124232547879300005797f60101130000806700008067fec7ece3fee7ae230047879300050793fec574e300f767330107179300e5e733
11: MEM Wr Req: addr=80027fc0 tag=62 byteen=00000f0000000000 data=xxxxxxxxxxxxxxxxxxxxxxxxxxxxxxxxxxxxxxxx00000000xxxxxxxxxxxxxxxxxxxxxxxxxxxxxxxxxxxxxxxxxxxxxxxxxxxxxxxxxxxxxxxxxxxxxxxxxxxxxxxx
12: MEM Rd Req: addr=80002dc0 tag=0
13: MEM Rsp: tag=0 data=24c6061300005617efdff0ef00020a930951222308812c2308112e2300098613000785930002051300058913000504930921282308912a2340fa09b309312623
14: MEM Wr Req: addr=80027fc0 tag=62 byteen=0000f00000000000 data=xxxxxxxxxxxxxxxxxxxxxxxxxxxxxxxx00000000xxxxxxxxxxxxxxxxxxxxxxxxxxxxxxxxxxxxxxxxxxxxxxxxxxxxxxxxxxxxxxxxxxxxxxxxxxxxxxxxxxxxxxxx
15: MEM Wr Req: addr=80027fc0 tag=62 byteen=00f0000000000000 data=xxxxxxxxxxxxxxxx00000000xxxxxxxxxxxxxxxxxxxxxxxxxxxxxxxxxxxxxxxxxxxxxxxxxxxxxxxxxxxxxxxxxxxxxxxxxxxxxxxxxxxxxxxxxxxxxxxxxxxxxxxx
16: MEM Wr Req: addr=80027fc0 tag=62 byteen=000f000000000000 data=xxxxxxxxxxxxxxxxxxxxxxxx00000000xxxxxxxxxxxxxxxxxxxxxxxxxxxxxxxxxxxxxxxxxxxxxxxxxxxxxxxxxxxxxxxxxxxxxxxxxxxxxxxxxxxxxxxxxxxxxxxx
17: MEM Wr Req: addr=80027fc0 tag=62 byteen=f000000000000000 data=00000000xxxxxxxxxxxxxxxxxxxxxxxxxxxxxxxxxxxxxxxxxxxxxxxxxxxxxxxxxxxxxxxxxxxxxxxxxxxxxxxxxxxxxxxxxxxxxxxxxxxxxxxxxxxxxxxxxxxxxxxx
18: MEM Wr Req: addr=80027fc0 tag=62 byteen=0f00000000000000 data=xxxxxxxx00000000xxxxxxxxxxxxxxxxxxxxxxxxxxxxxxxxxxxxxxxxxxxxxxxxxxxxxxxxxxxxxxxxxxxxxxxxxxxxxxxxxxxxxxxxxxxxxxxxxxxxxxxxxxxxxxxx
19: MEM Wr Req: addr=80027fc0 tag=62 byteen=000000f000000000 data=xxxxxxxxxxxxxxxxxxxxxxxxxxxxxxxxxxxxxxxxxxxxxxxx00000000xxxxxxxxxxxxxxxxxxxxxxxxxxxxxxxxxxxxxxxxxxxxxxxxxxxxxxxxxxxxxxxxxxxxxxxx
20: MEM Rd Req: addr=80002cc0 tag=0
21: MEM Rsp: tag=0 data=00c506b30037f79300f567b300c5e7b30000806705010113028124034085053302c1208300c125030007802300c12783fe4ff0ef00612e230511262305012423
22: MEM Rd Req: addr=80002d00 tag=0
23: MEM Rsp: tag=0 data=fee7ae2300458593004787930005a70300050793fed57ee300008067feb618e3fee78fa300178793001585930005c70302d57e630005079300c5863302078463
24: MEM Rd Req: addr=80002e00 tag=0
25: MEM Rsp: tag=0 data=00050493fc04741303f104130009268322c909130000191765d000ef0000051300000593da1ff0ef0004851300090593f41ff0ef013a85330000059341460633
26: MEM Rd Req: addr=80002d40 tag=0
27: MEM Rsp: tag=0 data=008597130ff5f59300008067fef61ce3feb78fa30017879304c57063000507930ff5f5930207806300c506330037f79300c567b30000806700008067fed7e8e3
28: MEM Wr Req: addr=80008000 tag=2 byteen=000000000000000f data=xxxxxxxxxxxxxxxxxxxxxxxxxxxxxxxxxxxxxxxxxxxxxxxxxxxxxxxxxxxxxxxxxxxxxxxxxxxxxxxxxxxxxxxxxxxxxxxxxxxxxxxxxxxxxxxxxxxxxxxx00000000
29: MEM Wr Req: addr=80008000 tag=2 byteen=00000000000000f0 data=xxxxxxxxxxxxxxxxxxxxxxxxxxxxxxxxxxxxxxxxxxxxxxxxxxxxxxxxxxxxxxxxxxxxxxxxxxxxxxxxxxxxxxxxxxxxxxxxxxxxxxxxxxxxxxxx00000000xxxxxxxx
30: MEM Wr Req: addr=80008000 tag=2 byteen=0000000000000f00 data=xxxxxxxxxxxxxxxxxxxxxxxxxxxxxxxxxxxxxxxxxxxxxxxxxxxxxxxxxxxxxxxxxxxxxxxxxxxxxxxxxxxxxxxxxxxxxxxxxxxxxxxx00000000xxxxxxxxxxxxxxxx
31: MEM Wr Req: addr=80008000 tag=2 byteen=000000000000f000 data=xxxxxxxxxxxxxxxxxxxxxxxxxxxxxxxxxxxxxxxxxxxxxxxxxxxxxxxxxxxxxxxxxxxxxxxxxxxxxxxxxxxxxxxxxxxxxxxx00000000xxxxxxxxxxxxxxxxxxxxxxxx
32: MEM Wr Req: addr=80008000 tag=2 byteen=00000000000f0000 data=xxxxxxxxxxxxxxxxxxxxxxxxxxxxxxxxxxxxxxxxxxxxxxxxxxxxxxxxxxxxxxxxxxxxxxxxxxxxxxxxxxxxxxxx00000000xxxxxxxxxxxxxxxxxxxxxxxxxxxxxxxx
33: MEM Wr Req: addr=80008000 tag=2 byteen=0000000000f00000 data=xxxxxxxxxxxxxxxxxxxxxxxxxxxxxxxxxxxxxxxxxxxxxxxxxxxxxxxxxxxxxxxxxxxxxxxxxxxxxxxx00000000xxxxxxxxxxxxxxxxxxxxxxxxxxxxxxxxxxxxxxxx
34: MEM Wr Req: addr=80008000 tag=2 byteen=000000000f000000 data=xxxxxxxxxxxxxxxxxxxxxxxxxxxxxxxxxxxxxxxxxxxxxxxxxxxxxxxxxxxxxxxxxxxxxxxx00000000xxxxxxxxxxxxxxxxxxxxxxxxxxxxxxxxxxxxxxxxxxxxxxxx
35: MEM Wr Req: addr=80008000 tag=2 byteen=00000000f0000000 data=xxxxxxxxxxxxxxxxxxxxxxxxxxxxxxxxxxxxxxxxxxxxxxxxxxxxxxxxxxxxxxxx00000000xxxxxxxxxxxxxxxxxxxxxxxxxxxxxxxxxxxxxxxxxxxxxxxxxxxxxxxx
36: MEM Wr Req: addr=80008000 tag=2 byteen=0000000f00000000 data=xxxxxxxxxxxxxxxxxxxxxxxxxxxxxxxxxxxxxxxxxxxxxxxxxxxxxxxx00000000xxxxxxxxxxxxxxxxxxxxxxxxxxxxxxxxxxxxxxxxxxxxxxxxxxxxxxxxxxxxxxxx
37: MEM Wr Req: addr=80008000 tag=2 byteen=000000f000000000 data=xxxxxxxxxxxxxxxxxxxxxxxxxxxxxxxxxxxxxxxxxxxxxxxx00000000xxxxxxxxxxxxxxxxxxxxxxxxxxxxxxxxxxxxxxxxxxxxxxxxxxxxxxxxxxxxxxxxxxxxxxxx
38: MEM Wr Req: addr=80008000 tag=2 byteen=00000f0000000000 data=xxxxxxxxxxxxxxxxxxxxxxxxxxxxxxxxxxxxxxxx00000000xxxxxxxxxxxxxxxxxxxxxxxxxxxxxxxxxxxxxxxxxxxxxxxxxxxxxxxxxxxxxxxxxxxxxxxxxxxxxxxx
39: MEM Wr Req: addr=80008000 tag=2 byteen=0000f00000000000 data=xxxxxxxxxxxxxxxxxxxxxxxxxxxxxxxx00000000xxxxxxxxxxxxxxxxxxxxxxxxxxxxxxxxxxxxxxxxxxxxxxxxxxxxxxxxxxxxxxxxxxxxxxxxxxxxxxxxxxxxxxxx
40: MEM Wr Req: addr=80008000 tag=2 byteen=000f000000000000 data=xxxxxxxxxxxxxxxxxxxxxxxx00000000xxxxxxxxxxxxxxxxxxxxxxxxxxxxxxxxxxxxxxxxxxxxxxxxxxxxxxxxxxxxxxxxxxxxxxxxxxxxxxxxxxxxxxxxxxxxxxxx
41: MEM Wr Req: addr=80008000 tag=2 byteen=00f0000000000000 data=xxxxxxxxxxxxxxxx00000000xxxxxxxxxxxxxxxxxxxxxxxxxxxxxxxxxxxxxxxxxxxxxxxxxxxxxxxxxxxxxxxxxxxxxxxxxxxxxxxxxxxxxxxxxxxxxxxxxxxxxxxx
42: MEM Wr Req: addr=80008000 tag=2 byteen=0f00000000000000 data=xxxxxxxx00000000xxxxxxxxxxxxxxxxxxxxxxxxxxxxxxxxxxxxxxxxxxxxxxxxxxxxxxxxxxxxxxxxxxxxxxxxxxxxxxxxxxxxxxxxxxxxxxxxxxxxxxxxxxxxxxxx
43: MEM Wr Req: addr=80008000 tag=2 byteen=f000000000000000 data=00000000xxxxxxxxxxxxxxxxxxxxxxxxxxxxxxxxxxxxxxxxxxxxxxxxxxxxxxxxxxxxxxxxxxxxxxxxxxxxxxxxxxxxxxxxxxxxxxxxxxxxxxxxxxxxxxxxxxxxxxxx
44: MEM Wr Req: addr=80008040 tag=22 byteen=000000000000000f data=xxxxxxxxxxxxxxxxxxxxxxxxxxxxxxxxxxxxxxxxxxxxxxxxxxxxxxxxxxxxxxxxxxxxxxxxxxxxxxxxxxxxxxxxxxxxxxxxxxxxxxxxxxxxxxxxxxxxxxxx00000000
45: MEM Rd Req: addr=80002b80 tag=0
46: MEM Rsp: tag=0 data=0000806700051063e11ff06f000005930000069300000613e21ff06f000005930000069340a60633fe079ce30016061300164783000506130207826300054783
47: MEM Rd Req: addr=80003c80 tag=0
48: MEM Rsp: tag=0 data=0017671300a717130c77e793354585930000259700912223008124230011262300a7979300c65713ff01011300c7d79337860613000016173807879300003797
49: MEM Wr Req: addr=80027f40 tag=22 byteen=00000000f0000000 data=xxxxxxxxxxxxxxxxxxxxxxxxxxxxxxxxxxxxxxxxxxxxxxxxxxxxxxxxxxxxxxxx80002e28xxxxxxxxxxxxxxxxxxxxxxxxxxxxxxxxxxxxxxxxxxxxxxxxxxxxxxxx
50: MEM Wr Req: addr=80027f40 tag=22 byteen=000000000f000000 data=xxxxxxxxxxxxxxxxxxxxxxxxxxxxxxxxxxxxxxxxxxxxxxxxxxxxxxxxxxxxxxxxxxxxxxxx00000000xxxxxxxxxxxxxxxxxxxxxxxxxxxxxxxxxxxxxxxxxxxxxxxx
51: MEM Wr Req: addr=80027f40 tag=22 byteen=0000000000f00000 data=xxxxxxxxxxxxxxxxxxxxxxxxxxxxxxxxxxxxxxxxxxxxxxxxxxxxxxxxxxxxxxxxxxxxxxxxxxxxxxxx00000000xxxxxxxxxxxxxxxxxxxxxxxxxxxxxxxxxxxxxxxx
52: MEM Rd Req: addr=80003cc0 tag=0
53: MEM Rsp: tag=0 data=000015b7ec0fe0effe048513000024b7eccfe0ef000015373a079073001907b73b279073fff007931807907300f6e7b300e5a023800007b700f6222300c5d693
54: MEM Wr Req: addr=80005000 tag=2 byteen=00000000000000f0 data=xxxxxxxxxxxxxxxxxxxxxxxxxxxxxxxxxxxxxxxxxxxxxxxxxxxxxxxxxxxxxxxxxxxxxxxxxxxxxxxxxxxxxxxxxxxxxxxxxxxxxxxxxxxxxxxx20001cc7xxxxxxxx
55: MEM Wr Req: addr=80006000 tag=2 byteen=000000000000000f data=xxxxxxxxxxxxxxxxxxxxxxxxxxxxxxxxxxxxxxxxxxxxxxxxxxxxxxxxxxxxxxxxxxxxxxxxxxxxxxxxxxxxxxxxxxxxxxxxxxxxxxxxxxxxxxxxxxxxxxxx20001401

memory read request transactions:
1: MEM Rd Req: addr=80000000 tag=0
2: MEM Rd Req: addr=80000040 tag=0
3: MEM Rd Req: addr=80000080 tag=0
4: MEM Rd Req: addr=800000c0 tag=0
5: MEM Rd Req: addr=80002d80 tag=0
6: MEM Rd Req: addr=80002dc0 tag=0
7: MEM Rd Req: addr=80002cc0 tag=0
8: MEM Rd Req: addr=80002d00 tag=0
9: MEM Rd Req: addr=80002e00 tag=0
10: MEM Rd Req: addr=80002d40 tag=0
11: MEM Rd Req: addr=80002b80 tag=0
12: MEM Rd Req: addr=80003c80 tag=0
13: MEM Rd Req: addr=80003cc0 tag=0

memory write request transactions:
1: MEM Wr Req: addr=80027fc0 tag=62 byteen=00000f0000000000 data=xxxxxxxxxxxxxxxxxxxxxxxxxxxxxxxxxxxxxxxx00000000xxxxxxxxxxxxxxxxxxxxxxxxxxxxxxxxxxxxxxxxxxxxxxxxxxxxxxxxxxxxxxxxxxxxxxxxxxxxxxxx
2: MEM Wr Req: addr=80027fc0 tag=62 byteen=0000f00000000000 data=xxxxxxxxxxxxxxxxxxxxxxxxxxxxxxxx00000000xxxxxxxxxxxxxxxxxxxxxxxxxxxxxxxxxxxxxxxxxxxxxxxxxxxxxxxxxxxxxxxxxxxxxxxxxxxxxxxxxxxxxxxx
3: MEM Wr Req: addr=80027fc0 tag=62 byteen=00f0000000000000 data=xxxxxxxxxxxxxxxx00000000xxxxxxxxxxxxxxxxxxxxxxxxxxxxxxxxxxxxxxxxxxxxxxxxxxxxxxxxxxxxxxxxxxxxxxxxxxxxxxxxxxxxxxxxxxxxxxxxxxxxxxxx
4: MEM Wr Req: addr=80027fc0 tag=62 byteen=000f000000000000 data=xxxxxxxxxxxxxxxxxxxxxxxx00000000xxxxxxxxxxxxxxxxxxxxxxxxxxxxxxxxxxxxxxxxxxxxxxxxxxxxxxxxxxxxxxxxxxxxxxxxxxxxxxxxxxxxxxxxxxxxxxxx
5: MEM Wr Req: addr=80027fc0 tag=62 byteen=f000000000000000 data=00000000xxxxxxxxxxxxxxxxxxxxxxxxxxxxxxxxxxxxxxxxxxxxxxxxxxxxxxxxxxxxxxxxxxxxxxxxxxxxxxxxxxxxxxxxxxxxxxxxxxxxxxxxxxxxxxxxxxxxxxxx
6: MEM Wr Req: addr=80027fc0 tag=62 byteen=0f00000000000000 data=xxxxxxxx00000000xxxxxxxxxxxxxxxxxxxxxxxxxxxxxxxxxxxxxxxxxxxxxxxxxxxxxxxxxxxxxxxxxxxxxxxxxxxxxxxxxxxxxxxxxxxxxxxxxxxxxxxxxxxxxxxx
7: MEM Wr Req: addr=80027fc0 tag=62 byteen=000000f000000000 data=xxxxxxxxxxxxxxxxxxxxxxxxxxxxxxxxxxxxxxxxxxxxxxxx00000000xxxxxxxxxxxxxxxxxxxxxxxxxxxxxxxxxxxxxxxxxxxxxxxxxxxxxxxxxxxxxxxxxxxxxxxx
8: MEM Wr Req: addr=80008000 tag=2 byteen=000000000000000f data=xxxxxxxxxxxxxxxxxxxxxxxxxxxxxxxxxxxxxxxxxxxxxxxxxxxxxxxxxxxxxxxxxxxxxxxxxxxxxxxxxxxxxxxxxxxxxxxxxxxxxxxxxxxxxxxxxxxxxxxx00000000
9: MEM Wr Req: addr=80008000 tag=2 byteen=00000000000000f0 data=xxxxxxxxxxxxxxxxxxxxxxxxxxxxxxxxxxxxxxxxxxxxxxxxxxxxxxxxxxxxxxxxxxxxxxxxxxxxxxxxxxxxxxxxxxxxxxxxxxxxxxxxxxxxxxxx00000000xxxxxxxx
10: MEM Wr Req: addr=80008000 tag=2 byteen=0000000000000f00 data=xxxxxxxxxxxxxxxxxxxxxxxxxxxxxxxxxxxxxxxxxxxxxxxxxxxxxxxxxxxxxxxxxxxxxxxxxxxxxxxxxxxxxxxxxxxxxxxxxxxxxxxx00000000xxxxxxxxxxxxxxxx
11: MEM Wr Req: addr=80008000 tag=2 byteen=000000000000f000 data=xxxxxxxxxxxxxxxxxxxxxxxxxxxxxxxxxxxxxxxxxxxxxxxxxxxxxxxxxxxxxxxxxxxxxxxxxxxxxxxxxxxxxxxxxxxxxxxx00000000xxxxxxxxxxxxxxxxxxxxxxxx
12: MEM Wr Req: addr=80008000 tag=2 byteen=00000000000f0000 data=xxxxxxxxxxxxxxxxxxxxxxxxxxxxxxxxxxxxxxxxxxxxxxxxxxxxxxxxxxxxxxxxxxxxxxxxxxxxxxxxxxxxxxxx00000000xxxxxxxxxxxxxxxxxxxxxxxxxxxxxxxx
13: MEM Wr Req: addr=80008000 tag=2 byteen=0000000000f00000 data=xxxxxxxxxxxxxxxxxxxxxxxxxxxxxxxxxxxxxxxxxxxxxxxxxxxxxxxxxxxxxxxxxxxxxxxxxxxxxxxx00000000xxxxxxxxxxxxxxxxxxxxxxxxxxxxxxxxxxxxxxxx
14: MEM Wr Req: addr=80008000 tag=2 byteen=000000000f000000 data=xxxxxxxxxxxxxxxxxxxxxxxxxxxxxxxxxxxxxxxxxxxxxxxxxxxxxxxxxxxxxxxxxxxxxxxx00000000xxxxxxxxxxxxxxxxxxxxxxxxxxxxxxxxxxxxxxxxxxxxxxxx
15: MEM Wr Req: addr=80008000 tag=2 byteen=00000000f0000000 data=xxxxxxxxxxxxxxxxxxxxxxxxxxxxxxxxxxxxxxxxxxxxxxxxxxxxxxxxxxxxxxxx00000000xxxxxxxxxxxxxxxxxxxxxxxxxxxxxxxxxxxxxxxxxxxxxxxxxxxxxxxx
16: MEM Wr Req: addr=80008000 tag=2 byteen=0000000f00000000 data=xxxxxxxxxxxxxxxxxxxxxxxxxxxxxxxxxxxxxxxxxxxxxxxxxxxxxxxx00000000xxxxxxxxxxxxxxxxxxxxxxxxxxxxxxxxxxxxxxxxxxxxxxxxxxxxxxxxxxxxxxxx
17: MEM Wr Req: addr=80008000 tag=2 byteen=000000f000000000 data=xxxxxxxxxxxxxxxxxxxxxxxxxxxxxxxxxxxxxxxxxxxxxxxx00000000xxxxxxxxxxxxxxxxxxxxxxxxxxxxxxxxxxxxxxxxxxxxxxxxxxxxxxxxxxxxxxxxxxxxxxxx
18: MEM Wr Req: addr=80008000 tag=2 byteen=00000f0000000000 data=xxxxxxxxxxxxxxxxxxxxxxxxxxxxxxxxxxxxxxxx00000000xxxxxxxxxxxxxxxxxxxxxxxxxxxxxxxxxxxxxxxxxxxxxxxxxxxxxxxxxxxxxxxxxxxxxxxxxxxxxxxx
19: MEM Wr Req: addr=80008000 tag=2 byteen=0000f00000000000 data=xxxxxxxxxxxxxxxxxxxxxxxxxxxxxxxx00000000xxxxxxxxxxxxxxxxxxxxxxxxxxxxxxxxxxxxxxxxxxxxxxxxxxxxxxxxxxxxxxxxxxxxxxxxxxxxxxxxxxxxxxxx
20: MEM Wr Req: addr=80008000 tag=2 byteen=000f000000000000 data=xxxxxxxxxxxxxxxxxxxxxxxx00000000xxxxxxxxxxxxxxxxxxxxxxxxxxxxxxxxxxxxxxxxxxxxxxxxxxxxxxxxxxxxxxxxxxxxxxxxxxxxxxxxxxxxxxxxxxxxxxxx
21: MEM Wr Req: addr=80008000 tag=2 byteen=00f0000000000000 data=xxxxxxxxxxxxxxxx00000000xxxxxxxxxxxxxxxxxxxxxxxxxxxxxxxxxxxxxxxxxxxxxxxxxxxxxxxxxxxxxxxxxxxxxxxxxxxxxxxxxxxxxxxxxxxxxxxxxxxxxxxx
22: MEM Wr Req: addr=80008000 tag=2 byteen=0f00000000000000 data=xxxxxxxx00000000xxxxxxxxxxxxxxxxxxxxxxxxxxxxxxxxxxxxxxxxxxxxxxxxxxxxxxxxxxxxxxxxxxxxxxxxxxxxxxxxxxxxxxxxxxxxxxxxxxxxxxxxxxxxxxxx
23: MEM Wr Req: addr=80008000 tag=2 byteen=f000000000000000 data=00000000xxxxxxxxxxxxxxxxxxxxxxxxxxxxxxxxxxxxxxxxxxxxxxxxxxxxxxxxxxxxxxxxxxxxxxxxxxxxxxxxxxxxxxxxxxxxxxxxxxxxxxxxxxxxxxxxxxxxxxxx
24: MEM Wr Req: addr=80008040 tag=22 byteen=000000000000000f data=xxxxxxxxxxxxxxxxxxxxxxxxxxxxxxxxxxxxxxxxxxxxxxxxxxxxxxxxxxxxxxxxxxxxxxxxxxxxxxxxxxxxxxxxxxxxxxxxxxxxxxxxxxxxxxxxxxxxxxxx00000000
25: MEM Wr Req: addr=80027f40 tag=22 byteen=00000000f0000000 data=xxxxxxxxxxxxxxxxxxxxxxxxxxxxxxxxxxxxxxxxxxxxxxxxxxxxxxxxxxxxxxxx80002e28xxxxxxxxxxxxxxxxxxxxxxxxxxxxxxxxxxxxxxxxxxxxxxxxxxxxxxxx
26: MEM Wr Req: addr=80027f40 tag=22 byteen=000000000f000000 data=xxxxxxxxxxxxxxxxxxxxxxxxxxxxxxxxxxxxxxxxxxxxxxxxxxxxxxxxxxxxxxxxxxxxxxxx00000000xxxxxxxxxxxxxxxxxxxxxxxxxxxxxxxxxxxxxxxxxxxxxxxx
27: MEM Wr Req: addr=80027f40 tag=22 byteen=0000000000f00000 data=xxxxxxxxxxxxxxxxxxxxxxxxxxxxxxxxxxxxxxxxxxxxxxxxxxxxxxxxxxxxxxxxxxxxxxxxxxxxxxxx00000000xxxxxxxxxxxxxxxxxxxxxxxxxxxxxxxxxxxxxxxx
28: MEM Wr Req: addr=80005000 tag=2 byteen=00000000000000f0 data=xxxxxxxxxxxxxxxxxxxxxxxxxxxxxxxxxxxxxxxxxxxxxxxxxxxxxxxxxxxxxxxxxxxxxxxxxxxxxxxxxxxxxxxxxxxxxxxxxxxxxxxxxxxxxxxx20001cc7xxxxxxxx
29: MEM Wr Req: addr=80006000 tag=2 byteen=000000000000000f data=xxxxxxxxxxxxxxxxxxxxxxxxxxxxxxxxxxxxxxxxxxxxxxxxxxxxxxxxxxxxxxxxxxxxxxxxxxxxxxxxxxxxxxxxxxxxxxxxxxxxxxxxxxxxxxxxxxxxxxxx20001401

memory response transactions:
1: MEM Rsp: tag=0 data=00000813000007930000071300000693000006130000059300000513000004930000041300000393000003130000029300000213000001930000011300000093
2: MEM Rsp: tag=0 data=0001e2b700000f9300000f1300000e9300000e1300000d9300000d1300000c9300000c1300000b9300000b1300000a9300000a13000009930000091300000893
3: MEM Rsp: tag=0 data=fc027213f8b202130000821779c1819300004197305290730442829300000297ff5ff06ff6a2a62300001297001005130002ca6301f29293001002933002a073
4: MEM Rsp: tag=0 data=00612c2300512a2300412823003126230021242300112223ef0101134c90206f00c202330115161300410133011111130015011300b5706300100593f1402573
5: MEM Rsp: tag=0 data=248a0a1300005a17094124232547879300005797f60101130000806700008067fec7ece3fee7ae230047879300050793fec574e300f767330107179300e5e733
6: MEM Rsp: tag=0 data=24c6061300005617efdff0ef00020a930951222308812c2308112e2300098613000785930002051300058913000504930921282308912a2340fa09b309312623
7: MEM Rsp: tag=0 data=00c506b30037f79300f567b300c5e7b30000806705010113028124034085053302c1208300c125030007802300c12783fe4ff0ef00612e230511262305012423
8: MEM Rsp: tag=0 data=fee7ae2300458593004787930005a70300050793fed57ee300008067feb618e3fee78fa300178793001585930005c70302d57e630005079300c5863302078463
9: MEM Rsp: tag=0 data=00050493fc04741303f104130009268322c909130000191765d000ef0000051300000593da1ff0ef0004851300090593f41ff0ef013a85330000059341460633
10: MEM Rsp: tag=0 data=008597130ff5f59300008067fef61ce3feb78fa30017879304c57063000507930ff5f5930207806300c506330037f79300c567b30000806700008067fed7e8e3
11: MEM Rsp: tag=0 data=0000806700051063e11ff06f000005930000069300000613e21ff06f000005930000069340a60633fe079ce30016061300164783000506130207826300054783
12: MEM Rsp: tag=0 data=0017671300a717130c77e793354585930000259700912223008124230011262300a7979300c65713ff01011300c7d79337860613000016173807879300003797
13: MEM Rsp: tag=0 data=000015b7ec0fe0effe048513000024b7eccfe0ef000015373a079073001907b73b279073fff007931807907300f6e7b300e5a023800007b700f6222300c5d693

