all memory transactions:
1: MEM Rd Req: addr=80000000 tag=0
2: MEM Rsp: tag=0 data=00000813000007930000071300000693000006130000059300000513000004930000041300000393000003130000029300000213000001930000011300000093
3: MEM Rd Req: addr=80000040 tag=0
4: MEM Rsp: tag=0 data=0001e2b700000f9300000f1300000e9300000e1300000d9300000d1300000c9300000c1300000b9300000b1300000a9300000a13000009930000091300000893
5: MEM Rd Req: addr=80000080 tag=0
6: MEM Rsp: tag=0 data=f1402573fc02721385b182134781819300008197305290730402829300000297ff5ff06ff6a2a62300001297001005130002ca6301f29293001002933002a073
7: MEM Rd Req: addr=800000c0 tag=0
8: MEM Rsp: tag=0 data=00712e2300612c2300512a2300412823003126230021242300112223ef0101131ed0206f00c202330115161300410133011111130015011300b5706300100593
9: MEM Rd Req: addr=80002ac0 tag=0
10: MEM Rsp: tag=0 data=000785930002051300058913000504930921282308912a2340fa09b30931262325ca0a1300005a17094124232687879300005797f60101130000806700008067
11: MEM Wr Req: addr=80027d00 tag=2 byteen=00000f0000000000 data=xxxxxxxxxxxxxxxxxxxxxxxxxxxxxxxxxxxxxxxx00000000xxxxxxxxxxxxxxxxxxxxxxxxxxxxxxxxxxxxxxxxxxxxxxxxxxxxxxxxxxxxxxxxxxxxxxxxxxxxxxxx
12: MEM Wr Req: addr=80027d00 tag=2 byteen=0000f00000000000 data=xxxxxxxxxxxxxxxxxxxxxxxxxxxxxxxx00000000xxxxxxxxxxxxxxxxxxxxxxxxxxxxxxxxxxxxxxxxxxxxxxxxxxxxxxxxxxxxxxxxxxxxxxxxxxxxxxxxxxxxxxxx
13: MEM Wr Req: addr=80027d00 tag=2 byteen=00f0000000000000 data=xxxxxxxxxxxxxxxx00000000xxxxxxxxxxxxxxxxxxxxxxxxxxxxxxxxxxxxxxxxxxxxxxxxxxxxxxxxxxxxxxxxxxxxxxxxxxxxxxxxxxxxxxxxxxxxxxxxxxxxxxxx
14: MEM Wr Req: addr=80027d00 tag=2 byteen=000f000000000000 data=xxxxxxxxxxxxxxxxxxxxxxxx00000000xxxxxxxxxxxxxxxxxxxxxxxxxxxxxxxxxxxxxxxxxxxxxxxxxxxxxxxxxxxxxxxxxxxxxxxxxxxxxxxxxxxxxxxxxxxxxxxx
15: MEM Rd Req: addr=80002b00 tag=0
16: MEM Rsp: tag=0 data=0000051300000593da5ff0ef0004851300090593f45ff0ef013a8533000005934146063386018613efdff0ef00020a930951222308812c2308112e2300098613
17: MEM Wr Req: addr=80027d00 tag=2 byteen=f000000000000000 data=00000000xxxxxxxxxxxxxxxxxxxxxxxxxxxxxxxxxxxxxxxxxxxxxxxxxxxxxxxxxxxxxxxxxxxxxxxxxxxxxxxxxxxxxxxxxxxxxxxxxxxxxxxxxxxxxxxxxxxxxxxx
18: MEM Wr Req: addr=80027d00 tag=2 byteen=0f00000000000000 data=xxxxxxxx00000000xxxxxxxxxxxxxxxxxxxxxxxxxxxxxxxxxxxxxxxxxxxxxxxxxxxxxxxxxxxxxxxxxxxxxxxxxxxxxxxxxxxxxxxxxxxxxxxxxxxxxxxxxxxxxxxx
19: MEM Wr Req: addr=80027d00 tag=2 byteen=000000f000000000 data=xxxxxxxxxxxxxxxxxxxxxxxxxxxxxxxxxxxxxxxxxxxxxxxx00000000xxxxxxxxxxxxxxxxxxxxxxxxxxxxxxxxxxxxxxxxxxxxxxxxxxxxxxxxxxxxxxxxxxxxxxxx
20: MEM Rd Req: addr=80002a00 tag=0
21: MEM Rsp: tag=0 data=fee78fa300178793001585930005c70302d57e630005079300c586330207846300c506b30037f79300f567b300c5e7b300008067050101130281240340850533
22: MEM Rd Req: addr=80002a40 tag=0
23: MEM Rsp: tag=0 data=0ff5f5930207806300c506330037f79300c567b30000806700008067fed7e8e3fee7ae2300458593004787930005a70300050793fed57ee300008067feb618e3
24: MEM Rd Req: addr=80002a80 tag=0
25: MEM Rsp: tag=0 data=fec7ece3fee7ae230047879300050793fec574e300f767330107179300e5e733008597130ff5f59300008067fef61ce3feb78fa30017879304c5706300050793
26: MEM Wr Req: addr=80007d40 tag=22 byteen=000000000000000f data=xxxxxxxxxxxxxxxxxxxxxxxxxxxxxxxxxxxxxxxxxxxxxxxxxxxxxxxxxxxxxxxxxxxxxxxxxxxxxxxxxxxxxxxxxxxxxxxxxxxxxxxxxxxxxxxxxxxxxxxx00000000
27: MEM Wr Req: addr=80007d40 tag=22 byteen=00000000000000f0 data=xxxxxxxxxxxxxxxxxxxxxxxxxxxxxxxxxxxxxxxxxxxxxxxxxxxxxxxxxxxxxxxxxxxxxxxxxxxxxxxxxxxxxxxxxxxxxxxxxxxxxxxxxxxxxxxx00000000xxxxxxxx
28: MEM Wr Req: addr=80007d40 tag=22 byteen=0000000000000f00 data=xxxxxxxxxxxxxxxxxxxxxxxxxxxxxxxxxxxxxxxxxxxxxxxxxxxxxxxxxxxxxxxxxxxxxxxxxxxxxxxxxxxxxxxxxxxxxxxxxxxxxxxx00000000xxxxxxxxxxxxxxxx
29: MEM Wr Req: addr=80007d40 tag=22 byteen=000000000000f000 data=xxxxxxxxxxxxxxxxxxxxxxxxxxxxxxxxxxxxxxxxxxxxxxxxxxxxxxxxxxxxxxxxxxxxxxxxxxxxxxxxxxxxxxxxxxxxxxxx00000000xxxxxxxxxxxxxxxxxxxxxxxx
30: MEM Wr Req: addr=80007d40 tag=22 byteen=00000000000f0000 data=xxxxxxxxxxxxxxxxxxxxxxxxxxxxxxxxxxxxxxxxxxxxxxxxxxxxxxxxxxxxxxxxxxxxxxxxxxxxxxxxxxxxxxxx00000000xxxxxxxxxxxxxxxxxxxxxxxxxxxxxxxx
31: MEM Wr Req: addr=80007d40 tag=22 byteen=0000000000f00000 data=xxxxxxxxxxxxxxxxxxxxxxxxxxxxxxxxxxxxxxxxxxxxxxxxxxxxxxxxxxxxxxxxxxxxxxxxxxxxxxxx00000000xxxxxxxxxxxxxxxxxxxxxxxxxxxxxxxxxxxxxxxx
32: MEM Wr Req: addr=80007d40 tag=22 byteen=000000000f000000 data=xxxxxxxxxxxxxxxxxxxxxxxxxxxxxxxxxxxxxxxxxxxxxxxxxxxxxxxxxxxxxxxxxxxxxxxx00000000xxxxxxxxxxxxxxxxxxxxxxxxxxxxxxxxxxxxxxxxxxxxxxxx
33: MEM Wr Req: addr=80007d40 tag=22 byteen=00000000f0000000 data=xxxxxxxxxxxxxxxxxxxxxxxxxxxxxxxxxxxxxxxxxxxxxxxxxxxxxxxxxxxxxxxx00000000xxxxxxxxxxxxxxxxxxxxxxxxxxxxxxxxxxxxxxxxxxxxxxxxxxxxxxxx
34: MEM Wr Req: addr=80007d40 tag=22 byteen=0000000f00000000 data=xxxxxxxxxxxxxxxxxxxxxxxxxxxxxxxxxxxxxxxxxxxxxxxxxxxxxxxx00000000xxxxxxxxxxxxxxxxxxxxxxxxxxxxxxxxxxxxxxxxxxxxxxxxxxxxxxxxxxxxxxxx
35: MEM Wr Req: addr=80007d40 tag=22 byteen=000000f000000000 data=xxxxxxxxxxxxxxxxxxxxxxxxxxxxxxxxxxxxxxxxxxxxxxxx00000000xxxxxxxxxxxxxxxxxxxxxxxxxxxxxxxxxxxxxxxxxxxxxxxxxxxxxxxxxxxxxxxxxxxxxxxx
36: MEM Wr Req: addr=80007d40 tag=22 byteen=00000f0000000000 data=xxxxxxxxxxxxxxxxxxxxxxxxxxxxxxxxxxxxxxxx00000000xxxxxxxxxxxxxxxxxxxxxxxxxxxxxxxxxxxxxxxxxxxxxxxxxxxxxxxxxxxxxxxxxxxxxxxxxxxxxxxx
37: MEM Wr Req: addr=80007d40 tag=22 byteen=0000f00000000000 data=xxxxxxxxxxxxxxxxxxxxxxxxxxxxxxxx00000000xxxxxxxxxxxxxxxxxxxxxxxxxxxxxxxxxxxxxxxxxxxxxxxxxxxxxxxxxxxxxxxxxxxxxxxxxxxxxxxxxxxxxxxx
38: MEM Wr Req: addr=80007d40 tag=22 byteen=000f000000000000 data=xxxxxxxxxxxxxxxxxxxxxxxx00000000xxxxxxxxxxxxxxxxxxxxxxxxxxxxxxxxxxxxxxxxxxxxxxxxxxxxxxxxxxxxxxxxxxxxxxxxxxxxxxxxxxxxxxxxxxxxxxxx
39: MEM Wr Req: addr=80007d40 tag=22 byteen=00f0000000000000 data=xxxxxxxxxxxxxxxx00000000xxxxxxxxxxxxxxxxxxxxxxxxxxxxxxxxxxxxxxxxxxxxxxxxxxxxxxxxxxxxxxxxxxxxxxxxxxxxxxxxxxxxxxxxxxxxxxxxxxxxxxxx
40: MEM Wr Req: addr=80007d40 tag=22 byteen=0f00000000000000 data=xxxxxxxx00000000xxxxxxxxxxxxxxxxxxxxxxxxxxxxxxxxxxxxxxxxxxxxxxxxxxxxxxxxxxxxxxxxxxxxxxxxxxxxxxxxxxxxxxxxxxxxxxxxxxxxxxxxxxxxxxxx
41: MEM Wr Req: addr=80007d40 tag=22 byteen=f000000000000000 data=00000000xxxxxxxxxxxxxxxxxxxxxxxxxxxxxxxxxxxxxxxxxxxxxxxxxxxxxxxxxxxxxxxxxxxxxxxxxxxxxxxxxxxxxxxxxxxxxxxxxxxxxxxxxxxxxxxxxxxxxxxx
42: MEM Wr Req: addr=80007d80 tag=42 byteen=000000000000000f data=xxxxxxxxxxxxxxxxxxxxxxxxxxxxxxxxxxxxxxxxxxxxxxxxxxxxxxxxxxxxxxxxxxxxxxxxxxxxxxxxxxxxxxxxxxxxxxxxxxxxxxxxxxxxxxxxxxxxxxxx00000000
43: MEM Wr Req: addr=80007d80 tag=42 byteen=00000000000000f0 data=xxxxxxxxxxxxxxxxxxxxxxxxxxxxxxxxxxxxxxxxxxxxxxxxxxxxxxxxxxxxxxxxxxxxxxxxxxxxxxxxxxxxxxxxxxxxxxxxxxxxxxxxxxxxxxxx00000000xxxxxxxx
44: MEM Wr Req: addr=80007d80 tag=42 byteen=0000000000000f00 data=xxxxxxxxxxxxxxxxxxxxxxxxxxxxxxxxxxxxxxxxxxxxxxxxxxxxxxxxxxxxxxxxxxxxxxxxxxxxxxxxxxxxxxxxxxxxxxxxxxxxxxxx00000000xxxxxxxxxxxxxxxx
45: MEM Wr Req: addr=80007d80 tag=42 byteen=000000000000f000 data=xxxxxxxxxxxxxxxxxxxxxxxxxxxxxxxxxxxxxxxxxxxxxxxxxxxxxxxxxxxxxxxxxxxxxxxxxxxxxxxxxxxxxxxxxxxxxxxx00000000xxxxxxxxxxxxxxxxxxxxxxxx
46: MEM Rd Req: addr=800028c0 tag=0
47: MEM Rsp: tag=0 data=000786130080006f0090081301b1061300c105130211262300050713fd0101130000806700051063e11ff06f000005930000069300000613e21ff06f00000593
48: MEM Rd Req: addr=80002b40 tag=0
49: MEM Rsp: tag=0 data=0049a6031b0989930000599700040913ccdff0ef0004851300069663004926830406946300050493fc04741303f10413000926831e8909130000591765d000ef
50: MEM Rd Req: addr=80003980 tag=0
51: MEM Rsp: tag=0 data=00002517e94fe0ef001126233785859300000597800405130000143700812423ff010113cd1ff06f0065d5b300e7e5330067573301c597b340a585b3411585b3
52: MEM Wr Req: addr=80027c80 tag=42 byteen=000000000f000000 data=xxxxxxxxxxxxxxxxxxxxxxxxxxxxxxxxxxxxxxxxxxxxxxxxxxxxxxxxxxxxxxxxxxxxxxxx00000000xxxxxxxxxxxxxxxxxxxxxxxxxxxxxxxxxxxxxxxxxxxxxxxx
53: MEM Wr Req: addr=80027c80 tag=42 byteen=00000000f0000000 data=xxxxxxxxxxxxxxxxxxxxxxxxxxxxxxxxxxxxxxxxxxxxxxxxxxxxxxxxxxxxxxxx80002b44xxxxxxxxxxxxxxxxxxxxxxxxxxxxxxxxxxxxxxxxxxxxxxxxxxxxxxxx
54: MEM Rd Req: addr=80002040 tag=0
55: MEM Rsp: tag=0 data=ffc5861304fe486340b887b3ffff8f9302400e1300458593000f031300a588b300058e9340000fb700810f1300251513f3010113000080670015051300008067
56: MEM Rd Req: addr=800020c0 tag=0
57: MEM Rsp: tag=0 data=00e7a0230007a68300fe87b30005a7030027979301f787b34017d79300e787b301f7579300e78733402757134027d79341d8873341d587b3fafe5ce340b887b3
58: MEM Rd Req: addr=80003d00 tag=2
59: MEM Rd Req: addr=80004d00 tag=6
60: MEM Rd Req: addr=80002100 tag=0
61: MEM Rsp: tag=2 data=0039e5ef0035be920030356f00269b62002183c4000dbef4000a8b270000000000000410fffff87400000040000000100000000000000434fffff4540000002c
62: MEM Rsp: tag=6 data=40d5a17a40d2cc4140ce24f240ce0d2d40cd488540b0c4ff408b7651408b345c4085a050405d5a9b4043fd5b40257e40401ed5c8400712294001fa463fff4afd
63: MEM Rsp: tag=0 data=00f5a023fed5ae2300f6d863ffc5a7830005a683fed8ae2300f5a02300d7d863000707930005a683fee8ae23fef5ae2300e7da63ffc8a78300d5a023ffc5a703
64: MEM Wr Req: addr=80004d00 tag=2 byteen=0000000f00000000 data=xxxxxxxxxxxxxxxxxxxxxxxxxxxxxxxxxxxxxxxxxxxxxxxxxxxxxxxx000dbef4xxxxxxxxxxxxxxxxxxxxxxxxxxxxxxxxxxxxxxxxxxxxxxxxxxxxxxxxxxxxxxxx
65: MEM Wr Req: addr=80003d00 tag=2 byteen=00000f0000000000 data=xxxxxxxxxxxxxxxxxxxxxxxxxxxxxxxxxxxxxxxx408b345cxxxxxxxxxxxxxxxxxxxxxxxxxxxxxxxxxxxxxxxxxxxxxxxxxxxxxxxxxxxxxxxxxxxxxxxxxxxxxxxx
66: MEM Rd Req: addr=80005d00 tag=2
67: MEM Rsp: tag=2 data=1802eeec0039e5ef4861f4ee2b0197196adb4a643a2ccef4055424a47fe84e467fdb39007fca5d7f7fc0d2d07fc089767fb1c8f27fa617157f9958997f8f3385
68: MEM Rd Req: addr=80002140 tag=0
69: MEM Rsp: tag=0 data=00e5a02340a88833fd9ff06fff07ae23fee52e2300a7e863fee6cae3ffc7879300078613ff87a703fed84ce30045051300052803000887930045851300078693
70: MEM Rd Req: addr=80003d40 tag=22
71: MEM Rsp: tag=22 data=0144d932013affb90125630f00fa6bd800d9459500d78b4c00d3e7bb00c91f1d00c56a5300c4104000c2779600af1df9009490330051d704005102d6003d82bc
72: MEM Rd Req: addr=80003d80 tag=42
73: MEM Rsp: tag=42 data=021f244201e2213401e1c8a501db5cd701d8e9c701b7532401af2a8501a4941801a1befe019736cb019130b0018afa95017400ad01635b5b015b54ee0151c7f5
74: MEM Rd Req: addr=80003dc0 tag=62
75: MEM Rsp: tag=62 data=0335f6860314c3250309b80203065ce302e8425802e12ea702d43e0202d4127d02cdb6a6029eb6de028131ca027c8266024d4c360236bdad0234d6fc02232b34
76: MEM Rd Req: addr=80003e00 tag=2
77: MEM Rsp: tag=2 data=044f82a80439c4c2042c2c93042a6f58041eaaf4040ea10703f7ea6903dcb41003c508ea03b53e1f03adb922039bb6cd038a2382037855e00377705c034e472e
78: MEM Rd Req: addr=80003e40 tag=22
79: MEM Rsp: tag=22 data=055424a4054b5552053d3571050fd98104f0a42804da198b04d2734b04cadeea04c99c1c04ab80f2049e49b6049886b604867e240476b2da0458f6c60456e231
80: MEM Rd Req: addr=80003e80 tag=42
81: MEM Rsp: tag=42 data=0663242206622783065a84b70654d5d40648091f063e0340063ca4ed05ee6e1105b5122005a5ef07058dfb670588efda058545bf057ff25c056f41a4055e415f
82: MEM Rd Req: addr=80003ec0 tag=62
83: MEM Rsp: tag=62 data=0704f79f06fd8f2106fd3fc006f5b7c306db02e206ce962806c5187006c34b8b06b6e19d06ad864806873ee4067fc1000679895f0676417f06753ad6067047c4
84: MEM Rd Req: addr=80003f00 tag=2
85: MEM Rsp: tag=2 data=0850846908369b68082b2a17081649ca080c22150803987307f97b3807d5154507bfa8fc07a1afe9079f193f076267bf075a349307477a3f0721d1ee071c25d6
86: MEM Rd Req: addr=80003f40 tag=22
87: MEM Rsp: tag=22 data=09fe307709bcb5b609a054b6099f89600957f94f0953f9c1094a03e50913818509066d3008fe375708e42c1108da5b6b08d409fd08b3d3db08adda7108606c9b
88: MEM Rd Req: addr=80003f80 tag=42
89: MEM Rsp: tag=42 data=0ac3bca30ac2f5910aa9d0990a8e58740a7dea250a7b29300a79c97f0a6dc44f0a6048d20a5c53d90a50ba030a422f1a0a264a150a1dd3450a17379b0a0f4130
90: MEM Rd Req: addr=80003fc0 tag=62
91: MEM Rsp: tag=62 data=0bccb4200bb4db0a0ba53f660b8e48140b5f7c260b5b5a9a0b5676e30b34e8920b18dcd00b17dbe00b15d3600b10eae80b0fe9330af2ba5a0ae23aae0ad28142
92: MEM Rd Req: addr=80004000 tag=2
93: MEM Rsp: tag=2 data=0ccc75090caf65910ca390c00c92366e0c8fc4ff0c85d9280c6c6fc00c6845e20c5149630c382cec0c30a6570c11f2ea0bef9f160bed09190bd0cd600bd016b9
94: MEM Rd Req: addr=80004040 tag=22
95: MEM Rsp: tag=22 data=0d8e43d30d8789af0d86507c0d8390d40d8385140d777e030d7718cd0d6a9e8b0d4388d10d36494b0d313b0a0d08a7e90cfacc9f0ce868ec0ce68aa10cd0ea80
96: MEM Rd Req: addr=80004080 tag=42
97: MEM Rsp: tag=42 data=0e65938a0e64b6310e578ce30e4df6980e383b240e33d8e00e20a51b0e1e124f0df327b10dd6a4550dc78d110dbf323a0dbab6ca0db415000da5a9110d9505ac
98: MEM Rd Req: addr=800040c0 tag=62
99: MEM Rsp: tag=62 data=0f45760e0f3673da0f222f3e0efdcd000ef3cfda0ef1db660ee8ab910ee70b530ee21ec70ebfc3680ebfbe140ebca14b0e9f83b20e9a06c90e95f8480e683a1d
100: MEM Rd Req: addr=80004100 tag=2
101: MEM Rsp: tag=2 data=10244d23101e233d100b2d4e0ffab0dc0fecc2dc0fd11efe0f97096e0f8b5fbf0f8993380f8982b70f835fc40f7bdcbd0f7bc1b10f637b730f5c9eb70f4f61f6
102: MEM Rd Req: addr=80004140 tag=22
103: MEM Rsp: tag=22 data=11cf4fc8119f82271189000211787eec115cdc36114443c8112b5d0f1122dde610f7897910e4ceaf10c48f9a10a50db210910f29108a45f510604c251034f81f
104: MEM Rd Req: addr=80004180 tag=42
105: MEM Rsp: tag=42 data=12686746126663be125bc895123963431235671f1225321c1221e4741220acb4121c51f61203824211fb2b6111fb04bd11f63fa611eb12e011e48de811da1826
106: MEM Rd Req: addr=800041c0 tag=62
107: MEM Rsp: tag=62 data=13bf00c713b2a26a13a7db86139ce4b213954dd8136948cb13640e9b13532441133cc0ac1314e74112ffbfaa12f4008312dd1744128b6db5127e64081268c920

memory read request transactions:
1: MEM Rd Req: addr=80000000 tag=0
2: MEM Rd Req: addr=80000040 tag=0
3: MEM Rd Req: addr=80000080 tag=0
4: MEM Rd Req: addr=800000c0 tag=0
5: MEM Rd Req: addr=80002ac0 tag=0
6: MEM Rd Req: addr=80002b00 tag=0
7: MEM Rd Req: addr=80002a00 tag=0
8: MEM Rd Req: addr=80002a40 tag=0
9: MEM Rd Req: addr=80002a80 tag=0
10: MEM Rd Req: addr=800028c0 tag=0
11: MEM Rd Req: addr=80002b40 tag=0
12: MEM Rd Req: addr=80003980 tag=0
13: MEM Rd Req: addr=80002040 tag=0
14: MEM Rd Req: addr=800020c0 tag=0
15: MEM Rd Req: addr=80003d00 tag=2
16: MEM Rd Req: addr=80004d00 tag=6
17: MEM Rd Req: addr=80002100 tag=0
18: MEM Rd Req: addr=80005d00 tag=2
19: MEM Rd Req: addr=80002140 tag=0
20: MEM Rd Req: addr=80003d40 tag=22
21: MEM Rd Req: addr=80003d80 tag=42
22: MEM Rd Req: addr=80003dc0 tag=62
23: MEM Rd Req: addr=80003e00 tag=2
24: MEM Rd Req: addr=80003e40 tag=22
25: MEM Rd Req: addr=80003e80 tag=42
26: MEM Rd Req: addr=80003ec0 tag=62
27: MEM Rd Req: addr=80003f00 tag=2
28: MEM Rd Req: addr=80003f40 tag=22
29: MEM Rd Req: addr=80003f80 tag=42
30: MEM Rd Req: addr=80003fc0 tag=62
31: MEM Rd Req: addr=80004000 tag=2
32: MEM Rd Req: addr=80004040 tag=22
33: MEM Rd Req: addr=80004080 tag=42
34: MEM Rd Req: addr=800040c0 tag=62
35: MEM Rd Req: addr=80004100 tag=2
36: MEM Rd Req: addr=80004140 tag=22
37: MEM Rd Req: addr=80004180 tag=42
38: MEM Rd Req: addr=800041c0 tag=62

memory write request transactions:
1: MEM Wr Req: addr=80027d00 tag=2 byteen=00000f0000000000 data=xxxxxxxxxxxxxxxxxxxxxxxxxxxxxxxxxxxxxxxx00000000xxxxxxxxxxxxxxxxxxxxxxxxxxxxxxxxxxxxxxxxxxxxxxxxxxxxxxxxxxxxxxxxxxxxxxxxxxxxxxxx
2: MEM Wr Req: addr=80027d00 tag=2 byteen=0000f00000000000 data=xxxxxxxxxxxxxxxxxxxxxxxxxxxxxxxx00000000xxxxxxxxxxxxxxxxxxxxxxxxxxxxxxxxxxxxxxxxxxxxxxxxxxxxxxxxxxxxxxxxxxxxxxxxxxxxxxxxxxxxxxxx
3: MEM Wr Req: addr=80027d00 tag=2 byteen=00f0000000000000 data=xxxxxxxxxxxxxxxx00000000xxxxxxxxxxxxxxxxxxxxxxxxxxxxxxxxxxxxxxxxxxxxxxxxxxxxxxxxxxxxxxxxxxxxxxxxxxxxxxxxxxxxxxxxxxxxxxxxxxxxxxxx
4: MEM Wr Req: addr=80027d00 tag=2 byteen=000f000000000000 data=xxxxxxxxxxxxxxxxxxxxxxxx00000000xxxxxxxxxxxxxxxxxxxxxxxxxxxxxxxxxxxxxxxxxxxxxxxxxxxxxxxxxxxxxxxxxxxxxxxxxxxxxxxxxxxxxxxxxxxxxxxx
5: MEM Wr Req: addr=80027d00 tag=2 byteen=f000000000000000 data=00000000xxxxxxxxxxxxxxxxxxxxxxxxxxxxxxxxxxxxxxxxxxxxxxxxxxxxxxxxxxxxxxxxxxxxxxxxxxxxxxxxxxxxxxxxxxxxxxxxxxxxxxxxxxxxxxxxxxxxxxxx
6: MEM Wr Req: addr=80027d00 tag=2 byteen=0f00000000000000 data=xxxxxxxx00000000xxxxxxxxxxxxxxxxxxxxxxxxxxxxxxxxxxxxxxxxxxxxxxxxxxxxxxxxxxxxxxxxxxxxxxxxxxxxxxxxxxxxxxxxxxxxxxxxxxxxxxxxxxxxxxxx
7: MEM Wr Req: addr=80027d00 tag=2 byteen=000000f000000000 data=xxxxxxxxxxxxxxxxxxxxxxxxxxxxxxxxxxxxxxxxxxxxxxxx00000000xxxxxxxxxxxxxxxxxxxxxxxxxxxxxxxxxxxxxxxxxxxxxxxxxxxxxxxxxxxxxxxxxxxxxxxx
8: MEM Wr Req: addr=80007d40 tag=22 byteen=000000000000000f data=xxxxxxxxxxxxxxxxxxxxxxxxxxxxxxxxxxxxxxxxxxxxxxxxxxxxxxxxxxxxxxxxxxxxxxxxxxxxxxxxxxxxxxxxxxxxxxxxxxxxxxxxxxxxxxxxxxxxxxxx00000000
9: MEM Wr Req: addr=80007d40 tag=22 byteen=00000000000000f0 data=xxxxxxxxxxxxxxxxxxxxxxxxxxxxxxxxxxxxxxxxxxxxxxxxxxxxxxxxxxxxxxxxxxxxxxxxxxxxxxxxxxxxxxxxxxxxxxxxxxxxxxxxxxxxxxxx00000000xxxxxxxx
10: MEM Wr Req: addr=80007d40 tag=22 byteen=0000000000000f00 data=xxxxxxxxxxxxxxxxxxxxxxxxxxxxxxxxxxxxxxxxxxxxxxxxxxxxxxxxxxxxxxxxxxxxxxxxxxxxxxxxxxxxxxxxxxxxxxxxxxxxxxxx00000000xxxxxxxxxxxxxxxx
11: MEM Wr Req: addr=80007d40 tag=22 byteen=000000000000f000 data=xxxxxxxxxxxxxxxxxxxxxxxxxxxxxxxxxxxxxxxxxxxxxxxxxxxxxxxxxxxxxxxxxxxxxxxxxxxxxxxxxxxxxxxxxxxxxxxx00000000xxxxxxxxxxxxxxxxxxxxxxxx
12: MEM Wr Req: addr=80007d40 tag=22 byteen=00000000000f0000 data=xxxxxxxxxxxxxxxxxxxxxxxxxxxxxxxxxxxxxxxxxxxxxxxxxxxxxxxxxxxxxxxxxxxxxxxxxxxxxxxxxxxxxxxx00000000xxxxxxxxxxxxxxxxxxxxxxxxxxxxxxxx
13: MEM Wr Req: addr=80007d40 tag=22 byteen=0000000000f00000 data=xxxxxxxxxxxxxxxxxxxxxxxxxxxxxxxxxxxxxxxxxxxxxxxxxxxxxxxxxxxxxxxxxxxxxxxxxxxxxxxx00000000xxxxxxxxxxxxxxxxxxxxxxxxxxxxxxxxxxxxxxxx
14: MEM Wr Req: addr=80007d40 tag=22 byteen=000000000f000000 data=xxxxxxxxxxxxxxxxxxxxxxxxxxxxxxxxxxxxxxxxxxxxxxxxxxxxxxxxxxxxxxxxxxxxxxxx00000000xxxxxxxxxxxxxxxxxxxxxxxxxxxxxxxxxxxxxxxxxxxxxxxx
15: MEM Wr Req: addr=80007d40 tag=22 byteen=00000000f0000000 data=xxxxxxxxxxxxxxxxxxxxxxxxxxxxxxxxxxxxxxxxxxxxxxxxxxxxxxxxxxxxxxxx00000000xxxxxxxxxxxxxxxxxxxxxxxxxxxxxxxxxxxxxxxxxxxxxxxxxxxxxxxx
16: MEM Wr Req: addr=80007d40 tag=22 byteen=0000000f00000000 data=xxxxxxxxxxxxxxxxxxxxxxxxxxxxxxxxxxxxxxxxxxxxxxxxxxxxxxxx00000000xxxxxxxxxxxxxxxxxxxxxxxxxxxxxxxxxxxxxxxxxxxxxxxxxxxxxxxxxxxxxxxx
17: MEM Wr Req: addr=80007d40 tag=22 byteen=000000f000000000 data=xxxxxxxxxxxxxxxxxxxxxxxxxxxxxxxxxxxxxxxxxxxxxxxx00000000xxxxxxxxxxxxxxxxxxxxxxxxxxxxxxxxxxxxxxxxxxxxxxxxxxxxxxxxxxxxxxxxxxxxxxxx
18: MEM Wr Req: addr=80007d40 tag=22 byteen=00000f0000000000 data=xxxxxxxxxxxxxxxxxxxxxxxxxxxxxxxxxxxxxxxx00000000xxxxxxxxxxxxxxxxxxxxxxxxxxxxxxxxxxxxxxxxxxxxxxxxxxxxxxxxxxxxxxxxxxxxxxxxxxxxxxxx
19: MEM Wr Req: addr=80007d40 tag=22 byteen=0000f00000000000 data=xxxxxxxxxxxxxxxxxxxxxxxxxxxxxxxx00000000xxxxxxxxxxxxxxxxxxxxxxxxxxxxxxxxxxxxxxxxxxxxxxxxxxxxxxxxxxxxxxxxxxxxxxxxxxxxxxxxxxxxxxxx
20: MEM Wr Req: addr=80007d40 tag=22 byteen=000f000000000000 data=xxxxxxxxxxxxxxxxxxxxxxxx00000000xxxxxxxxxxxxxxxxxxxxxxxxxxxxxxxxxxxxxxxxxxxxxxxxxxxxxxxxxxxxxxxxxxxxxxxxxxxxxxxxxxxxxxxxxxxxxxxx
21: MEM Wr Req: addr=80007d40 tag=22 byteen=00f0000000000000 data=xxxxxxxxxxxxxxxx00000000xxxxxxxxxxxxxxxxxxxxxxxxxxxxxxxxxxxxxxxxxxxxxxxxxxxxxxxxxxxxxxxxxxxxxxxxxxxxxxxxxxxxxxxxxxxxxxxxxxxxxxxx
22: MEM Wr Req: addr=80007d40 tag=22 byteen=0f00000000000000 data=xxxxxxxx00000000xxxxxxxxxxxxxxxxxxxxxxxxxxxxxxxxxxxxxxxxxxxxxxxxxxxxxxxxxxxxxxxxxxxxxxxxxxxxxxxxxxxxxxxxxxxxxxxxxxxxxxxxxxxxxxxx
23: MEM Wr Req: addr=80007d40 tag=22 byteen=f000000000000000 data=00000000xxxxxxxxxxxxxxxxxxxxxxxxxxxxxxxxxxxxxxxxxxxxxxxxxxxxxxxxxxxxxxxxxxxxxxxxxxxxxxxxxxxxxxxxxxxxxxxxxxxxxxxxxxxxxxxxxxxxxxxx
24: MEM Wr Req: addr=80007d80 tag=42 byteen=000000000000000f data=xxxxxxxxxxxxxxxxxxxxxxxxxxxxxxxxxxxxxxxxxxxxxxxxxxxxxxxxxxxxxxxxxxxxxxxxxxxxxxxxxxxxxxxxxxxxxxxxxxxxxxxxxxxxxxxxxxxxxxxx00000000
25: MEM Wr Req: addr=80007d80 tag=42 byteen=00000000000000f0 data=xxxxxxxxxxxxxxxxxxxxxxxxxxxxxxxxxxxxxxxxxxxxxxxxxxxxxxxxxxxxxxxxxxxxxxxxxxxxxxxxxxxxxxxxxxxxxxxxxxxxxxxxxxxxxxxx00000000xxxxxxxx
26: MEM Wr Req: addr=80007d80 tag=42 byteen=0000000000000f00 data=xxxxxxxxxxxxxxxxxxxxxxxxxxxxxxxxxxxxxxxxxxxxxxxxxxxxxxxxxxxxxxxxxxxxxxxxxxxxxxxxxxxxxxxxxxxxxxxxxxxxxxxx00000000xxxxxxxxxxxxxxxx
27: MEM Wr Req: addr=80007d80 tag=42 byteen=000000000000f000 data=xxxxxxxxxxxxxxxxxxxxxxxxxxxxxxxxxxxxxxxxxxxxxxxxxxxxxxxxxxxxxxxxxxxxxxxxxxxxxxxxxxxxxxxxxxxxxxxx00000000xxxxxxxxxxxxxxxxxxxxxxxx
28: MEM Wr Req: addr=80027c80 tag=42 byteen=000000000f000000 data=xxxxxxxxxxxxxxxxxxxxxxxxxxxxxxxxxxxxxxxxxxxxxxxxxxxxxxxxxxxxxxxxxxxxxxxx00000000xxxxxxxxxxxxxxxxxxxxxxxxxxxxxxxxxxxxxxxxxxxxxxxx
29: MEM Wr Req: addr=80027c80 tag=42 byteen=00000000f0000000 data=xxxxxxxxxxxxxxxxxxxxxxxxxxxxxxxxxxxxxxxxxxxxxxxxxxxxxxxxxxxxxxxx80002b44xxxxxxxxxxxxxxxxxxxxxxxxxxxxxxxxxxxxxxxxxxxxxxxxxxxxxxxx
30: MEM Wr Req: addr=80004d00 tag=2 byteen=0000000f00000000 data=xxxxxxxxxxxxxxxxxxxxxxxxxxxxxxxxxxxxxxxxxxxxxxxxxxxxxxxx000dbef4xxxxxxxxxxxxxxxxxxxxxxxxxxxxxxxxxxxxxxxxxxxxxxxxxxxxxxxxxxxxxxxx
31: MEM Wr Req: addr=80003d00 tag=2 byteen=00000f0000000000 data=xxxxxxxxxxxxxxxxxxxxxxxxxxxxxxxxxxxxxxxx408b345cxxxxxxxxxxxxxxxxxxxxxxxxxxxxxxxxxxxxxxxxxxxxxxxxxxxxxxxxxxxxxxxxxxxxxxxxxxxxxxxx

memory response transactions:
1: MEM Rsp: tag=0 data=00000813000007930000071300000693000006130000059300000513000004930000041300000393000003130000029300000213000001930000011300000093
2: MEM Rsp: tag=0 data=0001e2b700000f9300000f1300000e9300000e1300000d9300000d1300000c9300000c1300000b9300000b1300000a9300000a13000009930000091300000893
3: MEM Rsp: tag=0 data=f1402573fc02721385b182134781819300008197305290730402829300000297ff5ff06ff6a2a62300001297001005130002ca6301f29293001002933002a073
4: MEM Rsp: tag=0 data=00712e2300612c2300512a2300412823003126230021242300112223ef0101131ed0206f00c202330115161300410133011111130015011300b5706300100593
5: MEM Rsp: tag=0 data=000785930002051300058913000504930921282308912a2340fa09b30931262325ca0a1300005a17094124232687879300005797f60101130000806700008067
6: MEM Rsp: tag=0 data=0000051300000593da5ff0ef0004851300090593f45ff0ef013a8533000005934146063386018613efdff0ef00020a930951222308812c2308112e2300098613
7: MEM Rsp: tag=0 data=fee78fa300178793001585930005c70302d57e630005079300c586330207846300c506b30037f79300f567b300c5e7b300008067050101130281240340850533
8: MEM Rsp: tag=0 data=0ff5f5930207806300c506330037f79300c567b30000806700008067fed7e8e3fee7ae2300458593004787930005a70300050793fed57ee300008067feb618e3
9: MEM Rsp: tag=0 data=fec7ece3fee7ae230047879300050793fec574e300f767330107179300e5e733008597130ff5f59300008067fef61ce3feb78fa30017879304c5706300050793
10: MEM Rsp: tag=0 data=000786130080006f0090081301b1061300c105130211262300050713fd0101130000806700051063e11ff06f000005930000069300000613e21ff06f00000593
11: MEM Rsp: tag=0 data=0049a6031b0989930000599700040913ccdff0ef0004851300069663004926830406946300050493fc04741303f10413000926831e8909130000591765d000ef
12: MEM Rsp: tag=0 data=00002517e94fe0ef001126233785859300000597800405130000143700812423ff010113cd1ff06f0065d5b300e7e5330067573301c597b340a585b3411585b3
13: MEM Rsp: tag=0 data=ffc5861304fe486340b887b3ffff8f9302400e1300458593000f031300a588b300058e9340000fb700810f1300251513f3010113000080670015051300008067
14: MEM Rsp: tag=0 data=00e7a0230007a68300fe87b30005a7030027979301f787b34017d79300e787b301f7579300e78733402757134027d79341d8873341d587b3fafe5ce340b887b3
15: MEM Rsp: tag=2 data=0039e5ef0035be920030356f00269b62002183c4000dbef4000a8b270000000000000410fffff87400000040000000100000000000000434fffff4540000002c
16: MEM Rsp: tag=6 data=40d5a17a40d2cc4140ce24f240ce0d2d40cd488540b0c4ff408b7651408b345c4085a050405d5a9b4043fd5b40257e40401ed5c8400712294001fa463fff4afd
17: MEM Rsp: tag=0 data=00f5a023fed5ae2300f6d863ffc5a7830005a683fed8ae2300f5a02300d7d863000707930005a683fee8ae23fef5ae2300e7da63ffc8a78300d5a023ffc5a703
18: MEM Rsp: tag=2 data=1802eeec0039e5ef4861f4ee2b0197196adb4a643a2ccef4055424a47fe84e467fdb39007fca5d7f7fc0d2d07fc089767fb1c8f27fa617157f9958997f8f3385
19: MEM Rsp: tag=0 data=00e5a02340a88833fd9ff06fff07ae23fee52e2300a7e863fee6cae3ffc7879300078613ff87a703fed84ce30045051300052803000887930045851300078693
20: MEM Rsp: tag=22 data=0144d932013affb90125630f00fa6bd800d9459500d78b4c00d3e7bb00c91f1d00c56a5300c4104000c2779600af1df9009490330051d704005102d6003d82bc
21: MEM Rsp: tag=42 data=021f244201e2213401e1c8a501db5cd701d8e9c701b7532401af2a8501a4941801a1befe019736cb019130b0018afa95017400ad01635b5b015b54ee0151c7f5
22: MEM Rsp: tag=62 data=0335f6860314c3250309b80203065ce302e8425802e12ea702d43e0202d4127d02cdb6a6029eb6de028131ca027c8266024d4c360236bdad0234d6fc02232b34
23: MEM Rsp: tag=2 data=044f82a80439c4c2042c2c93042a6f58041eaaf4040ea10703f7ea6903dcb41003c508ea03b53e1f03adb922039bb6cd038a2382037855e00377705c034e472e
24: MEM Rsp: tag=22 data=055424a4054b5552053d3571050fd98104f0a42804da198b04d2734b04cadeea04c99c1c04ab80f2049e49b6049886b604867e240476b2da0458f6c60456e231
25: MEM Rsp: tag=42 data=0663242206622783065a84b70654d5d40648091f063e0340063ca4ed05ee6e1105b5122005a5ef07058dfb670588efda058545bf057ff25c056f41a4055e415f
26: MEM Rsp: tag=62 data=0704f79f06fd8f2106fd3fc006f5b7c306db02e206ce962806c5187006c34b8b06b6e19d06ad864806873ee4067fc1000679895f0676417f06753ad6067047c4
27: MEM Rsp: tag=2 data=0850846908369b68082b2a17081649ca080c22150803987307f97b3807d5154507bfa8fc07a1afe9079f193f076267bf075a349307477a3f0721d1ee071c25d6
28: MEM Rsp: tag=22 data=09fe307709bcb5b609a054b6099f89600957f94f0953f9c1094a03e50913818509066d3008fe375708e42c1108da5b6b08d409fd08b3d3db08adda7108606c9b
29: MEM Rsp: tag=42 data=0ac3bca30ac2f5910aa9d0990a8e58740a7dea250a7b29300a79c97f0a6dc44f0a6048d20a5c53d90a50ba030a422f1a0a264a150a1dd3450a17379b0a0f4130
30: MEM Rsp: tag=62 data=0bccb4200bb4db0a0ba53f660b8e48140b5f7c260b5b5a9a0b5676e30b34e8920b18dcd00b17dbe00b15d3600b10eae80b0fe9330af2ba5a0ae23aae0ad28142
31: MEM Rsp: tag=2 data=0ccc75090caf65910ca390c00c92366e0c8fc4ff0c85d9280c6c6fc00c6845e20c5149630c382cec0c30a6570c11f2ea0bef9f160bed09190bd0cd600bd016b9
32: MEM Rsp: tag=22 data=0d8e43d30d8789af0d86507c0d8390d40d8385140d777e030d7718cd0d6a9e8b0d4388d10d36494b0d313b0a0d08a7e90cfacc9f0ce868ec0ce68aa10cd0ea80
33: MEM Rsp: tag=42 data=0e65938a0e64b6310e578ce30e4df6980e383b240e33d8e00e20a51b0e1e124f0df327b10dd6a4550dc78d110dbf323a0dbab6ca0db415000da5a9110d9505ac
34: MEM Rsp: tag=62 data=0f45760e0f3673da0f222f3e0efdcd000ef3cfda0ef1db660ee8ab910ee70b530ee21ec70ebfc3680ebfbe140ebca14b0e9f83b20e9a06c90e95f8480e683a1d
35: MEM Rsp: tag=2 data=10244d23101e233d100b2d4e0ffab0dc0fecc2dc0fd11efe0f97096e0f8b5fbf0f8993380f8982b70f835fc40f7bdcbd0f7bc1b10f637b730f5c9eb70f4f61f6
36: MEM Rsp: tag=22 data=11cf4fc8119f82271189000211787eec115cdc36114443c8112b5d0f1122dde610f7897910e4ceaf10c48f9a10a50db210910f29108a45f510604c251034f81f
37: MEM Rsp: tag=42 data=12686746126663be125bc895123963431235671f1225321c1221e4741220acb4121c51f61203824211fb2b6111fb04bd11f63fa611eb12e011e48de811da1826
38: MEM Rsp: tag=62 data=13bf00c713b2a26a13a7db86139ce4b213954dd8136948cb13640e9b13532441133cc0ac1314e74112ffbfaa12f4008312dd1744128b6db5127e64081268c920

