all memory transactions:
1: MEM Rd Req: addr=80000000 tag=0
2: MEM Rsp: tag=0 data=00000813000007930000071300000693000006130000059300000513000004930000041300000393000003130000029300000213000001930000011300000093
3: MEM Rd Req: addr=80000040 tag=0
4: MEM Rsp: tag=0 data=0001e2b700000f9300000f1300000e9300000e1300000d9300000d1300000c9300000c1300000b9300000b1300000a9300000a13000009930000091300000893
5: MEM Rd Req: addr=80000080 tag=0
6: MEM Rsp: tag=0 data=fc02721354b202130000e21720c1819300005197305290730442829300000297ff5ff06ff6a2a62300001297001005130002ca6301f29293001002933002a073
7: MEM Rd Req: addr=800000c0 tag=0
8: MEM Rsp: tag=0 data=00612c2300512a2300412823003126230021242300112223ef01011332d0206f00c202330115161300410133011111130015011300b5706300100593f1402573
9: MEM Rd Req: addr=80002c00 tag=0
10: MEM Rsp: tag=0 data=0002051300058913000504930921282308912a2340fa09b309312623968a0a130000ca1709412423974787930000c797f60101130000806700008067fec7ece3
11: MEM Wr Req: addr=8002e580 tag=42 byteen=00000f0000000000 data=xxxxxxxxxxxxxxxxxxxxxxxxxxxxxxxxxxxxxxxx00000000xxxxxxxxxxxxxxxxxxxxxxxxxxxxxxxxxxxxxxxxxxxxxxxxxxxxxxxxxxxxxxxxxxxxxxxxxxxxxxxx
12: MEM Wr Req: addr=8002e580 tag=42 byteen=0000f00000000000 data=xxxxxxxxxxxxxxxxxxxxxxxxxxxxxxxx00000000xxxxxxxxxxxxxxxxxxxxxxxxxxxxxxxxxxxxxxxxxxxxxxxxxxxxxxxxxxxxxxxxxxxxxxxxxxxxxxxxxxxxxxxx
13: MEM Wr Req: addr=8002e580 tag=42 byteen=00f0000000000000 data=xxxxxxxxxxxxxxxx00000000xxxxxxxxxxxxxxxxxxxxxxxxxxxxxxxxxxxxxxxxxxxxxxxxxxxxxxxxxxxxxxxxxxxxxxxxxxxxxxxxxxxxxxxxxxxxxxxxxxxxxxxx
14: MEM Wr Req: addr=8002e580 tag=42 byteen=000f000000000000 data=xxxxxxxxxxxxxxxxxxxxxxxx00000000xxxxxxxxxxxxxxxxxxxxxxxxxxxxxxxxxxxxxxxxxxxxxxxxxxxxxxxxxxxxxxxxxxxxxxxxxxxxxxxxxxxxxxxxxxxxxxxx
15: MEM Rd Req: addr=80002c40 tag=0
16: MEM Rsp: tag=0 data=da1ff0ef0004851300090593f41ff0ef013a853300000593414606339a8606130000c617efdff0ef00020a930951222308812c2308112e230009861300078593
17: MEM Wr Req: addr=8002e580 tag=42 byteen=f000000000000000 data=00000000xxxxxxxxxxxxxxxxxxxxxxxxxxxxxxxxxxxxxxxxxxxxxxxxxxxxxxxxxxxxxxxxxxxxxxxxxxxxxxxxxxxxxxxxxxxxxxxxxxxxxxxxxxxxxxxxxxxxxxxx
18: MEM Wr Req: addr=8002e580 tag=42 byteen=0f00000000000000 data=xxxxxxxx00000000xxxxxxxxxxxxxxxxxxxxxxxxxxxxxxxxxxxxxxxxxxxxxxxxxxxxxxxxxxxxxxxxxxxxxxxxxxxxxxxxxxxxxxxxxxxxxxxxxxxxxxxxxxxxxxxx
19: MEM Wr Req: addr=8002e580 tag=42 byteen=000000f000000000 data=xxxxxxxxxxxxxxxxxxxxxxxxxxxxxxxxxxxxxxxxxxxxxxxx00000000xxxxxxxxxxxxxxxxxxxxxxxxxxxxxxxxxxxxxxxxxxxxxxxxxxxxxxxxxxxxxxxxxxxxxxxx
20: MEM Rd Req: addr=80002b40 tag=0
21: MEM Rsp: tag=0 data=00178793001585930005c70302d57e630005079300c586330207846300c506b30037f79300f567b300c5e7b30000806705010113028124034085053302c12083
22: MEM Rd Req: addr=80002b80 tag=0
23: MEM Rsp: tag=0 data=0207806300c506330037f79300c567b30000806700008067fed7e8e3fee7ae2300458593004787930005a70300050793fed57ee300008067feb618e3fee78fa3
24: MEM Rd Req: addr=80002bc0 tag=0
25: MEM Rsp: tag=0 data=fee7ae230047879300050793fec574e300f767330107179300e5e733008597130ff5f59300008067fef61ce3feb78fa30017879304c57063000507930ff5f593
26: MEM Wr Req: addr=8000e5c0 tag=62 byteen=000000000000000f data=xxxxxxxxxxxxxxxxxxxxxxxxxxxxxxxxxxxxxxxxxxxxxxxxxxxxxxxxxxxxxxxxxxxxxxxxxxxxxxxxxxxxxxxxxxxxxxxxxxxxxxxxxxxxxxxxxxxxxxxx00000000
27: MEM Wr Req: addr=8000e5c0 tag=62 byteen=00000000000000f0 data=xxxxxxxxxxxxxxxxxxxxxxxxxxxxxxxxxxxxxxxxxxxxxxxxxxxxxxxxxxxxxxxxxxxxxxxxxxxxxxxxxxxxxxxxxxxxxxxxxxxxxxxxxxxxxxxx00000000xxxxxxxx
28: MEM Wr Req: addr=8000e5c0 tag=62 byteen=0000000000000f00 data=xxxxxxxxxxxxxxxxxxxxxxxxxxxxxxxxxxxxxxxxxxxxxxxxxxxxxxxxxxxxxxxxxxxxxxxxxxxxxxxxxxxxxxxxxxxxxxxxxxxxxxxx00000000xxxxxxxxxxxxxxxx
29: MEM Wr Req: addr=8000e5c0 tag=62 byteen=000000000000f000 data=xxxxxxxxxxxxxxxxxxxxxxxxxxxxxxxxxxxxxxxxxxxxxxxxxxxxxxxxxxxxxxxxxxxxxxxxxxxxxxxxxxxxxxxxxxxxxxxx00000000xxxxxxxxxxxxxxxxxxxxxxxx
30: MEM Wr Req: addr=8000e5c0 tag=62 byteen=00000000000f0000 data=xxxxxxxxxxxxxxxxxxxxxxxxxxxxxxxxxxxxxxxxxxxxxxxxxxxxxxxxxxxxxxxxxxxxxxxxxxxxxxxxxxxxxxxx00000000xxxxxxxxxxxxxxxxxxxxxxxxxxxxxxxx
31: MEM Wr Req: addr=8000e5c0 tag=62 byteen=0000000000f00000 data=xxxxxxxxxxxxxxxxxxxxxxxxxxxxxxxxxxxxxxxxxxxxxxxxxxxxxxxxxxxxxxxxxxxxxxxxxxxxxxxx00000000xxxxxxxxxxxxxxxxxxxxxxxxxxxxxxxxxxxxxxxx
32: MEM Wr Req: addr=8000e5c0 tag=62 byteen=000000000f000000 data=xxxxxxxxxxxxxxxxxxxxxxxxxxxxxxxxxxxxxxxxxxxxxxxxxxxxxxxxxxxxxxxxxxxxxxxx00000000xxxxxxxxxxxxxxxxxxxxxxxxxxxxxxxxxxxxxxxxxxxxxxxx
33: MEM Wr Req: addr=8000e5c0 tag=62 byteen=00000000f0000000 data=xxxxxxxxxxxxxxxxxxxxxxxxxxxxxxxxxxxxxxxxxxxxxxxxxxxxxxxxxxxxxxxx00000000xxxxxxxxxxxxxxxxxxxxxxxxxxxxxxxxxxxxxxxxxxxxxxxxxxxxxxxx
34: MEM Wr Req: addr=8000e5c0 tag=62 byteen=0000000f00000000 data=xxxxxxxxxxxxxxxxxxxxxxxxxxxxxxxxxxxxxxxxxxxxxxxxxxxxxxxx00000000xxxxxxxxxxxxxxxxxxxxxxxxxxxxxxxxxxxxxxxxxxxxxxxxxxxxxxxxxxxxxxxx
35: MEM Wr Req: addr=8000e5c0 tag=62 byteen=000000f000000000 data=xxxxxxxxxxxxxxxxxxxxxxxxxxxxxxxxxxxxxxxxxxxxxxxx00000000xxxxxxxxxxxxxxxxxxxxxxxxxxxxxxxxxxxxxxxxxxxxxxxxxxxxxxxxxxxxxxxxxxxxxxxx
36: MEM Wr Req: addr=8000e5c0 tag=62 byteen=00000f0000000000 data=xxxxxxxxxxxxxxxxxxxxxxxxxxxxxxxxxxxxxxxx00000000xxxxxxxxxxxxxxxxxxxxxxxxxxxxxxxxxxxxxxxxxxxxxxxxxxxxxxxxxxxxxxxxxxxxxxxxxxxxxxxx
37: MEM Wr Req: addr=8000e5c0 tag=62 byteen=0000f00000000000 data=xxxxxxxxxxxxxxxxxxxxxxxxxxxxxxxx00000000xxxxxxxxxxxxxxxxxxxxxxxxxxxxxxxxxxxxxxxxxxxxxxxxxxxxxxxxxxxxxxxxxxxxxxxxxxxxxxxxxxxxxxxx
38: MEM Wr Req: addr=8000e5c0 tag=62 byteen=000f000000000000 data=xxxxxxxxxxxxxxxxxxxxxxxx00000000xxxxxxxxxxxxxxxxxxxxxxxxxxxxxxxxxxxxxxxxxxxxxxxxxxxxxxxxxxxxxxxxxxxxxxxxxxxxxxxxxxxxxxxxxxxxxxxx
39: MEM Wr Req: addr=8000e5c0 tag=62 byteen=00f0000000000000 data=xxxxxxxxxxxxxxxx00000000xxxxxxxxxxxxxxxxxxxxxxxxxxxxxxxxxxxxxxxxxxxxxxxxxxxxxxxxxxxxxxxxxxxxxxxxxxxxxxxxxxxxxxxxxxxxxxxxxxxxxxxx
40: MEM Wr Req: addr=8000e5c0 tag=62 byteen=0f00000000000000 data=xxxxxxxx00000000xxxxxxxxxxxxxxxxxxxxxxxxxxxxxxxxxxxxxxxxxxxxxxxxxxxxxxxxxxxxxxxxxxxxxxxxxxxxxxxxxxxxxxxxxxxxxxxxxxxxxxxxxxxxxxxx
41: MEM Wr Req: addr=8000e5c0 tag=62 byteen=f000000000000000 data=00000000xxxxxxxxxxxxxxxxxxxxxxxxxxxxxxxxxxxxxxxxxxxxxxxxxxxxxxxxxxxxxxxxxxxxxxxxxxxxxxxxxxxxxxxxxxxxxxxxxxxxxxxxxxxxxxxxxxxxxxxx
42: MEM Wr Req: addr=8000e600 tag=2 byteen=000000000000000f data=xxxxxxxxxxxxxxxxxxxxxxxxxxxxxxxxxxxxxxxxxxxxxxxxxxxxxxxxxxxxxxxxxxxxxxxxxxxxxxxxxxxxxxxxxxxxxxxxxxxxxxxxxxxxxxxxxxxxxxxx00000000
43: MEM Wr Req: addr=8000e600 tag=2 byteen=00000000000000f0 data=xxxxxxxxxxxxxxxxxxxxxxxxxxxxxxxxxxxxxxxxxxxxxxxxxxxxxxxxxxxxxxxxxxxxxxxxxxxxxxxxxxxxxxxxxxxxxxxxxxxxxxxxxxxxxxxx00000000xxxxxxxx
44: MEM Wr Req: addr=8000e600 tag=2 byteen=0000000000000f00 data=xxxxxxxxxxxxxxxxxxxxxxxxxxxxxxxxxxxxxxxxxxxxxxxxxxxxxxxxxxxxxxxxxxxxxxxxxxxxxxxxxxxxxxxxxxxxxxxxxxxxxxxx00000000xxxxxxxxxxxxxxxx
45: MEM Wr Req: addr=8000e600 tag=2 byteen=000000000000f000 data=xxxxxxxxxxxxxxxxxxxxxxxxxxxxxxxxxxxxxxxxxxxxxxxxxxxxxxxxxxxxxxxxxxxxxxxxxxxxxxxxxxxxxxxxxxxxxxxx00000000xxxxxxxxxxxxxxxxxxxxxxxx
46: MEM Wr Req: addr=8000e600 tag=2 byteen=00000000000f0000 data=xxxxxxxxxxxxxxxxxxxxxxxxxxxxxxxxxxxxxxxxxxxxxxxxxxxxxxxxxxxxxxxxxxxxxxxxxxxxxxxxxxxxxxxx00000000xxxxxxxxxxxxxxxxxxxxxxxxxxxxxxxx
47: MEM Wr Req: addr=8000e600 tag=2 byteen=0000000000f00000 data=xxxxxxxxxxxxxxxxxxxxxxxxxxxxxxxxxxxxxxxxxxxxxxxxxxxxxxxxxxxxxxxxxxxxxxxxxxxxxxxx00000000xxxxxxxxxxxxxxxxxxxxxxxxxxxxxxxxxxxxxxxx
48: MEM Wr Req: addr=8000e600 tag=2 byteen=000000000f000000 data=xxxxxxxxxxxxxxxxxxxxxxxxxxxxxxxxxxxxxxxxxxxxxxxxxxxxxxxxxxxxxxxxxxxxxxxx00000000xxxxxxxxxxxxxxxxxxxxxxxxxxxxxxxxxxxxxxxxxxxxxxxx
49: MEM Wr Req: addr=8000e600 tag=2 byteen=00000000f0000000 data=xxxxxxxxxxxxxxxxxxxxxxxxxxxxxxxxxxxxxxxxxxxxxxxxxxxxxxxxxxxxxxxx00000000xxxxxxxxxxxxxxxxxxxxxxxxxxxxxxxxxxxxxxxxxxxxxxxxxxxxxxxx
50: MEM Wr Req: addr=8000e600 tag=2 byteen=0000000f00000000 data=xxxxxxxxxxxxxxxxxxxxxxxxxxxxxxxxxxxxxxxxxxxxxxxxxxxxxxxx00000000xxxxxxxxxxxxxxxxxxxxxxxxxxxxxxxxxxxxxxxxxxxxxxxxxxxxxxxxxxxxxxxx
51: MEM Wr Req: addr=8000e600 tag=2 byteen=000000f000000000 data=xxxxxxxxxxxxxxxxxxxxxxxxxxxxxxxxxxxxxxxxxxxxxxxx00000000xxxxxxxxxxxxxxxxxxxxxxxxxxxxxxxxxxxxxxxxxxxxxxxxxxxxxxxxxxxxxxxxxxxxxxxx
52: MEM Wr Req: addr=8000e600 tag=2 byteen=00000f0000000000 data=xxxxxxxxxxxxxxxxxxxxxxxxxxxxxxxxxxxxxxxx00000000xxxxxxxxxxxxxxxxxxxxxxxxxxxxxxxxxxxxxxxxxxxxxxxxxxxxxxxxxxxxxxxxxxxxxxxxxxxxxxxx
53: MEM Wr Req: addr=8000e600 tag=2 byteen=0000f00000000000 data=xxxxxxxxxxxxxxxxxxxxxxxxxxxxxxxx00000000xxxxxxxxxxxxxxxxxxxxxxxxxxxxxxxxxxxxxxxxxxxxxxxxxxxxxxxxxxxxxxxxxxxxxxxxxxxxxxxxxxxxxxxx
54: MEM Wr Req: addr=8000e600 tag=2 byteen=000f000000000000 data=xxxxxxxxxxxxxxxxxxxxxxxx00000000xxxxxxxxxxxxxxxxxxxxxxxxxxxxxxxxxxxxxxxxxxxxxxxxxxxxxxxxxxxxxxxxxxxxxxxxxxxxxxxxxxxxxxxxxxxxxxxx
55: MEM Wr Req: addr=8000e600 tag=2 byteen=00f0000000000000 data=xxxxxxxxxxxxxxxx00000000xxxxxxxxxxxxxxxxxxxxxxxxxxxxxxxxxxxxxxxxxxxxxxxxxxxxxxxxxxxxxxxxxxxxxxxxxxxxxxxxxxxxxxxxxxxxxxxxxxxxxxxx
56: MEM Wr Req: addr=8000e600 tag=2 byteen=0f00000000000000 data=xxxxxxxx00000000xxxxxxxxxxxxxxxxxxxxxxxxxxxxxxxxxxxxxxxxxxxxxxxxxxxxxxxxxxxxxxxxxxxxxxxxxxxxxxxxxxxxxxxxxxxxxxxxxxxxxxxxxxxxxxxx
57: MEM Wr Req: addr=8000e600 tag=2 byteen=f000000000000000 data=00000000xxxxxxxxxxxxxxxxxxxxxxxxxxxxxxxxxxxxxxxxxxxxxxxxxxxxxxxxxxxxxxxxxxxxxxxxxxxxxxxxxxxxxxxxxxxxxxxxxxxxxxxxxxxxxxxxxxxxxxxx
58: MEM Rd Req: addr=80002a00 tag=0
59: MEM Rsp: tag=0 data=0080006f0090081301b1061300c105130211262300050713fd0101130000806700051063e11ff06f000005930000069300000613e21ff06f0000059300000693
60: MEM Rd Req: addr=80002c80 tag=0
61: MEM Rsp: tag=0 data=0000c99700040913cc9ff0ef0004851300069663004926830406946300050493fc04741303f10413000926838f0909130000c9174b5010ef0000051300000593
62: MEM Rd Req: addr=80004900 tag=0
63: MEM Rsp: tag=0 data=81010113fcdff06f01800793fce56ae301000793010007370000806740a685330005450300a785333e47079300f5553340f686b3020006938000e73700379793
64: MEM Rd Req: addr=80004940 tag=0
65: MEM Rsp: tag=0 data=000007170087843306040413002787b3fa07879383010113fffff4377d7128237d612a237d312e237d412c237f2120237e9122237e8124237e112623000017b7
66: MEM Wr Req: addr=8002e500 tag=2 byteen=00000000f0000000 data=xxxxxxxxxxxxxxxxxxxxxxxxxxxxxxxxxxxxxxxxxxxxxxxxxxxxxxxxxxxxxxxx80002c8cxxxxxxxxxxxxxxxxxxxxxxxxxxxxxxxxxxxxxxxxxxxxxxxxxxxxxxxx
67: MEM Wr Req: addr=8002e500 tag=2 byteen=000000000f000000 data=xxxxxxxxxxxxxxxxxxxxxxxxxxxxxxxxxxxxxxxxxxxxxxxxxxxxxxxxxxxxxxxxxxxxxxxx00000000xxxxxxxxxxxxxxxxxxxxxxxxxxxxxxxxxxxxxxxxxxxxxxxx
68: MEM Wr Req: addr=8002e500 tag=2 byteen=0000000000f00000 data=xxxxxxxxxxxxxxxxxxxxxxxxxxxxxxxxxxxxxxxxxxxxxxxxxxxxxxxxxxxxxxxxxxxxxxxxxxxxxxxx00000000xxxxxxxxxxxxxxxxxxxxxxxxxxxxxxxxxxxxxxxx
69: MEM Wr Req: addr=8002e500 tag=2 byteen=00000000000f0000 data=xxxxxxxxxxxxxxxxxxxxxxxxxxxxxxxxxxxxxxxxxxxxxxxxxxxxxxxxxxxxxxxxxxxxxxxxxxxxxxxxxxxxxxxx00000001xxxxxxxxxxxxxxxxxxxxxxxxxxxxxxxx
70: MEM Wr Req: addr=8002e500 tag=2 byteen=0000000000000f00 data=xxxxxxxxxxxxxxxxxxxxxxxxxxxxxxxxxxxxxxxxxxxxxxxxxxxxxxxxxxxxxxxxxxxxxxxxxxxxxxxxxxxxxxxxxxxxxxxxxxxxxxxx8000e584xxxxxxxxxxxxxxxx
71: MEM Wr Req: addr=8002e500 tag=2 byteen=000000000000f000 data=xxxxxxxxxxxxxxxxxxxxxxxxxxxxxxxxxxxxxxxxxxxxxxxxxxxxxxxxxxxxxxxxxxxxxxxxxxxxxxxxxxxxxxxxxxxxxxxx00000000xxxxxxxxxxxxxxxxxxxxxxxx
72: MEM Wr Req: addr=8002e500 tag=2 byteen=00000000000000f0 data=xxxxxxxxxxxxxxxxxxxxxxxxxxxxxxxxxxxxxxxxxxxxxxxxxxxxxxxxxxxxxxxxxxxxxxxxxxxxxxxxxxxxxxxxxxxxxxxxxxxxxxxxxxxxxxxx00000000xxxxxxxx
73: MEM Wr Req: addr=8002e500 tag=2 byteen=000000000000000f data=xxxxxxxxxxxxxxxxxxxxxxxxxxxxxxxxxxxxxxxxxxxxxxxxxxxxxxxxxxxxxxxxxxxxxxxxxxxxxxxxxxxxxxxxxxxxxxxxxxxxxxxxxxxxxxxxxxxxxxxx00000000
74: MEM Rd Req: addr=80004980 tag=0
75: MEM Rsp: tag=0 data=00000717da4585930000559700040793f7dfd0ef00100513e5cfd0ef1f40051300040793dc4585930000559784c60613000036178b4686930000269714470713
76: MEM Rd Req: addr=80002000 tag=0
77: MEM Rsp: tag=0 data=02c1202300b12e2303b12e2305a120230591222305812423057126230561282305512a2305412c2305312e2307212023069122230681242306112623f9010113
78: MEM Wr Req: addr=8002d540 tag=22 byteen=00000000f0000000 data=xxxxxxxxxxxxxxxxxxxxxxxxxxxxxxxxxxxxxxxxxxxxxxxxxxxxxxxxxxxxxxxx800049a8xxxxxxxxxxxxxxxxxxxxxxxxxxxxxxxxxxxxxxxxxxxxxxxxxxxxxxxx
79: MEM Wr Req: addr=8002d540 tag=22 byteen=000000000f000000 data=xxxxxxxxxxxxxxxxxxxxxxxxxxxxxxxxxxxxxxxxxxxxxxxxxxxxxxxxxxxxxxxxxxxxxxxx8002d560xxxxxxxxxxxxxxxxxxxxxxxxxxxxxxxxxxxxxxxxxxxxxxxx
80: MEM Wr Req: addr=8002d540 tag=22 byteen=0000000000f00000 data=xxxxxxxxxxxxxxxxxxxxxxxxxxxxxxxxxxxxxxxxxxxxxxxxxxxxxxxxxxxxxxxxxxxxxxxxxxxxxxxx00000000xxxxxxxxxxxxxxxxxxxxxxxxxxxxxxxxxxxxxxxx
81: MEM Wr Req: addr=8002d540 tag=22 byteen=00000000000f0000 data=xxxxxxxxxxxxxxxxxxxxxxxxxxxxxxxxxxxxxxxxxxxxxxxxxxxxxxxxxxxxxxxxxxxxxxxxxxxxxxxxxxxxxxxx00000001xxxxxxxxxxxxxxxxxxxxxxxxxxxxxxxx
82: MEM Wr Req: addr=8002d540 tag=22 byteen=000000000000f000 data=xxxxxxxxxxxxxxxxxxxxxxxxxxxxxxxxxxxxxxxxxxxxxxxxxxxxxxxxxxxxxxxxxxxxxxxxxxxxxxxxxxxxxxxxxxxxxxxx00000000xxxxxxxxxxxxxxxxxxxxxxxx
83: MEM Wr Req: addr=8002d540 tag=22 byteen=0000000000000f00 data=xxxxxxxxxxxxxxxxxxxxxxxxxxxxxxxxxxxxxxxxxxxxxxxxxxxxxxxxxxxxxxxxxxxxxxxxxxxxxxxxxxxxxxxxxxxxxxxxxxxxxxxx8000e584xxxxxxxxxxxxxxxx
84: MEM Wr Req: addr=8002d540 tag=22 byteen=00000000000000f0 data=xxxxxxxxxxxxxxxxxxxxxxxxxxxxxxxxxxxxxxxxxxxxxxxxxxxxxxxxxxxxxxxxxxxxxxxxxxxxxxxxxxxxxxxxxxxxxxxxxxxxxxxxxxxxxxxx8000e5c0xxxxxxxx
85: MEM Wr Req: addr=8002d540 tag=22 byteen=000000000000000f data=xxxxxxxxxxxxxxxxxxxxxxxxxxxxxxxxxxxxxxxxxxxxxxxxxxxxxxxxxxxxxxxxxxxxxxxxxxxxxxxxxxxxxxxxxxxxxxxxxxxxxxxxxxxxxxxxxxxxxxxx00000000
86: MEM Wr Req: addr=8002d500 tag=2 byteen=f000000000000000 data=00000000xxxxxxxxxxxxxxxxxxxxxxxxxxxxxxxxxxxxxxxxxxxxxxxxxxxxxxxxxxxxxxxxxxxxxxxxxxxxxxxxxxxxxxxxxxxxxxxxxxxxxxxxxxxxxxxxxxxxxxxx
87: MEM Wr Req: addr=8002d500 tag=2 byteen=0f00000000000000 data=xxxxxxxx00000000xxxxxxxxxxxxxxxxxxxxxxxxxxxxxxxxxxxxxxxxxxxxxxxxxxxxxxxxxxxxxxxxxxxxxxxxxxxxxxxxxxxxxxxxxxxxxxxxxxxxxxxxxxxxxxxx
88: MEM Wr Req: addr=8002d500 tag=2 byteen=00f0000000000000 data=xxxxxxxxxxxxxxxx00000000xxxxxxxxxxxxxxxxxxxxxxxxxxxxxxxxxxxxxxxxxxxxxxxxxxxxxxxxxxxxxxxxxxxxxxxxxxxxxxxxxxxxxxxxxxxxxxxxxxxxxxxx
89: MEM Wr Req: addr=8002d500 tag=2 byteen=000f000000000000 data=xxxxxxxxxxxxxxxxxxxxxxxx00000000xxxxxxxxxxxxxxxxxxxxxxxxxxxxxxxxxxxxxxxxxxxxxxxxxxxxxxxxxxxxxxxxxxxxxxxxxxxxxxxxxxxxxxxxxxxxxxxx
90: MEM Wr Req: addr=8002d500 tag=2 byteen=0000f00000000000 data=xxxxxxxxxxxxxxxxxxxxxxxxxxxxxxxx00000000xxxxxxxxxxxxxxxxxxxxxxxxxxxxxxxxxxxxxxxxxxxxxxxxxxxxxxxxxxxxxxxxxxxxxxxxxxxxxxxxxxxxxxxx
91: MEM Wr Req: addr=8002d500 tag=2 byteen=000000000000f000 data=xxxxxxxxxxxxxxxxxxxxxxxxxxxxxxxxxxxxxxxxxxxxxxxxxxxxxxxxxxxxxxxxxxxxxxxxxxxxxxxxxxxxxxxxxxxxxxxx80009758xxxxxxxxxxxxxxxxxxxxxxxx
92: MEM Rd Req: addr=80002040 tag=0
93: MEM Wr Req: addr=8002d500 tag=2 byteen=00000000000f0000 data=xxxxxxxxxxxxxxxxxxxxxxxxxxxxxxxxxxxxxxxxxxxxxxxxxxxxxxxxxxxxxxxxxxxxxxxxxxxxxxxxxxxxxxxx800071d8xxxxxxxxxxxxxxxxxxxxxxxxxxxxxxxx
94: MEM Rsp: tag=0 data=28f75263ffd6879300e1262300d12c230007a7030047a6830101278302f1262300e12823000689930205879302f1242300a707b300f12a230025151328a05263
95: MEM Wr Req: addr=8002d500 tag=2 byteen=00000000000000f0 data=xxxxxxxxxxxxxxxxxxxxxxxxxxxxxxxxxxxxxxxxxxxxxxxxxxxxxxxxxxxxxxxxxxxxxxxxxxxxxxxxxxxxxxxxxxxxxxxxxxxxxxxxxxxxxxxx8002d560xxxxxxxx
96: MEM Wr Req: addr=8002d500 tag=2 byteen=000000000f000000 data=xxxxxxxxxxxxxxxxxxxxxxxxxxxxxxxxxxxxxxxxxxxxxxxxxxxxxxxxxxxxxxxxxxxxxxxx80005290xxxxxxxxxxxxxxxxxxxxxxxxxxxxxxxxxxxxxxxxxxxxxxxx
97: MEM Wr Req: addr=8002d500 tag=2 byteen=000000000000000f data=xxxxxxxxxxxxxxxxxxxxxxxxxxxxxxxxxxxxxxxxxxxxxxxxxxxxxxxxxxxxxxxxxxxxxxxxxxxxxxxxxxxxxxxxxxxxxxxxxxxxxxxxxxxxxxxxxxxxxxxx80004ac0
98: MEM Wr Req: addr=8002d500 tag=2 byteen=00000000f0000000 data=xxxxxxxxxxxxxxxxxxxxxxxxxxxxxxxxxxxxxxxxxxxxxxxxxxxxxxxxxxxxxxxx80009778xxxxxxxxxxxxxxxxxxxxxxxxxxxxxxxxxxxxxxxxxxxxxxxxxxxxxxxx
99: MEM Rd Req: addr=8002d500 tag=2
100: MEM Rsp: tag=2 data=0000000000000000000000000000000000000000baadf00dbaadf00dbaadf00d8000977880005290baadf00d800071d880009758baadf00d8002d56080004ac0
101: MEM Rd Req: addr=80004ac0 tag=62
102: MEM Rsp: tag=62 data=0000003d000000370000002f0000002c0000002c000000270000002400000022000000210000001d000000160000000f0000000a000000080000000400000000
103: MEM Wr Req: addr=8002d500 tag=2 byteen=0000000000000f00 data=xxxxxxxxxxxxxxxxxxxxxxxxxxxxxxxxxxxxxxxxxxxxxxxxxxxxxxxxxxxxxxxxxxxxxxxxxxxxxxxxxxxxxxxxxxxxxxxxxxxxxxxx00000004xxxxxxxxxxxxxxxx
104: MEM Wr Req: addr=8002d4c0 tag=62 byteen=f000000000000000 data=00000000xxxxxxxxxxxxxxxxxxxxxxxxxxxxxxxxxxxxxxxxxxxxxxxxxxxxxxxxxxxxxxxxxxxxxxxxxxxxxxxxxxxxxxxxxxxxxxxxxxxxxxxxxxxxxxxxxxxxxxxx
105: MEM Rd Req: addr=80002080 tag=0
106: MEM Rsp: tag=0 data=02c1278300f70a3300000c1300000c93020127030127093300000d93003d1d1301c127030027179302f122230037191300ed0d33ffc7fd1340e787b3ffc68793
107: MEM Wr Req: addr=8002d500 tag=2 byteen=0000000000f00000 data=xxxxxxxxxxxxxxxxxxxxxxxxxxxxxxxxxxxxxxxxxxxxxxxxxxxxxxxxxxxxxxxxxxxxxxxxxxxxxxxx00000000xxxxxxxxxxxxxxxxxxxxxxxxxxxxxxxxxxxxxxxx
108: MEM Rd Req: addr=800020c0 tag=0
109: MEM Rsp: tag=0 data=230020ef02090913010a0a13004725830007250300e98733003717130049268300092603000a2703000004130000049300000a9300fd0d3300000b9300000b13
110: MEM Rd Req: addr=800071c0 tag=62
111: MEM Rd Req: addr=80009740 tag=22
112: MEM Rsp: tag=62 data=0000013b00000103000000ea00000091000000800000002c000001a60000015b00000150000000dc40810800000000004080d000000000004072600000000000
113: MEM Rsp: tag=22 data=408d8000000000004088600000000000408a900000000000407fc000000000004081b0000000000000000000000001f0000000d4000000a70000008d00000004
114: MEM Rd Req: addr=80006900 tag=2
115: MEM Rd Req: addr=80004300 tag=0
116: MEM Rsp: tag=2 data=408c4800000000004051c00000000000408bd80000000000408b880000000000408e080000000000405280000000000040845000000000004082800000000000
117: MEM Rsp: tag=0 data=01312e2302912223028124230145d793fd01011300008067000005130000806700a035330068e533fc071ce300d58a63ffee90e3fef892e3ff0714e300100513
118: MEM Wr Req: addr=8002d4c0 tag=62 byteen=00000f0000000000 data=xxxxxxxxxxxxxxxxxxxxxxxxxxxxxxxxxxxxxxxx00000000xxxxxxxxxxxxxxxxxxxxxxxxxxxxxxxxxxxxxxxxxxxxxxxxxxxxxxxxxxxxxxxxxxxxxxxxxxxxxxxx
119: MEM Wr Req: addr=8002d4c0 tag=62 byteen=000000f000000000 data=xxxxxxxxxxxxxxxxxxxxxxxxxxxxxxxxxxxxxxxxxxxxxxxx00000000xxxxxxxxxxxxxxxxxxxxxxxxxxxxxxxxxxxxxxxxxxxxxxxxxxxxxxxxxxxxxxxxxxxxxxxx
120: MEM Rd Req: addr=80004340 tag=0
121: MEM Wr Req: addr=8002d4c0 tag=62 byteen=00000000f0000000 data=xxxxxxxxxxxxxxxxxxxxxxxxxxxxxxxxxxxxxxxxxxxxxxxxxxxxxxxxxxxxxxxx80006238xxxxxxxxxxxxxxxxxxxxxxxxxxxxxxxxxxxxxxxxxxxxxxxxxxxxxxxx
122: MEM Rsp: tag=0 data=7ff007937ff7fb130a07066301f5da1300c4d49300068a930006099300050413015797130171262301612823032120230211262300c5949301512a2301412c23
123: MEM Wr Req: addr=8002d4c0 tag=62 byteen=000000000f000000 data=xxxxxxxxxxxxxxxxxxxxxxxxxxxxxxxxxxxxxxxxxxxxxxxxxxxxxxxxxxxxxxxxxxxxxxxx800071e8xxxxxxxxxxxxxxxxxxxxxxxxxxxxxxxxxxxxxxxxxxxxxxxx
124: MEM Wr Req: addr=8002d4c0 tag=62 byteen=0000000000f00000 data=xxxxxxxxxxxxxxxxxxxxxxxxxxxxxxxxxxxxxxxxxxxxxxxxxxxxxxxxxxxxxxxxxxxxxxxxxxxxxxxx00000000xxxxxxxxxxxxxxxxxxxxxxxxxxxxxxxxxxxxxxxx
125: MEM Wr Req: addr=8002d4c0 tag=62 byteen=0000f00000000000 data=xxxxxxxxxxxxxxxxxxxxxxxxxxxxxxxx80002100xxxxxxxxxxxxxxxxxxxxxxxxxxxxxxxxxxxxxxxxxxxxxxxxxxxxxxxxxxxxxxxxxxxxxxxxxxxxxxxxxxxxxxxx
126: MEM Wr Req: addr=8002d4c0 tag=62 byteen=0000000f00000000 data=xxxxxxxxxxxxxxxxxxxxxxxxxxxxxxxxxxxxxxxxxxxxxxxxxxxxxxxx80009778xxxxxxxxxxxxxxxxxxxxxxxxxxxxxxxxxxxxxxxxxxxxxxxxxxxxxxxxxxxxxxxx
127: MEM Wr Req: addr=8002d4c0 tag=62 byteen=00000000000f0000 data=xxxxxxxxxxxxxxxxxxxxxxxxxxxxxxxxxxxxxxxxxxxxxxxxxxxxxxxxxxxxxxxxxxxxxxxxxxxxxxxxxxxxxxxx00000000xxxxxxxxxxxxxxxxxxxxxxxxxxxxxxxx
128: MEM Wr Req: addr=8002d4c0 tag=62 byteen=000000000000f000 data=xxxxxxxxxxxxxxxxxxxxxxxxxxxxxxxxxxxxxxxxxxxxxxxxxxxxxxxxxxxxxxxxxxxxxxxxxxxxxxxxxxxxxxxxxxxxxxxx00000000xxxxxxxxxxxxxxxxxxxxxxxx
129: MEM Rd Req: addr=80004380 tag=0
130: MEM Rsp: tag=0 data=1007006301fada937ff7f51300c454130157971300ca9413014ad79300000b93c01b0b130035191300f4e4b3008007b70097e4b30034949301d5579310fb0263
131: MEM Rd Req: addr=800043c0 tag=0
132: MEM Rsp: tag=0 data=015a463300e00813fff6869300ab053300e6e6b3002b96930000071300399793c015051300f46433008007b70087e4330034141301d9d79316f500637ff00793
133: MEM Rd Req: addr=80004400 tag=0
134: MEM Rsp: tag=0 data=02e7cc6301c00793ff5507134c0000ef000485130404806306090c6300a4e933000680670006a68300a686b33a850513002696938000e53714d86c6300150593
135: MEM Rd Req: addr=80004540 tag=0
136: MEM Rsp: tag=0 data=02f68fb302f90833032308b300e7f7b300e979330107d31301095693ffff071300010f37e91ff06f002007137ff0051300000413ea1ff06f0010071300000513
137: MEM Rd Req: addr=80004580 tag=0
138: MEM Rsp: tag=0 data=032f09330289083302868733010888b300e474330108989301045f1300e8783300e8f8b30108d29301ee0e3301f8f46302668e3301d888b30108589301f88eb3
139: MEM Rd Req: addr=800045c0 tag=0
140: MEM Rsp: tag=0 data=01f4f4b3010919130104d71301f8783301f97933fff68f93000106b700de8eb301095e9300e686b30001073700e9766303e686b301d909330108591300e90eb3
141: MEM Rd Req: addr=80004600 tag=0
142: MEM Rsp: tag=0 data=00f87833fff6879301f78fb3000106b70108579300df8fb300f87463006808330103d81300f8033302e30fb302f707b302930833012282b301090933029783b3
143: MEM Rd Req: addr=80004640 tag=0
144: MEM Rsp: tag=0 data=0106969300f4f6b3fff78793000107b700d303330084f463009704b30103d713008484b302ef0333029f04b30287043300f8083301081813029403b300f3f7b3
145: MEM Rd Req: addr=80004680 tag=0
146: MEM Rsp: tag=0 data=01ff3fb30104d4930102b83300e6e7330127373301d6b6b3010f02b301f70f33010e3833010e0e330126873301d686b3012e393300f686b3005e0e3300f3f7b3
147: MEM Rd Req: addr=800046c0 tag=0
148: MEM Rsp: tag=0 data=1006d4630057e7b300876433007716930092929301c7e7b30172d413017e5e1300f037b3009717130117e7b30067073301070733009e1793010fe83300970733
149: MEM Rd Req: addr=80004700 tag=0
150: MEM Rsp: tag=0 data=00f4043300f737b30047871300a70a630040051300f7f713020700630077f7130ed058633ff586930014541300e7e7b301f4171300f767b30017f7930017d713
151: MEM Rd Req: addr=80004740 tag=0
152: MEM Rsp: tag=0 data=7ff006b700c41413014697130034541300e7e7b301d417930037d71316d748637fe007134005869300e47433fff70713ff00073700075a630074171300070793
153: MEM Rd Req: addr=80004780 tag=0
154: MEM Rsp: tag=0 data=000705930007851300c12b8301012b0301412a8301812a0301c1298302012903024124830281240300c4673302c1208301f616130087643300c4541300d77733
155: MEM Rd Req: addr=8002d4c0 tag=62
156: MEM Rsp: tag=62 data=00000000baadf00dbaadf00dbaadf00d8000210000000000000000008000977880006238800071e8000000000000000000000000baadf00dbaadf00dbaadf00d
157: MEM Rd Req: addr=800047c0 tag=0
158: MEM Rsp: tag=0 data=000a86130880006f0000079300000413f2d716e3001006930cd70c63003006930ed70a6300200693000b87130009079300048413000a06130000806703010113
159: MEM Rd Req: addr=80002100 tag=0
160: MEM Rsp: tag=0 data=000506131f4020ef0007250300472583000504930005841300e9873300371713fec92683fe892603ff4a27031d5010ef00040593000485130005869300050613
161: MEM Rd Req: addr=80003ac0 tag=0
162: MEM Rsp: tag=0 data=0146d89300d878330145d71300b877b3fe010113fff8081300100837cd1ff06f0065d5b300e7e5330067573301c597b340a585b3411585b300e5353340e50733
163: MEM Rd Req: addr=80003b00 tag=0
164: MEM Rsp: tag=0 data=0107673300351513013126230121282300112e230038181301f6d5937ff8f89301d6571301f5d49300f767b300912a2301d557137ff774130037979300812c23
165: MEM Wr Req: addr=8002d4c0 tag=62 byteen=00000f0000000000 data=xxxxxxxxxxxxxxxxxxxxxxxxxxxxxxxxxxxxxxxx00000000xxxxxxxxxxxxxxxxxxxxxxxxxxxxxxxxxxxxxxxxxxxxxxxxxxxxxxxxxxxxxxxxxxxxxxxxxxxxxxxx
166: MEM Wr Req: addr=8002d4c0 tag=62 byteen=000000f000000000 data=xxxxxxxxxxxxxxxxxxxxxxxxxxxxxxxxxxxxxxxxxxxxxxxx00000000xxxxxxxxxxxxxxxxxxxxxxxxxxxxxxxxxxxxxxxxxxxxxxxxxxxxxxxxxxxxxxxxxxxxxxxx
167: MEM Wr Req: addr=8002d4c0 tag=62 byteen=0000f00000000000 data=xxxxxxxxxxxxxxxxxxxxxxxxxxxxxxxx80002114xxxxxxxxxxxxxxxxxxxxxxxxxxxxxxxxxxxxxxxxxxxxxxxxxxxxxxxxxxxxxxxxxxxxxxxxxxxxxxxxxxxxxxxx
168: MEM Wr Req: addr=8002d4c0 tag=62 byteen=0000000f00000000 data=xxxxxxxxxxxxxxxxxxxxxxxxxxxxxxxxxxxxxxxxxxxxxxxxxxxxxxxx80009778xxxxxxxxxxxxxxxxxxxxxxxxxxxxxxxxxxxxxxxxxxxxxxxxxxxxxxxxxxxxxxxx
169: MEM Wr Req: addr=8002d4c0 tag=62 byteen=00000000f0000000 data=xxxxxxxxxxxxxxxxxxxxxxxxxxxxxxxxxxxxxxxxxxxxxxxxxxxxxxxxxxxxxxxx80006238xxxxxxxxxxxxxxxxxxxxxxxxxxxxxxxxxxxxxxxxxxxxxxxxxxxxxxxx
170: MEM Rd Req: addr=80003b40 tag=0
171: MEM Rsp: tag=0 data=0700006f001004130006051300a787b300e787b300a6353300c5063302059063fff685932a05886300c765b30408906310d05e632cb49463411406b300361613
172: MEM Rd Req: addr=80003c40 tag=0
173: MEM Rsp: tag=0 data=fff586935206866300a7e6b302041e63408885b30e068263ff1ff06f00c0363300c76633f81ff06f0000071300c6e63300c0363300c8663300b7183340b805b3
174: MEM Rd Req: addr=80004180 tag=0
175: MEM Rsp: tag=0 data=bddff06f0006051300070793be9ff06f000584130006051300070793bf9ff06f00f6f7b340e40433fff78793ff8007b7f95ff06f0000079300a7653300a03533
176: MEM Rd Req: addr=80003d80 tag=0
177: MEM Rsp: tag=0 data=4100006f0006851300a787b300a6b5330045069342d702630040069300f5771342070863007577130010041300e7f7b3fff70713ff80073700075a6300060513
178: MEM Rd Req: addr=800041c0 tag=0
179: MEM Rsp: tag=0 data=0037d7937ff0071300a765330035551301d7971300e7f7b3fff70713ff8007370ae40c637ff007130014041300075e630087971300000513000007937ff00413
180: MEM Rd Req: addr=80004200 tag=0
181: MEM Rsp: tag=0 data=00f767b301f4949300c7d79300d777330181240301c1208300c797937ff006b7014417130000049300000513000807b7000508630000079300f5653300e41e63
182: MEM Rd Req: addr=80004240 tag=0
183: MEM Rsp: tag=0 data=00000793f55ff06f000004930000051300000793db9ff06f00080413000605130007079300008067020101130007059300c1298301412483010129030097e733
184: MEM Rd Req: addr=80006c80 tag=42
185: MEM Rsp: tag=42 data=40584000000000004088080000000000408e4000000000004061e000000000004086b80000000000406da0000000000040767000000000004072300000000000
186: MEM Wr Req: addr=8002d4c0 tag=62 byteen=00000f0000000000 data=xxxxxxxxxxxxxxxxxxxxxxxxxxxxxxxxxxxxxxxx4120996cxxxxxxxxxxxxxxxxxxxxxxxxxxxxxxxxxxxxxxxxxxxxxxxxxxxxxxxxxxxxxxxxxxxxxxxxxxxxxxxx
187: MEM Wr Req: addr=8002d4c0 tag=62 byteen=000000f000000000 data=xxxxxxxxxxxxxxxxxxxxxxxxxxxxxxxxxxxxxxxxxxxxxxxx00000000xxxxxxxxxxxxxxxxxxxxxxxxxxxxxxxxxxxxxxxxxxxxxxxxxxxxxxxxxxxxxxxxxxxxxxxx
188: MEM Wr Req: addr=8002d4c0 tag=62 byteen=00000000f0000000 data=xxxxxxxxxxxxxxxxxxxxxxxxxxxxxxxxxxxxxxxxxxxxxxxxxxxxxxxxxxxxxxxx80006238xxxxxxxxxxxxxxxxxxxxxxxxxxxxxxxxxxxxxxxxxxxxxxxxxxxxxxxx
189: MEM Wr Req: addr=8002d4c0 tag=62 byteen=000000000f000000 data=xxxxxxxxxxxxxxxxxxxxxxxxxxxxxxxxxxxxxxxxxxxxxxxxxxxxxxxxxxxxxxxxxxxxxxxx800071e8xxxxxxxxxxxxxxxxxxxxxxxxxxxxxxxxxxxxxxxxxxxxxxxx
190: MEM Wr Req: addr=8002d4c0 tag=62 byteen=0000000000f00000 data=xxxxxxxxxxxxxxxxxxxxxxxxxxxxxxxxxxxxxxxxxxxxxxxxxxxxxxxxxxxxxxxxxxxxxxxxxxxxxxxx00000000xxxxxxxxxxxxxxxxxxxxxxxxxxxxxxxxxxxxxxxx
191: MEM Wr Req: addr=8002d4c0 tag=62 byteen=0000f00000000000 data=xxxxxxxxxxxxxxxxxxxxxxxxxxxxxxxx8000213cxxxxxxxxxxxxxxxxxxxxxxxxxxxxxxxxxxxxxxxxxxxxxxxxxxxxxxxxxxxxxxxxxxxxxxxxxxxxxxxxxxxxxxxx
192: MEM Wr Req: addr=8002d4c0 tag=62 byteen=0000000f00000000 data=xxxxxxxxxxxxxxxxxxxxxxxxxxxxxxxxxxxxxxxxxxxxxxxxxxxxxxxx80009778xxxxxxxxxxxxxxxxxxxxxxxxxxxxxxxxxxxxxxxxxxxxxxxxxxxxxxxxxxxxxxxx
193: MEM Wr Req: addr=8002d4c0 tag=62 byteen=00000000000f0000 data=xxxxxxxxxxxxxxxxxxxxxxxxxxxxxxxxxxxxxxxxxxxxxxxxxxxxxxxxxxxxxxxxxxxxxxxxxxxxxxxxxxxxxxxx00000000xxxxxxxxxxxxxxxxxxxxxxxxxxxxxxxx
194: MEM Wr Req: addr=8002d4c0 tag=62 byteen=000000000000f000 data=xxxxxxxxxxxxxxxxxxxxxxxxxxxxxxxxxxxxxxxxxxxxxxxxxxxxxxxxxxxxxxxxxxxxxxxxxxxxxxxxxxxxxxxxxxxxxxxx00000000xxxxxxxxxxxxxxxxxxxxxxxx
195: MEM Rd Req: addr=80002140 tag=0
196: MEM Rsp: tag=0 data=00058693000506131b8020ef000725030047258300050b9300058a9300e9873300371713ff492683ff092603ff8a2703199010ef000a8593000b851300058693
197: MEM Wr Req: addr=8002d4c0 tag=62 byteen=00000f0000000000 data=xxxxxxxxxxxxxxxxxxxxxxxxxxxxxxxxxxxxxxxx4120996cxxxxxxxxxxxxxxxxxxxxxxxxxxxxxxxxxxxxxxxxxxxxxxxxxxxxxxxxxxxxxxxxxxxxxxxxxxxxxxxx
198: MEM Wr Req: addr=8002d4c0 tag=62 byteen=000000f000000000 data=xxxxxxxxxxxxxxxxxxxxxxxxxxxxxxxxxxxxxxxxxxxxxxxx00000000xxxxxxxxxxxxxxxxxxxxxxxxxxxxxxxxxxxxxxxxxxxxxxxxxxxxxxxxxxxxxxxxxxxxxxxx
199: MEM Wr Req: addr=8002d4c0 tag=62 byteen=0000f00000000000 data=xxxxxxxxxxxxxxxxxxxxxxxxxxxxxxxx80002150xxxxxxxxxxxxxxxxxxxxxxxxxxxxxxxxxxxxxxxxxxxxxxxxxxxxxxxxxxxxxxxxxxxxxxxxxxxxxxxxxxxxxxxx
200: MEM Wr Req: addr=8002d4c0 tag=62 byteen=0000000f00000000 data=xxxxxxxxxxxxxxxxxxxxxxxxxxxxxxxxxxxxxxxxxxxxxxxxxxxxxxxx80009778xxxxxxxxxxxxxxxxxxxxxxxxxxxxxxxxxxxxxxxxxxxxxxxxxxxxxxxxxxxxxxxx
201: MEM Wr Req: addr=8002d4c0 tag=62 byteen=00000000f0000000 data=xxxxxxxxxxxxxxxxxxxxxxxxxxxxxxxxxxxxxxxxxxxxxxxxxxxxxxxxxxxxxxxx80006238xxxxxxxxxxxxxxxxxxxxxxxxxxxxxxxxxxxxxxxxxxxxxxxxxxxxxxxx
202: MEM Rd Req: addr=80006d00 tag=2
203: MEM Rsp: tag=2 data=40508000000000004080700000000000408e3800000000004074000000000000405d000000000000407ec0000000000040885000000000004075300000000000
204: MEM Wr Req: addr=8002d4c0 tag=62 byteen=00000f0000000000 data=xxxxxxxxxxxxxxxxxxxxxxxxxxxxxxxxxxxxxxxx4120996cxxxxxxxxxxxxxxxxxxxxxxxxxxxxxxxxxxxxxxxxxxxxxxxxxxxxxxxxxxxxxxxxxxxxxxxxxxxxxxxx
205: MEM Wr Req: addr=8002d4c0 tag=62 byteen=000000f000000000 data=xxxxxxxxxxxxxxxxxxxxxxxxxxxxxxxxxxxxxxxxxxxxxxxx00000000xxxxxxxxxxxxxxxxxxxxxxxxxxxxxxxxxxxxxxxxxxxxxxxxxxxxxxxxxxxxxxxxxxxxxxxx
206: MEM Wr Req: addr=8002d4c0 tag=62 byteen=00000000f0000000 data=xxxxxxxxxxxxxxxxxxxxxxxxxxxxxxxxxxxxxxxxxxxxxxxxxxxxxxxxxxxxxxxx80006238xxxxxxxxxxxxxxxxxxxxxxxxxxxxxxxxxxxxxxxxxxxxxxxxxxxxxxxx
207: MEM Wr Req: addr=8002d4c0 tag=62 byteen=000000000f000000 data=xxxxxxxxxxxxxxxxxxxxxxxxxxxxxxxxxxxxxxxxxxxxxxxxxxxxxxxxxxxxxxxxxxxxxxxx800071e8xxxxxxxxxxxxxxxxxxxxxxxxxxxxxxxxxxxxxxxxxxxxxxxx
208: MEM Wr Req: addr=8002d4c0 tag=62 byteen=0000000000f00000 data=xxxxxxxxxxxxxxxxxxxxxxxxxxxxxxxxxxxxxxxxxxxxxxxxxxxxxxxxxxxxxxxxxxxxxxxxxxxxxxxx40e80f80xxxxxxxxxxxxxxxxxxxxxxxxxxxxxxxxxxxxxxxx
209: MEM Wr Req: addr=8002d4c0 tag=62 byteen=0000f00000000000 data=xxxxxxxxxxxxxxxxxxxxxxxxxxxxxxxx80002178xxxxxxxxxxxxxxxxxxxxxxxxxxxxxxxxxxxxxxxxxxxxxxxxxxxxxxxxxxxxxxxxxxxxxxxxxxxxxxxxxxxxxxxx
210: MEM Wr Req: addr=8002d4c0 tag=62 byteen=0000000f00000000 data=xxxxxxxxxxxxxxxxxxxxxxxxxxxxxxxxxxxxxxxxxxxxxxxxxxxxxxxx80009778xxxxxxxxxxxxxxxxxxxxxxxxxxxxxxxxxxxxxxxxxxxxxxxxxxxxxxxxxxxxxxxx
211: MEM Wr Req: addr=8002d4c0 tag=62 byteen=00000000000f0000 data=xxxxxxxxxxxxxxxxxxxxxxxxxxxxxxxxxxxxxxxxxxxxxxxxxxxxxxxxxxxxxxxxxxxxxxxxxxxxxxxxxxxxxxxx00000000xxxxxxxxxxxxxxxxxxxxxxxxxxxxxxxx
212: MEM Wr Req: addr=8002d4c0 tag=62 byteen=000000000000f000 data=xxxxxxxxxxxxxxxxxxxxxxxxxxxxxxxxxxxxxxxxxxxxxxxxxxxxxxxxxxxxxxxxxxxxxxxxxxxxxxxxxxxxxxxxxxxxxxxx00000000xxxxxxxxxxxxxxxxxxxxxxxx
213: MEM Rd Req: addr=80002180 tag=0
214: MEM Rsp: tag=0 data=000d8513000586930005061317c020ef000725030047258300050c1300058b1300e9873300371713ffc92683ff892603ffca270315d010ef000b0593000c0513
215: MEM Wr Req: addr=8002d4c0 tag=62 byteen=00000f0000000000 data=xxxxxxxxxxxxxxxxxxxxxxxxxxxxxxxxxxxxxxxx4120996cxxxxxxxxxxxxxxxxxxxxxxxxxxxxxxxxxxxxxxxxxxxxxxxxxxxxxxxxxxxxxxxxxxxxxxxxxxxxxxxx
216: MEM Wr Req: addr=8002d4c0 tag=62 byteen=000000f000000000 data=xxxxxxxxxxxxxxxxxxxxxxxxxxxxxxxxxxxxxxxxxxxxxxxx00000000xxxxxxxxxxxxxxxxxxxxxxxxxxxxxxxxxxxxxxxxxxxxxxxxxxxxxxxxxxxxxxxxxxxxxxxx
217: MEM Wr Req: addr=8002d4c0 tag=62 byteen=0000f00000000000 data=xxxxxxxxxxxxxxxxxxxxxxxxxxxxxxxx8000218cxxxxxxxxxxxxxxxxxxxxxxxxxxxxxxxxxxxxxxxxxxxxxxxxxxxxxxxxxxxxxxxxxxxxxxxxxxxxxxxxxxxxxxxx
218: MEM Wr Req: addr=8002d4c0 tag=62 byteen=0000000f00000000 data=xxxxxxxxxxxxxxxxxxxxxxxxxxxxxxxxxxxxxxxxxxxxxxxxxxxxxxxx80009778xxxxxxxxxxxxxxxxxxxxxxxxxxxxxxxxxxxxxxxxxxxxxxxxxxxxxxxxxxxxxxxx
219: MEM Wr Req: addr=8002d4c0 tag=62 byteen=00000000f0000000 data=xxxxxxxxxxxxxxxxxxxxxxxxxxxxxxxxxxxxxxxxxxxxxxxxxxxxxxxxxxxxxxxx80006238xxxxxxxxxxxxxxxxxxxxxxxxxxxxxxxxxxxxxxxxxxxxxxxxxxxxxxxx
220: MEM Rd Req: addr=80006f40 tag=22
221: MEM Rsp: tag=22 data=406380000000000040548000000000004089100000000000405f800000000000408c400000000000408080000000000040873800000000004075c00000000000
222: MEM Wr Req: addr=8002d4c0 tag=62 byteen=00000f0000000000 data=xxxxxxxxxxxxxxxxxxxxxxxxxxxxxxxxxxxxxxxx4120996cxxxxxxxxxxxxxxxxxxxxxxxxxxxxxxxxxxxxxxxxxxxxxxxxxxxxxxxxxxxxxxxxxxxxxxxxxxxxxxxx
223: MEM Wr Req: addr=8002d4c0 tag=62 byteen=000000f000000000 data=xxxxxxxxxxxxxxxxxxxxxxxxxxxxxxxxxxxxxxxxxxxxxxxx00000000xxxxxxxxxxxxxxxxxxxxxxxxxxxxxxxxxxxxxxxxxxxxxxxxxxxxxxxxxxxxxxxxxxxxxxxx
224: MEM Wr Req: addr=8002d4c0 tag=62 byteen=00000000f0000000 data=xxxxxxxxxxxxxxxxxxxxxxxxxxxxxxxxxxxxxxxxxxxxxxxxxxxxxxxxxxxxxxxx80006238xxxxxxxxxxxxxxxxxxxxxxxxxxxxxxxxxxxxxxxxxxxxxxxxxxxxxxxx
225: MEM Wr Req: addr=8002d4c0 tag=62 byteen=000000000f000000 data=xxxxxxxxxxxxxxxxxxxxxxxxxxxxxxxxxxxxxxxxxxxxxxxxxxxxxxxxxxxxxxxxxxxxxxxx800071e8xxxxxxxxxxxxxxxxxxxxxxxxxxxxxxxxxxxxxxxxxxxxxxxx
226: MEM Wr Req: addr=8002d4c0 tag=62 byteen=0000000000f00000 data=xxxxxxxxxxxxxxxxxxxxxxxxxxxxxxxxxxxxxxxxxxxxxxxxxxxxxxxxxxxxxxxxxxxxxxxxxxxxxxxx40e80f80xxxxxxxxxxxxxxxxxxxxxxxxxxxxxxxxxxxxxxxx
227: MEM Wr Req: addr=8002d4c0 tag=62 byteen=0000f00000000000 data=xxxxxxxxxxxxxxxxxxxxxxxxxxxxxxxx800021b4xxxxxxxxxxxxxxxxxxxxxxxxxxxxxxxxxxxxxxxxxxxxxxxxxxxxxxxxxxxxxxxxxxxxxxxxxxxxxxxxxxxxxxxx
228: MEM Wr Req: addr=8002d4c0 tag=62 byteen=0000000f00000000 data=xxxxxxxxxxxxxxxxxxxxxxxxxxxxxxxxxxxxxxxxxxxxxxxxxxxxxxxx80009778xxxxxxxxxxxxxxxxxxxxxxxxxxxxxxxxxxxxxxxxxxxxxxxxxxxxxxxxxxxxxxxx
229: MEM Wr Req: addr=8002d4c0 tag=62 byteen=00000000000f0000 data=xxxxxxxxxxxxxxxxxxxxxxxxxxxxxxxxxxxxxxxxxxxxxxxxxxxxxxxxxxxxxxxxxxxxxxxxxxxxxxxxxxxxxxxx41198660xxxxxxxxxxxxxxxxxxxxxxxxxxxxxxxx
230: MEM Wr Req: addr=8002d4c0 tag=62 byteen=000000000000f000 data=xxxxxxxxxxxxxxxxxxxxxxxxxxxxxxxxxxxxxxxxxxxxxxxxxxxxxxxxxxxxxxxxxxxxxxxxxxxxxxxxxxxxxxxxxxxxxxxx00000000xxxxxxxxxxxxxxxxxxxxxxxx
231: MEM Rd Req: addr=800021c0 tag=0
232: MEM Rsp: tag=0 data=0e9010ef00f12623014787b3ffc7f793000b8513000a85930241278300478a13000b0693000c061300c12783f12d14e300058c9300050d93121010ef000c8593
233: MEM Wr Req: addr=8002d4c0 tag=62 byteen=00000f0000000000 data=xxxxxxxxxxxxxxxxxxxxxxxxxxxxxxxxxxxxxxxx4120996cxxxxxxxxxxxxxxxxxxxxxxxxxxxxxxxxxxxxxxxxxxxxxxxxxxxxxxxxxxxxxxxxxxxxxxxxxxxxxxxx
234: MEM Wr Req: addr=8002d4c0 tag=62 byteen=000000f000000000 data=xxxxxxxxxxxxxxxxxxxxxxxxxxxxxxxxxxxxxxxxxxxxxxxx00000000xxxxxxxxxxxxxxxxxxxxxxxxxxxxxxxxxxxxxxxxxxxxxxxxxxxxxxxxxxxxxxxxxxxxxxxx
235: MEM Wr Req: addr=8002d4c0 tag=62 byteen=0000f00000000000 data=xxxxxxxxxxxxxxxxxxxxxxxxxxxxxxxx800021c8xxxxxxxxxxxxxxxxxxxxxxxxxxxxxxxxxxxxxxxxxxxxxxxxxxxxxxxxxxxxxxxxxxxxxxxxxxxxxxxxxxxxxxxx
236: MEM Wr Req: addr=8002d4c0 tag=62 byteen=0000000f00000000 data=xxxxxxxxxxxxxxxxxxxxxxxxxxxxxxxxxxxxxxxxxxxxxxxxxxxxxxxx80009778xxxxxxxxxxxxxxxxxxxxxxxxxxxxxxxxxxxxxxxxxxxxxxxxxxxxxxxxxxxxxxxx
237: MEM Wr Req: addr=8002d4c0 tag=62 byteen=00000000f0000000 data=xxxxxxxxxxxxxxxxxxxxxxxxxxxxxxxxxxxxxxxxxxxxxxxxxxxxxxxxxxxxxxxx80006238xxxxxxxxxxxxxxxxxxxxxxxxxxxxxxxxxxxxxxxxxxxxxxxxxxxxxxxx
238: MEM Wr Req: addr=8002d4c0 tag=62 byteen=f000000000000000 data=00000004xxxxxxxxxxxxxxxxxxxxxxxxxxxxxxxxxxxxxxxxxxxxxxxxxxxxxxxxxxxxxxxxxxxxxxxxxxxxxxxxxxxxxxxxxxxxxxxxxxxxxxxxxxxxxxxxxxxxxxxx
239: MEM Wr Req: addr=8002d4c0 tag=62 byteen=00000f0000000000 data=xxxxxxxxxxxxxxxxxxxxxxxxxxxxxxxxxxxxxxxx4120996cxxxxxxxxxxxxxxxxxxxxxxxxxxxxxxxxxxxxxxxxxxxxxxxxxxxxxxxxxxxxxxxxxxxxxxxxxxxxxxxx
240: MEM Wr Req: addr=8002d4c0 tag=62 byteen=000000f000000000 data=xxxxxxxxxxxxxxxxxxxxxxxxxxxxxxxxxxxxxxxxxxxxxxxx00000000xxxxxxxxxxxxxxxxxxxxxxxxxxxxxxxxxxxxxxxxxxxxxxxxxxxxxxxxxxxxxxxxxxxxxxxx
241: MEM Wr Req: addr=8002d4c0 tag=62 byteen=0000f00000000000 data=xxxxxxxxxxxxxxxxxxxxxxxxxxxxxxxx80002200xxxxxxxxxxxxxxxxxxxxxxxxxxxxxxxxxxxxxxxxxxxxxxxxxxxxxxxxxxxxxxxxxxxxxxxxxxxxxxxxxxxxxxxx
242: MEM Wr Req: addr=8002d4c0 tag=62 byteen=0000000f00000000 data=xxxxxxxxxxxxxxxxxxxxxxxxxxxxxxxxxxxxxxxxxxxxxxxxxxxxxxxx80009778xxxxxxxxxxxxxxxxxxxxxxxxxxxxxxxxxxxxxxxxxxxxxxxxxxxxxxxxxxxxxxxx
243: MEM Wr Req: addr=8002d4c0 tag=62 byteen=00000000f0000000 data=xxxxxxxxxxxxxxxxxxxxxxxxxxxxxxxxxxxxxxxxxxxxxxxxxxxxxxxxxxxxxxxx80006238xxxxxxxxxxxxxxxxxxxxxxxxxxxxxxxxxxxxxxxxxxxxxxxxxxxxxxxx
244: MEM Rd Req: addr=80003c80 tag=0
245: MEM Rsp: tag=0 data=0005869300d7e7b3008006b7fed888e37ff00693ee1ff06f0006051300070793030592637ff00813ee5ff06f00c787b300c5363300e787b300c5053300069c63
246: MEM Rd Req: addr=80003cc0 tag=0
247: MEM Rsp: tag=0 data=00c5363300e687b300c5053300d7d6b300a5e53300a035330065e5b301051533010795b300d5533340d808330200081304d5c06301f0059306d5ce6303800593
248: MEM Rd Req: addr=80003d00 tag=0
249: MEM Rsp: tag=0 data=fb9ff06f0000069300a5e53300a0353300a8653300d7983340d806b304000813006688630000081300b7d5b302000313fe068593ee5ff06f0008841300c787b3
250: MEM Rd Req: addr=80003bc0 tag=0
251: MEM Rsp: tag=0 data=5ce404637ff00713001404131a075463008797130006051300f707b300a637b300f7073300a6063300b7573300c6e63300c036330116e6b30106163300b658b3
252: MEM Rd Req: addr=80002200 tag=0
253: MEM Rsp: tag=0 data=01978cb301470a3301678b330201270301c1278300371c9300279a1300379b1306e7d66300c12783018127030005891300050a930dd010ef000c8693000d8613
254: MEM Wr Req: addr=8002d4c0 tag=62 byteen=00000f0000000000 data=xxxxxxxxxxxxxxxxxxxxxxxxxxxxxxxxxxxxxxxx4120996cxxxxxxxxxxxxxxxxxxxxxxxxxxxxxxxxxxxxxxxxxxxxxxxxxxxxxxxxxxxxxxxxxxxxxxxxxxxxxxxx
255: MEM Wr Req: addr=8002d4c0 tag=62 byteen=000000f000000000 data=xxxxxxxxxxxxxxxxxxxxxxxxxxxxxxxxxxxxxxxxxxxxxxxx00000000xxxxxxxxxxxxxxxxxxxxxxxxxxxxxxxxxxxxxxxxxxxxxxxxxxxxxxxxxxxxxxxxxxxxxxxx
256: MEM Wr Req: addr=8002d4c0 tag=62 byteen=0000f00000000000 data=xxxxxxxxxxxxxxxxxxxxxxxxxxxxxxxx8000220cxxxxxxxxxxxxxxxxxxxxxxxxxxxxxxxxxxxxxxxxxxxxxxxxxxxxxxxxxxxxxxxxxxxxxxxxxxxxxxxxxxxxxxxx
257: MEM Wr Req: addr=8002d4c0 tag=62 byteen=0000000f00000000 data=xxxxxxxxxxxxxxxxxxxxxxxxxxxxxxxxxxxxxxxxxxxxxxxxxxxxxxxx80009778xxxxxxxxxxxxxxxxxxxxxxxxxxxxxxxxxxxxxxxxxxxxxxxxxxxxxxxxxxxxxxxx
258: MEM Wr Req: addr=8002d4c0 tag=62 byteen=00000000f0000000 data=xxxxxxxxxxxxxxxxxxxxxxxxxxxxxxxxxxxxxxxxxxxxxxxxxxxxxxxxxxxxxxxx80006238xxxxxxxxxxxxxxxxxxxxxxxxxxxxxxxxxxxxxxxxxxxxxxxxxxxxxxxx
259: MEM Rd Req: addr=80003c00 tag=0
260: MEM Rsp: tag=0 data=04000813011588630000081300d756b302000893fe0586931740006f0016d79300a7e53300a5e53301f69793001575130015559300d7f6b3fff68693ff8006b7
261: MEM Rd Req: addr=80002280 tag=0
262: MEM Rsp: tag=0 data=00e12823004707130281278300f12a230087879300b7a22300a7a023010127030141278304d010ef000405930009069300048513000a8613fb6c9ee300058413
263: MEM Wr Req: addr=8002d4c0 tag=62 byteen=00000f0000000000 data=xxxxxxxxxxxxxxxxxxxxxxxxxxxxxxxxxxxxxxxx4120996cxxxxxxxxxxxxxxxxxxxxxxxxxxxxxxxxxxxxxxxxxxxxxxxxxxxxxxxxxxxxxxxxxxxxxxxxxxxxxxxx
264: MEM Wr Req: addr=8002d4c0 tag=62 byteen=000000f000000000 data=xxxxxxxxxxxxxxxxxxxxxxxxxxxxxxxxxxxxxxxxxxxxxxxx00000000xxxxxxxxxxxxxxxxxxxxxxxxxxxxxxxxxxxxxxxxxxxxxxxxxxxxxxxxxxxxxxxxxxxxxxxx
265: MEM Wr Req: addr=8002d4c0 tag=62 byteen=0000f00000000000 data=xxxxxxxxxxxxxxxxxxxxxxxxxxxxxxxx8000229cxxxxxxxxxxxxxxxxxxxxxxxxxxxxxxxxxxxxxxxxxxxxxxxxxxxxxxxxxxxxxxxxxxxxxxxxxxxxxxxxxxxxxxxx
266: MEM Wr Req: addr=8002d4c0 tag=62 byteen=0000000f00000000 data=xxxxxxxxxxxxxxxxxxxxxxxxxxxxxxxxxxxxxxxxxxxxxxxxxxxxxxxx4130adacxxxxxxxxxxxxxxxxxxxxxxxxxxxxxxxxxxxxxxxxxxxxxxxxxxxxxxxxxxxxxxxx
267: MEM Wr Req: addr=8002d4c0 tag=62 byteen=00000000f0000000 data=xxxxxxxxxxxxxxxxxxxxxxxxxxxxxxxxxxxxxxxxxxxxxxxxxxxxxxxxxxxxxxxx80006238xxxxxxxxxxxxxxxxxxxxxxxxxxxxxxxxxxxxxxxxxxxxxxxxxxxxxxxx

memory read request transactions:
1: MEM Rd Req: addr=80000000 tag=0
2: MEM Rd Req: addr=80000040 tag=0
3: MEM Rd Req: addr=80000080 tag=0
4: MEM Rd Req: addr=800000c0 tag=0
5: MEM Rd Req: addr=80002c00 tag=0
6: MEM Rd Req: addr=80002c40 tag=0
7: MEM Rd Req: addr=80002b40 tag=0
8: MEM Rd Req: addr=80002b80 tag=0
9: MEM Rd Req: addr=80002bc0 tag=0
10: MEM Rd Req: addr=80002a00 tag=0
11: MEM Rd Req: addr=80002c80 tag=0
12: MEM Rd Req: addr=80004900 tag=0
13: MEM Rd Req: addr=80004940 tag=0
14: MEM Rd Req: addr=80004980 tag=0
15: MEM Rd Req: addr=80002000 tag=0
16: MEM Rd Req: addr=80002040 tag=0
17: MEM Rd Req: addr=8002d500 tag=2
18: MEM Rd Req: addr=80004ac0 tag=62
19: MEM Rd Req: addr=80002080 tag=0
20: MEM Rd Req: addr=800020c0 tag=0
21: MEM Rd Req: addr=800071c0 tag=62
22: MEM Rd Req: addr=80009740 tag=22
23: MEM Rd Req: addr=80006900 tag=2
24: MEM Rd Req: addr=80004300 tag=0
25: MEM Rd Req: addr=80004340 tag=0
26: MEM Rd Req: addr=80004380 tag=0
27: MEM Rd Req: addr=800043c0 tag=0
28: MEM Rd Req: addr=80004400 tag=0
29: MEM Rd Req: addr=80004540 tag=0
30: MEM Rd Req: addr=80004580 tag=0
31: MEM Rd Req: addr=800045c0 tag=0
32: MEM Rd Req: addr=80004600 tag=0
33: MEM Rd Req: addr=80004640 tag=0
34: MEM Rd Req: addr=80004680 tag=0
35: MEM Rd Req: addr=800046c0 tag=0
36: MEM Rd Req: addr=80004700 tag=0
37: MEM Rd Req: addr=80004740 tag=0
38: MEM Rd Req: addr=80004780 tag=0
39: MEM Rd Req: addr=8002d4c0 tag=62
40: MEM Rd Req: addr=800047c0 tag=0
41: MEM Rd Req: addr=80002100 tag=0
42: MEM Rd Req: addr=80003ac0 tag=0
43: MEM Rd Req: addr=80003b00 tag=0
44: MEM Rd Req: addr=80003b40 tag=0
45: MEM Rd Req: addr=80003c40 tag=0
46: MEM Rd Req: addr=80004180 tag=0
47: MEM Rd Req: addr=80003d80 tag=0
48: MEM Rd Req: addr=800041c0 tag=0
49: MEM Rd Req: addr=80004200 tag=0
50: MEM Rd Req: addr=80004240 tag=0
51: MEM Rd Req: addr=80006c80 tag=42
52: MEM Rd Req: addr=80002140 tag=0
53: MEM Rd Req: addr=80006d00 tag=2
54: MEM Rd Req: addr=80002180 tag=0
55: MEM Rd Req: addr=80006f40 tag=22
56: MEM Rd Req: addr=800021c0 tag=0
57: MEM Rd Req: addr=80003c80 tag=0
58: MEM Rd Req: addr=80003cc0 tag=0
59: MEM Rd Req: addr=80003d00 tag=0
60: MEM Rd Req: addr=80003bc0 tag=0
61: MEM Rd Req: addr=80002200 tag=0
62: MEM Rd Req: addr=80003c00 tag=0
63: MEM Rd Req: addr=80002280 tag=0

memory write request transactions:
1: MEM Wr Req: addr=8002e580 tag=42 byteen=00000f0000000000 data=xxxxxxxxxxxxxxxxxxxxxxxxxxxxxxxxxxxxxxxx00000000xxxxxxxxxxxxxxxxxxxxxxxxxxxxxxxxxxxxxxxxxxxxxxxxxxxxxxxxxxxxxxxxxxxxxxxxxxxxxxxx
2: MEM Wr Req: addr=8002e580 tag=42 byteen=0000f00000000000 data=xxxxxxxxxxxxxxxxxxxxxxxxxxxxxxxx00000000xxxxxxxxxxxxxxxxxxxxxxxxxxxxxxxxxxxxxxxxxxxxxxxxxxxxxxxxxxxxxxxxxxxxxxxxxxxxxxxxxxxxxxxx
3: MEM Wr Req: addr=8002e580 tag=42 byteen=00f0000000000000 data=xxxxxxxxxxxxxxxx00000000xxxxxxxxxxxxxxxxxxxxxxxxxxxxxxxxxxxxxxxxxxxxxxxxxxxxxxxxxxxxxxxxxxxxxxxxxxxxxxxxxxxxxxxxxxxxxxxxxxxxxxxx
4: MEM Wr Req: addr=8002e580 tag=42 byteen=000f000000000000 data=xxxxxxxxxxxxxxxxxxxxxxxx00000000xxxxxxxxxxxxxxxxxxxxxxxxxxxxxxxxxxxxxxxxxxxxxxxxxxxxxxxxxxxxxxxxxxxxxxxxxxxxxxxxxxxxxxxxxxxxxxxx
5: MEM Wr Req: addr=8002e580 tag=42 byteen=f000000000000000 data=00000000xxxxxxxxxxxxxxxxxxxxxxxxxxxxxxxxxxxxxxxxxxxxxxxxxxxxxxxxxxxxxxxxxxxxxxxxxxxxxxxxxxxxxxxxxxxxxxxxxxxxxxxxxxxxxxxxxxxxxxxx
6: MEM Wr Req: addr=8002e580 tag=42 byteen=0f00000000000000 data=xxxxxxxx00000000xxxxxxxxxxxxxxxxxxxxxxxxxxxxxxxxxxxxxxxxxxxxxxxxxxxxxxxxxxxxxxxxxxxxxxxxxxxxxxxxxxxxxxxxxxxxxxxxxxxxxxxxxxxxxxxx
7: MEM Wr Req: addr=8002e580 tag=42 byteen=000000f000000000 data=xxxxxxxxxxxxxxxxxxxxxxxxxxxxxxxxxxxxxxxxxxxxxxxx00000000xxxxxxxxxxxxxxxxxxxxxxxxxxxxxxxxxxxxxxxxxxxxxxxxxxxxxxxxxxxxxxxxxxxxxxxx
8: MEM Wr Req: addr=8000e5c0 tag=62 byteen=000000000000000f data=xxxxxxxxxxxxxxxxxxxxxxxxxxxxxxxxxxxxxxxxxxxxxxxxxxxxxxxxxxxxxxxxxxxxxxxxxxxxxxxxxxxxxxxxxxxxxxxxxxxxxxxxxxxxxxxxxxxxxxxx00000000
9: MEM Wr Req: addr=8000e5c0 tag=62 byteen=00000000000000f0 data=xxxxxxxxxxxxxxxxxxxxxxxxxxxxxxxxxxxxxxxxxxxxxxxxxxxxxxxxxxxxxxxxxxxxxxxxxxxxxxxxxxxxxxxxxxxxxxxxxxxxxxxxxxxxxxxx00000000xxxxxxxx
10: MEM Wr Req: addr=8000e5c0 tag=62 byteen=0000000000000f00 data=xxxxxxxxxxxxxxxxxxxxxxxxxxxxxxxxxxxxxxxxxxxxxxxxxxxxxxxxxxxxxxxxxxxxxxxxxxxxxxxxxxxxxxxxxxxxxxxxxxxxxxxx00000000xxxxxxxxxxxxxxxx
11: MEM Wr Req: addr=8000e5c0 tag=62 byteen=000000000000f000 data=xxxxxxxxxxxxxxxxxxxxxxxxxxxxxxxxxxxxxxxxxxxxxxxxxxxxxxxxxxxxxxxxxxxxxxxxxxxxxxxxxxxxxxxxxxxxxxxx00000000xxxxxxxxxxxxxxxxxxxxxxxx
12: MEM Wr Req: addr=8000e5c0 tag=62 byteen=00000000000f0000 data=xxxxxxxxxxxxxxxxxxxxxxxxxxxxxxxxxxxxxxxxxxxxxxxxxxxxxxxxxxxxxxxxxxxxxxxxxxxxxxxxxxxxxxxx00000000xxxxxxxxxxxxxxxxxxxxxxxxxxxxxxxx
13: MEM Wr Req: addr=8000e5c0 tag=62 byteen=0000000000f00000 data=xxxxxxxxxxxxxxxxxxxxxxxxxxxxxxxxxxxxxxxxxxxxxxxxxxxxxxxxxxxxxxxxxxxxxxxxxxxxxxxx00000000xxxxxxxxxxxxxxxxxxxxxxxxxxxxxxxxxxxxxxxx
14: MEM Wr Req: addr=8000e5c0 tag=62 byteen=000000000f000000 data=xxxxxxxxxxxxxxxxxxxxxxxxxxxxxxxxxxxxxxxxxxxxxxxxxxxxxxxxxxxxxxxxxxxxxxxx00000000xxxxxxxxxxxxxxxxxxxxxxxxxxxxxxxxxxxxxxxxxxxxxxxx
15: MEM Wr Req: addr=8000e5c0 tag=62 byteen=00000000f0000000 data=xxxxxxxxxxxxxxxxxxxxxxxxxxxxxxxxxxxxxxxxxxxxxxxxxxxxxxxxxxxxxxxx00000000xxxxxxxxxxxxxxxxxxxxxxxxxxxxxxxxxxxxxxxxxxxxxxxxxxxxxxxx
16: MEM Wr Req: addr=8000e5c0 tag=62 byteen=0000000f00000000 data=xxxxxxxxxxxxxxxxxxxxxxxxxxxxxxxxxxxxxxxxxxxxxxxxxxxxxxxx00000000xxxxxxxxxxxxxxxxxxxxxxxxxxxxxxxxxxxxxxxxxxxxxxxxxxxxxxxxxxxxxxxx
17: MEM Wr Req: addr=8000e5c0 tag=62 byteen=000000f000000000 data=xxxxxxxxxxxxxxxxxxxxxxxxxxxxxxxxxxxxxxxxxxxxxxxx00000000xxxxxxxxxxxxxxxxxxxxxxxxxxxxxxxxxxxxxxxxxxxxxxxxxxxxxxxxxxxxxxxxxxxxxxxx
18: MEM Wr Req: addr=8000e5c0 tag=62 byteen=00000f0000000000 data=xxxxxxxxxxxxxxxxxxxxxxxxxxxxxxxxxxxxxxxx00000000xxxxxxxxxxxxxxxxxxxxxxxxxxxxxxxxxxxxxxxxxxxxxxxxxxxxxxxxxxxxxxxxxxxxxxxxxxxxxxxx
19: MEM Wr Req: addr=8000e5c0 tag=62 byteen=0000f00000000000 data=xxxxxxxxxxxxxxxxxxxxxxxxxxxxxxxx00000000xxxxxxxxxxxxxxxxxxxxxxxxxxxxxxxxxxxxxxxxxxxxxxxxxxxxxxxxxxxxxxxxxxxxxxxxxxxxxxxxxxxxxxxx
20: MEM Wr Req: addr=8000e5c0 tag=62 byteen=000f000000000000 data=xxxxxxxxxxxxxxxxxxxxxxxx00000000xxxxxxxxxxxxxxxxxxxxxxxxxxxxxxxxxxxxxxxxxxxxxxxxxxxxxxxxxxxxxxxxxxxxxxxxxxxxxxxxxxxxxxxxxxxxxxxx
21: MEM Wr Req: addr=8000e5c0 tag=62 byteen=00f0000000000000 data=xxxxxxxxxxxxxxxx00000000xxxxxxxxxxxxxxxxxxxxxxxxxxxxxxxxxxxxxxxxxxxxxxxxxxxxxxxxxxxxxxxxxxxxxxxxxxxxxxxxxxxxxxxxxxxxxxxxxxxxxxxx
22: MEM Wr Req: addr=8000e5c0 tag=62 byteen=0f00000000000000 data=xxxxxxxx00000000xxxxxxxxxxxxxxxxxxxxxxxxxxxxxxxxxxxxxxxxxxxxxxxxxxxxxxxxxxxxxxxxxxxxxxxxxxxxxxxxxxxxxxxxxxxxxxxxxxxxxxxxxxxxxxxx
23: MEM Wr Req: addr=8000e5c0 tag=62 byteen=f000000000000000 data=00000000xxxxxxxxxxxxxxxxxxxxxxxxxxxxxxxxxxxxxxxxxxxxxxxxxxxxxxxxxxxxxxxxxxxxxxxxxxxxxxxxxxxxxxxxxxxxxxxxxxxxxxxxxxxxxxxxxxxxxxxx
24: MEM Wr Req: addr=8000e600 tag=2 byteen=000000000000000f data=xxxxxxxxxxxxxxxxxxxxxxxxxxxxxxxxxxxxxxxxxxxxxxxxxxxxxxxxxxxxxxxxxxxxxxxxxxxxxxxxxxxxxxxxxxxxxxxxxxxxxxxxxxxxxxxxxxxxxxxx00000000
25: MEM Wr Req: addr=8000e600 tag=2 byteen=00000000000000f0 data=xxxxxxxxxxxxxxxxxxxxxxxxxxxxxxxxxxxxxxxxxxxxxxxxxxxxxxxxxxxxxxxxxxxxxxxxxxxxxxxxxxxxxxxxxxxxxxxxxxxxxxxxxxxxxxxx00000000xxxxxxxx
26: MEM Wr Req: addr=8000e600 tag=2 byteen=0000000000000f00 data=xxxxxxxxxxxxxxxxxxxxxxxxxxxxxxxxxxxxxxxxxxxxxxxxxxxxxxxxxxxxxxxxxxxxxxxxxxxxxxxxxxxxxxxxxxxxxxxxxxxxxxxx00000000xxxxxxxxxxxxxxxx
27: MEM Wr Req: addr=8000e600 tag=2 byteen=000000000000f000 data=xxxxxxxxxxxxxxxxxxxxxxxxxxxxxxxxxxxxxxxxxxxxxxxxxxxxxxxxxxxxxxxxxxxxxxxxxxxxxxxxxxxxxxxxxxxxxxxx00000000xxxxxxxxxxxxxxxxxxxxxxxx
28: MEM Wr Req: addr=8000e600 tag=2 byteen=00000000000f0000 data=xxxxxxxxxxxxxxxxxxxxxxxxxxxxxxxxxxxxxxxxxxxxxxxxxxxxxxxxxxxxxxxxxxxxxxxxxxxxxxxxxxxxxxxx00000000xxxxxxxxxxxxxxxxxxxxxxxxxxxxxxxx
29: MEM Wr Req: addr=8000e600 tag=2 byteen=0000000000f00000 data=xxxxxxxxxxxxxxxxxxxxxxxxxxxxxxxxxxxxxxxxxxxxxxxxxxxxxxxxxxxxxxxxxxxxxxxxxxxxxxxx00000000xxxxxxxxxxxxxxxxxxxxxxxxxxxxxxxxxxxxxxxx
30: MEM Wr Req: addr=8000e600 tag=2 byteen=000000000f000000 data=xxxxxxxxxxxxxxxxxxxxxxxxxxxxxxxxxxxxxxxxxxxxxxxxxxxxxxxxxxxxxxxxxxxxxxxx00000000xxxxxxxxxxxxxxxxxxxxxxxxxxxxxxxxxxxxxxxxxxxxxxxx
31: MEM Wr Req: addr=8000e600 tag=2 byteen=00000000f0000000 data=xxxxxxxxxxxxxxxxxxxxxxxxxxxxxxxxxxxxxxxxxxxxxxxxxxxxxxxxxxxxxxxx00000000xxxxxxxxxxxxxxxxxxxxxxxxxxxxxxxxxxxxxxxxxxxxxxxxxxxxxxxx
32: MEM Wr Req: addr=8000e600 tag=2 byteen=0000000f00000000 data=xxxxxxxxxxxxxxxxxxxxxxxxxxxxxxxxxxxxxxxxxxxxxxxxxxxxxxxx00000000xxxxxxxxxxxxxxxxxxxxxxxxxxxxxxxxxxxxxxxxxxxxxxxxxxxxxxxxxxxxxxxx
33: MEM Wr Req: addr=8000e600 tag=2 byteen=000000f000000000 data=xxxxxxxxxxxxxxxxxxxxxxxxxxxxxxxxxxxxxxxxxxxxxxxx00000000xxxxxxxxxxxxxxxxxxxxxxxxxxxxxxxxxxxxxxxxxxxxxxxxxxxxxxxxxxxxxxxxxxxxxxxx
34: MEM Wr Req: addr=8000e600 tag=2 byteen=00000f0000000000 data=xxxxxxxxxxxxxxxxxxxxxxxxxxxxxxxxxxxxxxxx00000000xxxxxxxxxxxxxxxxxxxxxxxxxxxxxxxxxxxxxxxxxxxxxxxxxxxxxxxxxxxxxxxxxxxxxxxxxxxxxxxx
35: MEM Wr Req: addr=8000e600 tag=2 byteen=0000f00000000000 data=xxxxxxxxxxxxxxxxxxxxxxxxxxxxxxxx00000000xxxxxxxxxxxxxxxxxxxxxxxxxxxxxxxxxxxxxxxxxxxxxxxxxxxxxxxxxxxxxxxxxxxxxxxxxxxxxxxxxxxxxxxx
36: MEM Wr Req: addr=8000e600 tag=2 byteen=000f000000000000 data=xxxxxxxxxxxxxxxxxxxxxxxx00000000xxxxxxxxxxxxxxxxxxxxxxxxxxxxxxxxxxxxxxxxxxxxxxxxxxxxxxxxxxxxxxxxxxxxxxxxxxxxxxxxxxxxxxxxxxxxxxxx
37: MEM Wr Req: addr=8000e600 tag=2 byteen=00f0000000000000 data=xxxxxxxxxxxxxxxx00000000xxxxxxxxxxxxxxxxxxxxxxxxxxxxxxxxxxxxxxxxxxxxxxxxxxxxxxxxxxxxxxxxxxxxxxxxxxxxxxxxxxxxxxxxxxxxxxxxxxxxxxxx
38: MEM Wr Req: addr=8000e600 tag=2 byteen=0f00000000000000 data=xxxxxxxx00000000xxxxxxxxxxxxxxxxxxxxxxxxxxxxxxxxxxxxxxxxxxxxxxxxxxxxxxxxxxxxxxxxxxxxxxxxxxxxxxxxxxxxxxxxxxxxxxxxxxxxxxxxxxxxxxxx
39: MEM Wr Req: addr=8000e600 tag=2 byteen=f000000000000000 data=00000000xxxxxxxxxxxxxxxxxxxxxxxxxxxxxxxxxxxxxxxxxxxxxxxxxxxxxxxxxxxxxxxxxxxxxxxxxxxxxxxxxxxxxxxxxxxxxxxxxxxxxxxxxxxxxxxxxxxxxxxx
40: MEM Wr Req: addr=8002e500 tag=2 byteen=00000000f0000000 data=xxxxxxxxxxxxxxxxxxxxxxxxxxxxxxxxxxxxxxxxxxxxxxxxxxxxxxxxxxxxxxxx80002c8cxxxxxxxxxxxxxxxxxxxxxxxxxxxxxxxxxxxxxxxxxxxxxxxxxxxxxxxx
41: MEM Wr Req: addr=8002e500 tag=2 byteen=000000000f000000 data=xxxxxxxxxxxxxxxxxxxxxxxxxxxxxxxxxxxxxxxxxxxxxxxxxxxxxxxxxxxxxxxxxxxxxxxx00000000xxxxxxxxxxxxxxxxxxxxxxxxxxxxxxxxxxxxxxxxxxxxxxxx
42: MEM Wr Req: addr=8002e500 tag=2 byteen=0000000000f00000 data=xxxxxxxxxxxxxxxxxxxxxxxxxxxxxxxxxxxxxxxxxxxxxxxxxxxxxxxxxxxxxxxxxxxxxxxxxxxxxxxx00000000xxxxxxxxxxxxxxxxxxxxxxxxxxxxxxxxxxxxxxxx
43: MEM Wr Req: addr=8002e500 tag=2 byteen=00000000000f0000 data=xxxxxxxxxxxxxxxxxxxxxxxxxxxxxxxxxxxxxxxxxxxxxxxxxxxxxxxxxxxxxxxxxxxxxxxxxxxxxxxxxxxxxxxx00000001xxxxxxxxxxxxxxxxxxxxxxxxxxxxxxxx
44: MEM Wr Req: addr=8002e500 tag=2 byteen=0000000000000f00 data=xxxxxxxxxxxxxxxxxxxxxxxxxxxxxxxxxxxxxxxxxxxxxxxxxxxxxxxxxxxxxxxxxxxxxxxxxxxxxxxxxxxxxxxxxxxxxxxxxxxxxxxx8000e584xxxxxxxxxxxxxxxx
45: MEM Wr Req: addr=8002e500 tag=2 byteen=000000000000f000 data=xxxxxxxxxxxxxxxxxxxxxxxxxxxxxxxxxxxxxxxxxxxxxxxxxxxxxxxxxxxxxxxxxxxxxxxxxxxxxxxxxxxxxxxxxxxxxxxx00000000xxxxxxxxxxxxxxxxxxxxxxxx
46: MEM Wr Req: addr=8002e500 tag=2 byteen=00000000000000f0 data=xxxxxxxxxxxxxxxxxxxxxxxxxxxxxxxxxxxxxxxxxxxxxxxxxxxxxxxxxxxxxxxxxxxxxxxxxxxxxxxxxxxxxxxxxxxxxxxxxxxxxxxxxxxxxxxx00000000xxxxxxxx
47: MEM Wr Req: addr=8002e500 tag=2 byteen=000000000000000f data=xxxxxxxxxxxxxxxxxxxxxxxxxxxxxxxxxxxxxxxxxxxxxxxxxxxxxxxxxxxxxxxxxxxxxxxxxxxxxxxxxxxxxxxxxxxxxxxxxxxxxxxxxxxxxxxxxxxxxxxx00000000
48: MEM Wr Req: addr=8002d540 tag=22 byteen=00000000f0000000 data=xxxxxxxxxxxxxxxxxxxxxxxxxxxxxxxxxxxxxxxxxxxxxxxxxxxxxxxxxxxxxxxx800049a8xxxxxxxxxxxxxxxxxxxxxxxxxxxxxxxxxxxxxxxxxxxxxxxxxxxxxxxx
49: MEM Wr Req: addr=8002d540 tag=22 byteen=000000000f000000 data=xxxxxxxxxxxxxxxxxxxxxxxxxxxxxxxxxxxxxxxxxxxxxxxxxxxxxxxxxxxxxxxxxxxxxxxx8002d560xxxxxxxxxxxxxxxxxxxxxxxxxxxxxxxxxxxxxxxxxxxxxxxx
50: MEM Wr Req: addr=8002d540 tag=22 byteen=0000000000f00000 data=xxxxxxxxxxxxxxxxxxxxxxxxxxxxxxxxxxxxxxxxxxxxxxxxxxxxxxxxxxxxxxxxxxxxxxxxxxxxxxxx00000000xxxxxxxxxxxxxxxxxxxxxxxxxxxxxxxxxxxxxxxx
51: MEM Wr Req: addr=8002d540 tag=22 byteen=00000000000f0000 data=xxxxxxxxxxxxxxxxxxxxxxxxxxxxxxxxxxxxxxxxxxxxxxxxxxxxxxxxxxxxxxxxxxxxxxxxxxxxxxxxxxxxxxxx00000001xxxxxxxxxxxxxxxxxxxxxxxxxxxxxxxx
52: MEM Wr Req: addr=8002d540 tag=22 byteen=000000000000f000 data=xxxxxxxxxxxxxxxxxxxxxxxxxxxxxxxxxxxxxxxxxxxxxxxxxxxxxxxxxxxxxxxxxxxxxxxxxxxxxxxxxxxxxxxxxxxxxxxx00000000xxxxxxxxxxxxxxxxxxxxxxxx
53: MEM Wr Req: addr=8002d540 tag=22 byteen=0000000000000f00 data=xxxxxxxxxxxxxxxxxxxxxxxxxxxxxxxxxxxxxxxxxxxxxxxxxxxxxxxxxxxxxxxxxxxxxxxxxxxxxxxxxxxxxxxxxxxxxxxxxxxxxxxx8000e584xxxxxxxxxxxxxxxx
54: MEM Wr Req: addr=8002d540 tag=22 byteen=00000000000000f0 data=xxxxxxxxxxxxxxxxxxxxxxxxxxxxxxxxxxxxxxxxxxxxxxxxxxxxxxxxxxxxxxxxxxxxxxxxxxxxxxxxxxxxxxxxxxxxxxxxxxxxxxxxxxxxxxxx8000e5c0xxxxxxxx
55: MEM Wr Req: addr=8002d540 tag=22 byteen=000000000000000f data=xxxxxxxxxxxxxxxxxxxxxxxxxxxxxxxxxxxxxxxxxxxxxxxxxxxxxxxxxxxxxxxxxxxxxxxxxxxxxxxxxxxxxxxxxxxxxxxxxxxxxxxxxxxxxxxxxxxxxxxx00000000
56: MEM Wr Req: addr=8002d500 tag=2 byteen=f000000000000000 data=00000000xxxxxxxxxxxxxxxxxxxxxxxxxxxxxxxxxxxxxxxxxxxxxxxxxxxxxxxxxxxxxxxxxxxxxxxxxxxxxxxxxxxxxxxxxxxxxxxxxxxxxxxxxxxxxxxxxxxxxxxx
57: MEM Wr Req: addr=8002d500 tag=2 byteen=0f00000000000000 data=xxxxxxxx00000000xxxxxxxxxxxxxxxxxxxxxxxxxxxxxxxxxxxxxxxxxxxxxxxxxxxxxxxxxxxxxxxxxxxxxxxxxxxxxxxxxxxxxxxxxxxxxxxxxxxxxxxxxxxxxxxx
58: MEM Wr Req: addr=8002d500 tag=2 byteen=00f0000000000000 data=xxxxxxxxxxxxxxxx00000000xxxxxxxxxxxxxxxxxxxxxxxxxxxxxxxxxxxxxxxxxxxxxxxxxxxxxxxxxxxxxxxxxxxxxxxxxxxxxxxxxxxxxxxxxxxxxxxxxxxxxxxx
59: MEM Wr Req: addr=8002d500 tag=2 byteen=000f000000000000 data=xxxxxxxxxxxxxxxxxxxxxxxx00000000xxxxxxxxxxxxxxxxxxxxxxxxxxxxxxxxxxxxxxxxxxxxxxxxxxxxxxxxxxxxxxxxxxxxxxxxxxxxxxxxxxxxxxxxxxxxxxxx
60: MEM Wr Req: addr=8002d500 tag=2 byteen=0000f00000000000 data=xxxxxxxxxxxxxxxxxxxxxxxxxxxxxxxx00000000xxxxxxxxxxxxxxxxxxxxxxxxxxxxxxxxxxxxxxxxxxxxxxxxxxxxxxxxxxxxxxxxxxxxxxxxxxxxxxxxxxxxxxxx
61: MEM Wr Req: addr=8002d500 tag=2 byteen=000000000000f000 data=xxxxxxxxxxxxxxxxxxxxxxxxxxxxxxxxxxxxxxxxxxxxxxxxxxxxxxxxxxxxxxxxxxxxxxxxxxxxxxxxxxxxxxxxxxxxxxxx80009758xxxxxxxxxxxxxxxxxxxxxxxx
62: MEM Wr Req: addr=8002d500 tag=2 byteen=00000000000f0000 data=xxxxxxxxxxxxxxxxxxxxxxxxxxxxxxxxxxxxxxxxxxxxxxxxxxxxxxxxxxxxxxxxxxxxxxxxxxxxxxxxxxxxxxxx800071d8xxxxxxxxxxxxxxxxxxxxxxxxxxxxxxxx
63: MEM Wr Req: addr=8002d500 tag=2 byteen=00000000000000f0 data=xxxxxxxxxxxxxxxxxxxxxxxxxxxxxxxxxxxxxxxxxxxxxxxxxxxxxxxxxxxxxxxxxxxxxxxxxxxxxxxxxxxxxxxxxxxxxxxxxxxxxxxxxxxxxxxx8002d560xxxxxxxx
64: MEM Wr Req: addr=8002d500 tag=2 byteen=000000000f000000 data=xxxxxxxxxxxxxxxxxxxxxxxxxxxxxxxxxxxxxxxxxxxxxxxxxxxxxxxxxxxxxxxxxxxxxxxx80005290xxxxxxxxxxxxxxxxxxxxxxxxxxxxxxxxxxxxxxxxxxxxxxxx
65: MEM Wr Req: addr=8002d500 tag=2 byteen=000000000000000f data=xxxxxxxxxxxxxxxxxxxxxxxxxxxxxxxxxxxxxxxxxxxxxxxxxxxxxxxxxxxxxxxxxxxxxxxxxxxxxxxxxxxxxxxxxxxxxxxxxxxxxxxxxxxxxxxxxxxxxxxx80004ac0
66: MEM Wr Req: addr=8002d500 tag=2 byteen=00000000f0000000 data=xxxxxxxxxxxxxxxxxxxxxxxxxxxxxxxxxxxxxxxxxxxxxxxxxxxxxxxxxxxxxxxx80009778xxxxxxxxxxxxxxxxxxxxxxxxxxxxxxxxxxxxxxxxxxxxxxxxxxxxxxxx
67: MEM Wr Req: addr=8002d500 tag=2 byteen=0000000000000f00 data=xxxxxxxxxxxxxxxxxxxxxxxxxxxxxxxxxxxxxxxxxxxxxxxxxxxxxxxxxxxxxxxxxxxxxxxxxxxxxxxxxxxxxxxxxxxxxxxxxxxxxxxx00000004xxxxxxxxxxxxxxxx
68: MEM Wr Req: addr=8002d4c0 tag=62 byteen=f000000000000000 data=00000000xxxxxxxxxxxxxxxxxxxxxxxxxxxxxxxxxxxxxxxxxxxxxxxxxxxxxxxxxxxxxxxxxxxxxxxxxxxxxxxxxxxxxxxxxxxxxxxxxxxxxxxxxxxxxxxxxxxxxxxx
69: MEM Wr Req: addr=8002d500 tag=2 byteen=0000000000f00000 data=xxxxxxxxxxxxxxxxxxxxxxxxxxxxxxxxxxxxxxxxxxxxxxxxxxxxxxxxxxxxxxxxxxxxxxxxxxxxxxxx00000000xxxxxxxxxxxxxxxxxxxxxxxxxxxxxxxxxxxxxxxx
70: MEM Wr Req: addr=8002d4c0 tag=62 byteen=00000f0000000000 data=xxxxxxxxxxxxxxxxxxxxxxxxxxxxxxxxxxxxxxxx00000000xxxxxxxxxxxxxxxxxxxxxxxxxxxxxxxxxxxxxxxxxxxxxxxxxxxxxxxxxxxxxxxxxxxxxxxxxxxxxxxx
71: MEM Wr Req: addr=8002d4c0 tag=62 byteen=000000f000000000 data=xxxxxxxxxxxxxxxxxxxxxxxxxxxxxxxxxxxxxxxxxxxxxxxx00000000xxxxxxxxxxxxxxxxxxxxxxxxxxxxxxxxxxxxxxxxxxxxxxxxxxxxxxxxxxxxxxxxxxxxxxxx
72: MEM Wr Req: addr=8002d4c0 tag=62 byteen=00000000f0000000 data=xxxxxxxxxxxxxxxxxxxxxxxxxxxxxxxxxxxxxxxxxxxxxxxxxxxxxxxxxxxxxxxx80006238xxxxxxxxxxxxxxxxxxxxxxxxxxxxxxxxxxxxxxxxxxxxxxxxxxxxxxxx
73: MEM Wr Req: addr=8002d4c0 tag=62 byteen=000000000f000000 data=xxxxxxxxxxxxxxxxxxxxxxxxxxxxxxxxxxxxxxxxxxxxxxxxxxxxxxxxxxxxxxxxxxxxxxxx800071e8xxxxxxxxxxxxxxxxxxxxxxxxxxxxxxxxxxxxxxxxxxxxxxxx
74: MEM Wr Req: addr=8002d4c0 tag=62 byteen=0000000000f00000 data=xxxxxxxxxxxxxxxxxxxxxxxxxxxxxxxxxxxxxxxxxxxxxxxxxxxxxxxxxxxxxxxxxxxxxxxxxxxxxxxx00000000xxxxxxxxxxxxxxxxxxxxxxxxxxxxxxxxxxxxxxxx
75: MEM Wr Req: addr=8002d4c0 tag=62 byteen=0000f00000000000 data=xxxxxxxxxxxxxxxxxxxxxxxxxxxxxxxx80002100xxxxxxxxxxxxxxxxxxxxxxxxxxxxxxxxxxxxxxxxxxxxxxxxxxxxxxxxxxxxxxxxxxxxxxxxxxxxxxxxxxxxxxxx
76: MEM Wr Req: addr=8002d4c0 tag=62 byteen=0000000f00000000 data=xxxxxxxxxxxxxxxxxxxxxxxxxxxxxxxxxxxxxxxxxxxxxxxxxxxxxxxx80009778xxxxxxxxxxxxxxxxxxxxxxxxxxxxxxxxxxxxxxxxxxxxxxxxxxxxxxxxxxxxxxxx
77: MEM Wr Req: addr=8002d4c0 tag=62 byteen=00000000000f0000 data=xxxxxxxxxxxxxxxxxxxxxxxxxxxxxxxxxxxxxxxxxxxxxxxxxxxxxxxxxxxxxxxxxxxxxxxxxxxxxxxxxxxxxxxx00000000xxxxxxxxxxxxxxxxxxxxxxxxxxxxxxxx
78: MEM Wr Req: addr=8002d4c0 tag=62 byteen=000000000000f000 data=xxxxxxxxxxxxxxxxxxxxxxxxxxxxxxxxxxxxxxxxxxxxxxxxxxxxxxxxxxxxxxxxxxxxxxxxxxxxxxxxxxxxxxxxxxxxxxxx00000000xxxxxxxxxxxxxxxxxxxxxxxx
79: MEM Wr Req: addr=8002d4c0 tag=62 byteen=00000f0000000000 data=xxxxxxxxxxxxxxxxxxxxxxxxxxxxxxxxxxxxxxxx00000000xxxxxxxxxxxxxxxxxxxxxxxxxxxxxxxxxxxxxxxxxxxxxxxxxxxxxxxxxxxxxxxxxxxxxxxxxxxxxxxx
80: MEM Wr Req: addr=8002d4c0 tag=62 byteen=000000f000000000 data=xxxxxxxxxxxxxxxxxxxxxxxxxxxxxxxxxxxxxxxxxxxxxxxx00000000xxxxxxxxxxxxxxxxxxxxxxxxxxxxxxxxxxxxxxxxxxxxxxxxxxxxxxxxxxxxxxxxxxxxxxxx
81: MEM Wr Req: addr=8002d4c0 tag=62 byteen=0000f00000000000 data=xxxxxxxxxxxxxxxxxxxxxxxxxxxxxxxx80002114xxxxxxxxxxxxxxxxxxxxxxxxxxxxxxxxxxxxxxxxxxxxxxxxxxxxxxxxxxxxxxxxxxxxxxxxxxxxxxxxxxxxxxxx
82: MEM Wr Req: addr=8002d4c0 tag=62 byteen=0000000f00000000 data=xxxxxxxxxxxxxxxxxxxxxxxxxxxxxxxxxxxxxxxxxxxxxxxxxxxxxxxx80009778xxxxxxxxxxxxxxxxxxxxxxxxxxxxxxxxxxxxxxxxxxxxxxxxxxxxxxxxxxxxxxxx
83: MEM Wr Req: addr=8002d4c0 tag=62 byteen=00000000f0000000 data=xxxxxxxxxxxxxxxxxxxxxxxxxxxxxxxxxxxxxxxxxxxxxxxxxxxxxxxxxxxxxxxx80006238xxxxxxxxxxxxxxxxxxxxxxxxxxxxxxxxxxxxxxxxxxxxxxxxxxxxxxxx
84: MEM Wr Req: addr=8002d4c0 tag=62 byteen=00000f0000000000 data=xxxxxxxxxxxxxxxxxxxxxxxxxxxxxxxxxxxxxxxx4120996cxxxxxxxxxxxxxxxxxxxxxxxxxxxxxxxxxxxxxxxxxxxxxxxxxxxxxxxxxxxxxxxxxxxxxxxxxxxxxxxx
85: MEM Wr Req: addr=8002d4c0 tag=62 byteen=000000f000000000 data=xxxxxxxxxxxxxxxxxxxxxxxxxxxxxxxxxxxxxxxxxxxxxxxx00000000xxxxxxxxxxxxxxxxxxxxxxxxxxxxxxxxxxxxxxxxxxxxxxxxxxxxxxxxxxxxxxxxxxxxxxxx
86: MEM Wr Req: addr=8002d4c0 tag=62 byteen=00000000f0000000 data=xxxxxxxxxxxxxxxxxxxxxxxxxxxxxxxxxxxxxxxxxxxxxxxxxxxxxxxxxxxxxxxx80006238xxxxxxxxxxxxxxxxxxxxxxxxxxxxxxxxxxxxxxxxxxxxxxxxxxxxxxxx
87: MEM Wr Req: addr=8002d4c0 tag=62 byteen=000000000f000000 data=xxxxxxxxxxxxxxxxxxxxxxxxxxxxxxxxxxxxxxxxxxxxxxxxxxxxxxxxxxxxxxxxxxxxxxxx800071e8xxxxxxxxxxxxxxxxxxxxxxxxxxxxxxxxxxxxxxxxxxxxxxxx
88: MEM Wr Req: addr=8002d4c0 tag=62 byteen=0000000000f00000 data=xxxxxxxxxxxxxxxxxxxxxxxxxxxxxxxxxxxxxxxxxxxxxxxxxxxxxxxxxxxxxxxxxxxxxxxxxxxxxxxx00000000xxxxxxxxxxxxxxxxxxxxxxxxxxxxxxxxxxxxxxxx
89: MEM Wr Req: addr=8002d4c0 tag=62 byteen=0000f00000000000 data=xxxxxxxxxxxxxxxxxxxxxxxxxxxxxxxx8000213cxxxxxxxxxxxxxxxxxxxxxxxxxxxxxxxxxxxxxxxxxxxxxxxxxxxxxxxxxxxxxxxxxxxxxxxxxxxxxxxxxxxxxxxx
90: MEM Wr Req: addr=8002d4c0 tag=62 byteen=0000000f00000000 data=xxxxxxxxxxxxxxxxxxxxxxxxxxxxxxxxxxxxxxxxxxxxxxxxxxxxxxxx80009778xxxxxxxxxxxxxxxxxxxxxxxxxxxxxxxxxxxxxxxxxxxxxxxxxxxxxxxxxxxxxxxx
91: MEM Wr Req: addr=8002d4c0 tag=62 byteen=00000000000f0000 data=xxxxxxxxxxxxxxxxxxxxxxxxxxxxxxxxxxxxxxxxxxxxxxxxxxxxxxxxxxxxxxxxxxxxxxxxxxxxxxxxxxxxxxxx00000000xxxxxxxxxxxxxxxxxxxxxxxxxxxxxxxx
92: MEM Wr Req: addr=8002d4c0 tag=62 byteen=000000000000f000 data=xxxxxxxxxxxxxxxxxxxxxxxxxxxxxxxxxxxxxxxxxxxxxxxxxxxxxxxxxxxxxxxxxxxxxxxxxxxxxxxxxxxxxxxxxxxxxxxx00000000xxxxxxxxxxxxxxxxxxxxxxxx
93: MEM Wr Req: addr=8002d4c0 tag=62 byteen=00000f0000000000 data=xxxxxxxxxxxxxxxxxxxxxxxxxxxxxxxxxxxxxxxx4120996cxxxxxxxxxxxxxxxxxxxxxxxxxxxxxxxxxxxxxxxxxxxxxxxxxxxxxxxxxxxxxxxxxxxxxxxxxxxxxxxx
94: MEM Wr Req: addr=8002d4c0 tag=62 byteen=000000f000000000 data=xxxxxxxxxxxxxxxxxxxxxxxxxxxxxxxxxxxxxxxxxxxxxxxx00000000xxxxxxxxxxxxxxxxxxxxxxxxxxxxxxxxxxxxxxxxxxxxxxxxxxxxxxxxxxxxxxxxxxxxxxxx
95: MEM Wr Req: addr=8002d4c0 tag=62 byteen=0000f00000000000 data=xxxxxxxxxxxxxxxxxxxxxxxxxxxxxxxx80002150xxxxxxxxxxxxxxxxxxxxxxxxxxxxxxxxxxxxxxxxxxxxxxxxxxxxxxxxxxxxxxxxxxxxxxxxxxxxxxxxxxxxxxxx
96: MEM Wr Req: addr=8002d4c0 tag=62 byteen=0000000f00000000 data=xxxxxxxxxxxxxxxxxxxxxxxxxxxxxxxxxxxxxxxxxxxxxxxxxxxxxxxx80009778xxxxxxxxxxxxxxxxxxxxxxxxxxxxxxxxxxxxxxxxxxxxxxxxxxxxxxxxxxxxxxxx
97: MEM Wr Req: addr=8002d4c0 tag=62 byteen=00000000f0000000 data=xxxxxxxxxxxxxxxxxxxxxxxxxxxxxxxxxxxxxxxxxxxxxxxxxxxxxxxxxxxxxxxx80006238xxxxxxxxxxxxxxxxxxxxxxxxxxxxxxxxxxxxxxxxxxxxxxxxxxxxxxxx
98: MEM Wr Req: addr=8002d4c0 tag=62 byteen=00000f0000000000 data=xxxxxxxxxxxxxxxxxxxxxxxxxxxxxxxxxxxxxxxx4120996cxxxxxxxxxxxxxxxxxxxxxxxxxxxxxxxxxxxxxxxxxxxxxxxxxxxxxxxxxxxxxxxxxxxxxxxxxxxxxxxx
99: MEM Wr Req: addr=8002d4c0 tag=62 byteen=000000f000000000 data=xxxxxxxxxxxxxxxxxxxxxxxxxxxxxxxxxxxxxxxxxxxxxxxx00000000xxxxxxxxxxxxxxxxxxxxxxxxxxxxxxxxxxxxxxxxxxxxxxxxxxxxxxxxxxxxxxxxxxxxxxxx
100: MEM Wr Req: addr=8002d4c0 tag=62 byteen=00000000f0000000 data=xxxxxxxxxxxxxxxxxxxxxxxxxxxxxxxxxxxxxxxxxxxxxxxxxxxxxxxxxxxxxxxx80006238xxxxxxxxxxxxxxxxxxxxxxxxxxxxxxxxxxxxxxxxxxxxxxxxxxxxxxxx
101: MEM Wr Req: addr=8002d4c0 tag=62 byteen=000000000f000000 data=xxxxxxxxxxxxxxxxxxxxxxxxxxxxxxxxxxxxxxxxxxxxxxxxxxxxxxxxxxxxxxxxxxxxxxxx800071e8xxxxxxxxxxxxxxxxxxxxxxxxxxxxxxxxxxxxxxxxxxxxxxxx
102: MEM Wr Req: addr=8002d4c0 tag=62 byteen=0000000000f00000 data=xxxxxxxxxxxxxxxxxxxxxxxxxxxxxxxxxxxxxxxxxxxxxxxxxxxxxxxxxxxxxxxxxxxxxxxxxxxxxxxx40e80f80xxxxxxxxxxxxxxxxxxxxxxxxxxxxxxxxxxxxxxxx
103: MEM Wr Req: addr=8002d4c0 tag=62 byteen=0000f00000000000 data=xxxxxxxxxxxxxxxxxxxxxxxxxxxxxxxx80002178xxxxxxxxxxxxxxxxxxxxxxxxxxxxxxxxxxxxxxxxxxxxxxxxxxxxxxxxxxxxxxxxxxxxxxxxxxxxxxxxxxxxxxxx
104: MEM Wr Req: addr=8002d4c0 tag=62 byteen=0000000f00000000 data=xxxxxxxxxxxxxxxxxxxxxxxxxxxxxxxxxxxxxxxxxxxxxxxxxxxxxxxx80009778xxxxxxxxxxxxxxxxxxxxxxxxxxxxxxxxxxxxxxxxxxxxxxxxxxxxxxxxxxxxxxxx
105: MEM Wr Req: addr=8002d4c0 tag=62 byteen=00000000000f0000 data=xxxxxxxxxxxxxxxxxxxxxxxxxxxxxxxxxxxxxxxxxxxxxxxxxxxxxxxxxxxxxxxxxxxxxxxxxxxxxxxxxxxxxxxx00000000xxxxxxxxxxxxxxxxxxxxxxxxxxxxxxxx
106: MEM Wr Req: addr=8002d4c0 tag=62 byteen=000000000000f000 data=xxxxxxxxxxxxxxxxxxxxxxxxxxxxxxxxxxxxxxxxxxxxxxxxxxxxxxxxxxxxxxxxxxxxxxxxxxxxxxxxxxxxxxxxxxxxxxxx00000000xxxxxxxxxxxxxxxxxxxxxxxx
107: MEM Wr Req: addr=8002d4c0 tag=62 byteen=00000f0000000000 data=xxxxxxxxxxxxxxxxxxxxxxxxxxxxxxxxxxxxxxxx4120996cxxxxxxxxxxxxxxxxxxxxxxxxxxxxxxxxxxxxxxxxxxxxxxxxxxxxxxxxxxxxxxxxxxxxxxxxxxxxxxxx
108: MEM Wr Req: addr=8002d4c0 tag=62 byteen=000000f000000000 data=xxxxxxxxxxxxxxxxxxxxxxxxxxxxxxxxxxxxxxxxxxxxxxxx00000000xxxxxxxxxxxxxxxxxxxxxxxxxxxxxxxxxxxxxxxxxxxxxxxxxxxxxxxxxxxxxxxxxxxxxxxx
109: MEM Wr Req: addr=8002d4c0 tag=62 byteen=0000f00000000000 data=xxxxxxxxxxxxxxxxxxxxxxxxxxxxxxxx8000218cxxxxxxxxxxxxxxxxxxxxxxxxxxxxxxxxxxxxxxxxxxxxxxxxxxxxxxxxxxxxxxxxxxxxxxxxxxxxxxxxxxxxxxxx
110: MEM Wr Req: addr=8002d4c0 tag=62 byteen=0000000f00000000 data=xxxxxxxxxxxxxxxxxxxxxxxxxxxxxxxxxxxxxxxxxxxxxxxxxxxxxxxx80009778xxxxxxxxxxxxxxxxxxxxxxxxxxxxxxxxxxxxxxxxxxxxxxxxxxxxxxxxxxxxxxxx
111: MEM Wr Req: addr=8002d4c0 tag=62 byteen=00000000f0000000 data=xxxxxxxxxxxxxxxxxxxxxxxxxxxxxxxxxxxxxxxxxxxxxxxxxxxxxxxxxxxxxxxx80006238xxxxxxxxxxxxxxxxxxxxxxxxxxxxxxxxxxxxxxxxxxxxxxxxxxxxxxxx
112: MEM Wr Req: addr=8002d4c0 tag=62 byteen=00000f0000000000 data=xxxxxxxxxxxxxxxxxxxxxxxxxxxxxxxxxxxxxxxx4120996cxxxxxxxxxxxxxxxxxxxxxxxxxxxxxxxxxxxxxxxxxxxxxxxxxxxxxxxxxxxxxxxxxxxxxxxxxxxxxxxx
113: MEM Wr Req: addr=8002d4c0 tag=62 byteen=000000f000000000 data=xxxxxxxxxxxxxxxxxxxxxxxxxxxxxxxxxxxxxxxxxxxxxxxx00000000xxxxxxxxxxxxxxxxxxxxxxxxxxxxxxxxxxxxxxxxxxxxxxxxxxxxxxxxxxxxxxxxxxxxxxxx
114: MEM Wr Req: addr=8002d4c0 tag=62 byteen=00000000f0000000 data=xxxxxxxxxxxxxxxxxxxxxxxxxxxxxxxxxxxxxxxxxxxxxxxxxxxxxxxxxxxxxxxx80006238xxxxxxxxxxxxxxxxxxxxxxxxxxxxxxxxxxxxxxxxxxxxxxxxxxxxxxxx
115: MEM Wr Req: addr=8002d4c0 tag=62 byteen=000000000f000000 data=xxxxxxxxxxxxxxxxxxxxxxxxxxxxxxxxxxxxxxxxxxxxxxxxxxxxxxxxxxxxxxxxxxxxxxxx800071e8xxxxxxxxxxxxxxxxxxxxxxxxxxxxxxxxxxxxxxxxxxxxxxxx
116: MEM Wr Req: addr=8002d4c0 tag=62 byteen=0000000000f00000 data=xxxxxxxxxxxxxxxxxxxxxxxxxxxxxxxxxxxxxxxxxxxxxxxxxxxxxxxxxxxxxxxxxxxxxxxxxxxxxxxx40e80f80xxxxxxxxxxxxxxxxxxxxxxxxxxxxxxxxxxxxxxxx
117: MEM Wr Req: addr=8002d4c0 tag=62 byteen=0000f00000000000 data=xxxxxxxxxxxxxxxxxxxxxxxxxxxxxxxx800021b4xxxxxxxxxxxxxxxxxxxxxxxxxxxxxxxxxxxxxxxxxxxxxxxxxxxxxxxxxxxxxxxxxxxxxxxxxxxxxxxxxxxxxxxx
118: MEM Wr Req: addr=8002d4c0 tag=62 byteen=0000000f00000000 data=xxxxxxxxxxxxxxxxxxxxxxxxxxxxxxxxxxxxxxxxxxxxxxxxxxxxxxxx80009778xxxxxxxxxxxxxxxxxxxxxxxxxxxxxxxxxxxxxxxxxxxxxxxxxxxxxxxxxxxxxxxx
119: MEM Wr Req: addr=8002d4c0 tag=62 byteen=00000000000f0000 data=xxxxxxxxxxxxxxxxxxxxxxxxxxxxxxxxxxxxxxxxxxxxxxxxxxxxxxxxxxxxxxxxxxxxxxxxxxxxxxxxxxxxxxxx41198660xxxxxxxxxxxxxxxxxxxxxxxxxxxxxxxx
120: MEM Wr Req: addr=8002d4c0 tag=62 byteen=000000000000f000 data=xxxxxxxxxxxxxxxxxxxxxxxxxxxxxxxxxxxxxxxxxxxxxxxxxxxxxxxxxxxxxxxxxxxxxxxxxxxxxxxxxxxxxxxxxxxxxxxx00000000xxxxxxxxxxxxxxxxxxxxxxxx
121: MEM Wr Req: addr=8002d4c0 tag=62 byteen=00000f0000000000 data=xxxxxxxxxxxxxxxxxxxxxxxxxxxxxxxxxxxxxxxx4120996cxxxxxxxxxxxxxxxxxxxxxxxxxxxxxxxxxxxxxxxxxxxxxxxxxxxxxxxxxxxxxxxxxxxxxxxxxxxxxxxx
122: MEM Wr Req: addr=8002d4c0 tag=62 byteen=000000f000000000 data=xxxxxxxxxxxxxxxxxxxxxxxxxxxxxxxxxxxxxxxxxxxxxxxx00000000xxxxxxxxxxxxxxxxxxxxxxxxxxxxxxxxxxxxxxxxxxxxxxxxxxxxxxxxxxxxxxxxxxxxxxxx
123: MEM Wr Req: addr=8002d4c0 tag=62 byteen=0000f00000000000 data=xxxxxxxxxxxxxxxxxxxxxxxxxxxxxxxx800021c8xxxxxxxxxxxxxxxxxxxxxxxxxxxxxxxxxxxxxxxxxxxxxxxxxxxxxxxxxxxxxxxxxxxxxxxxxxxxxxxxxxxxxxxx
124: MEM Wr Req: addr=8002d4c0 tag=62 byteen=0000000f00000000 data=xxxxxxxxxxxxxxxxxxxxxxxxxxxxxxxxxxxxxxxxxxxxxxxxxxxxxxxx80009778xxxxxxxxxxxxxxxxxxxxxxxxxxxxxxxxxxxxxxxxxxxxxxxxxxxxxxxxxxxxxxxx
125: MEM Wr Req: addr=8002d4c0 tag=62 byteen=00000000f0000000 data=xxxxxxxxxxxxxxxxxxxxxxxxxxxxxxxxxxxxxxxxxxxxxxxxxxxxxxxxxxxxxxxx80006238xxxxxxxxxxxxxxxxxxxxxxxxxxxxxxxxxxxxxxxxxxxxxxxxxxxxxxxx
126: MEM Wr Req: addr=8002d4c0 tag=62 byteen=f000000000000000 data=00000004xxxxxxxxxxxxxxxxxxxxxxxxxxxxxxxxxxxxxxxxxxxxxxxxxxxxxxxxxxxxxxxxxxxxxxxxxxxxxxxxxxxxxxxxxxxxxxxxxxxxxxxxxxxxxxxxxxxxxxxx
127: MEM Wr Req: addr=8002d4c0 tag=62 byteen=00000f0000000000 data=xxxxxxxxxxxxxxxxxxxxxxxxxxxxxxxxxxxxxxxx4120996cxxxxxxxxxxxxxxxxxxxxxxxxxxxxxxxxxxxxxxxxxxxxxxxxxxxxxxxxxxxxxxxxxxxxxxxxxxxxxxxx
128: MEM Wr Req: addr=8002d4c0 tag=62 byteen=000000f000000000 data=xxxxxxxxxxxxxxxxxxxxxxxxxxxxxxxxxxxxxxxxxxxxxxxx00000000xxxxxxxxxxxxxxxxxxxxxxxxxxxxxxxxxxxxxxxxxxxxxxxxxxxxxxxxxxxxxxxxxxxxxxxx
129: MEM Wr Req: addr=8002d4c0 tag=62 byteen=0000f00000000000 data=xxxxxxxxxxxxxxxxxxxxxxxxxxxxxxxx80002200xxxxxxxxxxxxxxxxxxxxxxxxxxxxxxxxxxxxxxxxxxxxxxxxxxxxxxxxxxxxxxxxxxxxxxxxxxxxxxxxxxxxxxxx
130: MEM Wr Req: addr=8002d4c0 tag=62 byteen=0000000f00000000 data=xxxxxxxxxxxxxxxxxxxxxxxxxxxxxxxxxxxxxxxxxxxxxxxxxxxxxxxx80009778xxxxxxxxxxxxxxxxxxxxxxxxxxxxxxxxxxxxxxxxxxxxxxxxxxxxxxxxxxxxxxxx
131: MEM Wr Req: addr=8002d4c0 tag=62 byteen=00000000f0000000 data=xxxxxxxxxxxxxxxxxxxxxxxxxxxxxxxxxxxxxxxxxxxxxxxxxxxxxxxxxxxxxxxx80006238xxxxxxxxxxxxxxxxxxxxxxxxxxxxxxxxxxxxxxxxxxxxxxxxxxxxxxxx
132: MEM Wr Req: addr=8002d4c0 tag=62 byteen=00000f0000000000 data=xxxxxxxxxxxxxxxxxxxxxxxxxxxxxxxxxxxxxxxx4120996cxxxxxxxxxxxxxxxxxxxxxxxxxxxxxxxxxxxxxxxxxxxxxxxxxxxxxxxxxxxxxxxxxxxxxxxxxxxxxxxx
133: MEM Wr Req: addr=8002d4c0 tag=62 byteen=000000f000000000 data=xxxxxxxxxxxxxxxxxxxxxxxxxxxxxxxxxxxxxxxxxxxxxxxx00000000xxxxxxxxxxxxxxxxxxxxxxxxxxxxxxxxxxxxxxxxxxxxxxxxxxxxxxxxxxxxxxxxxxxxxxxx
134: MEM Wr Req: addr=8002d4c0 tag=62 byteen=0000f00000000000 data=xxxxxxxxxxxxxxxxxxxxxxxxxxxxxxxx8000220cxxxxxxxxxxxxxxxxxxxxxxxxxxxxxxxxxxxxxxxxxxxxxxxxxxxxxxxxxxxxxxxxxxxxxxxxxxxxxxxxxxxxxxxx
135: MEM Wr Req: addr=8002d4c0 tag=62 byteen=0000000f00000000 data=xxxxxxxxxxxxxxxxxxxxxxxxxxxxxxxxxxxxxxxxxxxxxxxxxxxxxxxx80009778xxxxxxxxxxxxxxxxxxxxxxxxxxxxxxxxxxxxxxxxxxxxxxxxxxxxxxxxxxxxxxxx
136: MEM Wr Req: addr=8002d4c0 tag=62 byteen=00000000f0000000 data=xxxxxxxxxxxxxxxxxxxxxxxxxxxxxxxxxxxxxxxxxxxxxxxxxxxxxxxxxxxxxxxx80006238xxxxxxxxxxxxxxxxxxxxxxxxxxxxxxxxxxxxxxxxxxxxxxxxxxxxxxxx
137: MEM Wr Req: addr=8002d4c0 tag=62 byteen=00000f0000000000 data=xxxxxxxxxxxxxxxxxxxxxxxxxxxxxxxxxxxxxxxx4120996cxxxxxxxxxxxxxxxxxxxxxxxxxxxxxxxxxxxxxxxxxxxxxxxxxxxxxxxxxxxxxxxxxxxxxxxxxxxxxxxx
138: MEM Wr Req: addr=8002d4c0 tag=62 byteen=000000f000000000 data=xxxxxxxxxxxxxxxxxxxxxxxxxxxxxxxxxxxxxxxxxxxxxxxx00000000xxxxxxxxxxxxxxxxxxxxxxxxxxxxxxxxxxxxxxxxxxxxxxxxxxxxxxxxxxxxxxxxxxxxxxxx
139: MEM Wr Req: addr=8002d4c0 tag=62 byteen=0000f00000000000 data=xxxxxxxxxxxxxxxxxxxxxxxxxxxxxxxx8000229cxxxxxxxxxxxxxxxxxxxxxxxxxxxxxxxxxxxxxxxxxxxxxxxxxxxxxxxxxxxxxxxxxxxxxxxxxxxxxxxxxxxxxxxx
140: MEM Wr Req: addr=8002d4c0 tag=62 byteen=0000000f00000000 data=xxxxxxxxxxxxxxxxxxxxxxxxxxxxxxxxxxxxxxxxxxxxxxxxxxxxxxxx4130adacxxxxxxxxxxxxxxxxxxxxxxxxxxxxxxxxxxxxxxxxxxxxxxxxxxxxxxxxxxxxxxxx
141: MEM Wr Req: addr=8002d4c0 tag=62 byteen=00000000f0000000 data=xxxxxxxxxxxxxxxxxxxxxxxxxxxxxxxxxxxxxxxxxxxxxxxxxxxxxxxxxxxxxxxx80006238xxxxxxxxxxxxxxxxxxxxxxxxxxxxxxxxxxxxxxxxxxxxxxxxxxxxxxxx

memory response transactions:
1: MEM Rsp: tag=0 data=00000813000007930000071300000693000006130000059300000513000004930000041300000393000003130000029300000213000001930000011300000093
2: MEM Rsp: tag=0 data=0001e2b700000f9300000f1300000e9300000e1300000d9300000d1300000c9300000c1300000b9300000b1300000a9300000a13000009930000091300000893
3: MEM Rsp: tag=0 data=fc02721354b202130000e21720c1819300005197305290730442829300000297ff5ff06ff6a2a62300001297001005130002ca6301f29293001002933002a073
4: MEM Rsp: tag=0 data=00612c2300512a2300412823003126230021242300112223ef01011332d0206f00c202330115161300410133011111130015011300b5706300100593f1402573
5: MEM Rsp: tag=0 data=0002051300058913000504930921282308912a2340fa09b309312623968a0a130000ca1709412423974787930000c797f60101130000806700008067fec7ece3
6: MEM Rsp: tag=0 data=da1ff0ef0004851300090593f41ff0ef013a853300000593414606339a8606130000c617efdff0ef00020a930951222308812c2308112e230009861300078593
7: MEM Rsp: tag=0 data=00178793001585930005c70302d57e630005079300c586330207846300c506b30037f79300f567b300c5e7b30000806705010113028124034085053302c12083
8: MEM Rsp: tag=0 data=0207806300c506330037f79300c567b30000806700008067fed7e8e3fee7ae2300458593004787930005a70300050793fed57ee300008067feb618e3fee78fa3
9: MEM Rsp: tag=0 data=fee7ae230047879300050793fec574e300f767330107179300e5e733008597130ff5f59300008067fef61ce3feb78fa30017879304c57063000507930ff5f593
10: MEM Rsp: tag=0 data=0080006f0090081301b1061300c105130211262300050713fd0101130000806700051063e11ff06f000005930000069300000613e21ff06f0000059300000693
11: MEM Rsp: tag=0 data=0000c99700040913cc9ff0ef0004851300069663004926830406946300050493fc04741303f10413000926838f0909130000c9174b5010ef0000051300000593
12: MEM Rsp: tag=0 data=81010113fcdff06f01800793fce56ae301000793010007370000806740a685330005450300a785333e47079300f5553340f686b3020006938000e73700379793
13: MEM Rsp: tag=0 data=000007170087843306040413002787b3fa07879383010113fffff4377d7128237d612a237d312e237d412c237f2120237e9122237e8124237e112623000017b7
14: MEM Rsp: tag=0 data=00000717da4585930000559700040793f7dfd0ef00100513e5cfd0ef1f40051300040793dc4585930000559784c60613000036178b4686930000269714470713
15: MEM Rsp: tag=0 data=02c1202300b12e2303b12e2305a120230591222305812423057126230561282305512a2305412c2305312e2307212023069122230681242306112623f9010113
16: MEM Rsp: tag=0 data=28f75263ffd6879300e1262300d12c230007a7030047a6830101278302f1262300e12823000689930205879302f1242300a707b300f12a230025151328a05263
17: MEM Rsp: tag=2 data=0000000000000000000000000000000000000000baadf00dbaadf00dbaadf00d8000977880005290baadf00d800071d880009758baadf00d8002d56080004ac0
18: MEM Rsp: tag=62 data=0000003d000000370000002f0000002c0000002c000000270000002400000022000000210000001d000000160000000f0000000a000000080000000400000000
19: MEM Rsp: tag=0 data=02c1278300f70a3300000c1300000c93020127030127093300000d93003d1d1301c127030027179302f122230037191300ed0d33ffc7fd1340e787b3ffc68793
20: MEM Rsp: tag=0 data=230020ef02090913010a0a13004725830007250300e98733003717130049268300092603000a2703000004130000049300000a9300fd0d3300000b9300000b13
21: MEM Rsp: tag=62 data=0000013b00000103000000ea00000091000000800000002c000001a60000015b00000150000000dc40810800000000004080d000000000004072600000000000
22: MEM Rsp: tag=22 data=408d8000000000004088600000000000408a900000000000407fc000000000004081b0000000000000000000000001f0000000d4000000a70000008d00000004
23: MEM Rsp: tag=2 data=408c4800000000004051c00000000000408bd80000000000408b880000000000408e080000000000405280000000000040845000000000004082800000000000
24: MEM Rsp: tag=0 data=01312e2302912223028124230145d793fd01011300008067000005130000806700a035330068e533fc071ce300d58a63ffee90e3fef892e3ff0714e300100513
25: MEM Rsp: tag=0 data=7ff007937ff7fb130a07066301f5da1300c4d49300068a930006099300050413015797130171262301612823032120230211262300c5949301512a2301412c23
26: MEM Rsp: tag=0 data=1007006301fada937ff7f51300c454130157971300ca9413014ad79300000b93c01b0b130035191300f4e4b3008007b70097e4b30034949301d5579310fb0263
27: MEM Rsp: tag=0 data=015a463300e00813fff6869300ab053300e6e6b3002b96930000071300399793c015051300f46433008007b70087e4330034141301d9d79316f500637ff00793
28: MEM Rsp: tag=0 data=02e7cc6301c00793ff5507134c0000ef000485130404806306090c6300a4e933000680670006a68300a686b33a850513002696938000e53714d86c6300150593
29: MEM Rsp: tag=0 data=02f68fb302f90833032308b300e7f7b300e979330107d31301095693ffff071300010f37e91ff06f002007137ff0051300000413ea1ff06f0010071300000513
30: MEM Rsp: tag=0 data=032f09330289083302868733010888b300e474330108989301045f1300e8783300e8f8b30108d29301ee0e3301f8f46302668e3301d888b30108589301f88eb3
31: MEM Rsp: tag=0 data=01f4f4b3010919130104d71301f8783301f97933fff68f93000106b700de8eb301095e9300e686b30001073700e9766303e686b301d909330108591300e90eb3
32: MEM Rsp: tag=0 data=00f87833fff6879301f78fb3000106b70108579300df8fb300f87463006808330103d81300f8033302e30fb302f707b302930833012282b301090933029783b3
33: MEM Rsp: tag=0 data=0106969300f4f6b3fff78793000107b700d303330084f463009704b30103d713008484b302ef0333029f04b30287043300f8083301081813029403b300f3f7b3
34: MEM Rsp: tag=0 data=01ff3fb30104d4930102b83300e6e7330127373301d6b6b3010f02b301f70f33010e3833010e0e330126873301d686b3012e393300f686b3005e0e3300f3f7b3
35: MEM Rsp: tag=0 data=1006d4630057e7b300876433007716930092929301c7e7b30172d413017e5e1300f037b3009717130117e7b30067073301070733009e1793010fe83300970733
36: MEM Rsp: tag=0 data=00f4043300f737b30047871300a70a630040051300f7f713020700630077f7130ed058633ff586930014541300e7e7b301f4171300f767b30017f7930017d713
37: MEM Rsp: tag=0 data=7ff006b700c41413014697130034541300e7e7b301d417930037d71316d748637fe007134005869300e47433fff70713ff00073700075a630074171300070793
38: MEM Rsp: tag=0 data=000705930007851300c12b8301012b0301412a8301812a0301c1298302012903024124830281240300c4673302c1208301f616130087643300c4541300d77733
39: MEM Rsp: tag=62 data=00000000baadf00dbaadf00dbaadf00d8000210000000000000000008000977880006238800071e8000000000000000000000000baadf00dbaadf00dbaadf00d
40: MEM Rsp: tag=0 data=000a86130880006f0000079300000413f2d716e3001006930cd70c63003006930ed70a6300200693000b87130009079300048413000a06130000806703010113
41: MEM Rsp: tag=0 data=000506131f4020ef0007250300472583000504930005841300e9873300371713fec92683fe892603ff4a27031d5010ef00040593000485130005869300050613
42: MEM Rsp: tag=0 data=0146d89300d878330145d71300b877b3fe010113fff8081300100837cd1ff06f0065d5b300e7e5330067573301c597b340a585b3411585b300e5353340e50733
43: MEM Rsp: tag=0 data=0107673300351513013126230121282300112e230038181301f6d5937ff8f89301d6571301f5d49300f767b300912a2301d557137ff774130037979300812c23
44: MEM Rsp: tag=0 data=0700006f001004130006051300a787b300e787b300a6353300c5063302059063fff685932a05886300c765b30408906310d05e632cb49463411406b300361613
45: MEM Rsp: tag=0 data=fff586935206866300a7e6b302041e63408885b30e068263ff1ff06f00c0363300c76633f81ff06f0000071300c6e63300c0363300c8663300b7183340b805b3
46: MEM Rsp: tag=0 data=bddff06f0006051300070793be9ff06f000584130006051300070793bf9ff06f00f6f7b340e40433fff78793ff8007b7f95ff06f0000079300a7653300a03533
47: MEM Rsp: tag=0 data=4100006f0006851300a787b300a6b5330045069342d702630040069300f5771342070863007577130010041300e7f7b3fff70713ff80073700075a6300060513
48: MEM Rsp: tag=0 data=0037d7937ff0071300a765330035551301d7971300e7f7b3fff70713ff8007370ae40c637ff007130014041300075e630087971300000513000007937ff00413
49: MEM Rsp: tag=0 data=00f767b301f4949300c7d79300d777330181240301c1208300c797937ff006b7014417130000049300000513000807b7000508630000079300f5653300e41e63
50: MEM Rsp: tag=0 data=00000793f55ff06f000004930000051300000793db9ff06f00080413000605130007079300008067020101130007059300c1298301412483010129030097e733
51: MEM Rsp: tag=42 data=40584000000000004088080000000000408e4000000000004061e000000000004086b80000000000406da0000000000040767000000000004072300000000000
52: MEM Rsp: tag=0 data=00058693000506131b8020ef000725030047258300050b9300058a9300e9873300371713ff492683ff092603ff8a2703199010ef000a8593000b851300058693
53: MEM Rsp: tag=2 data=40508000000000004080700000000000408e3800000000004074000000000000405d000000000000407ec0000000000040885000000000004075300000000000
54: MEM Rsp: tag=0 data=000d8513000586930005061317c020ef000725030047258300050c1300058b1300e9873300371713ffc92683ff892603ffca270315d010ef000b0593000c0513
55: MEM Rsp: tag=22 data=406380000000000040548000000000004089100000000000405f800000000000408c400000000000408080000000000040873800000000004075c00000000000
56: MEM Rsp: tag=0 data=0e9010ef00f12623014787b3ffc7f793000b8513000a85930241278300478a13000b0693000c061300c12783f12d14e300058c9300050d93121010ef000c8593
57: MEM Rsp: tag=0 data=0005869300d7e7b3008006b7fed888e37ff00693ee1ff06f0006051300070793030592637ff00813ee5ff06f00c787b300c5363300e787b300c5053300069c63
58: MEM Rsp: tag=0 data=00c5363300e687b300c5053300d7d6b300a5e53300a035330065e5b301051533010795b300d5533340d808330200081304d5c06301f0059306d5ce6303800593
59: MEM Rsp: tag=0 data=fb9ff06f0000069300a5e53300a0353300a8653300d7983340d806b304000813006688630000081300b7d5b302000313fe068593ee5ff06f0008841300c787b3
60: MEM Rsp: tag=0 data=5ce404637ff00713001404131a075463008797130006051300f707b300a637b300f7073300a6063300b7573300c6e63300c036330116e6b30106163300b658b3
61: MEM Rsp: tag=0 data=01978cb301470a3301678b330201270301c1278300371c9300279a1300379b1306e7d66300c12783018127030005891300050a930dd010ef000c8693000d8613
62: MEM Rsp: tag=0 data=04000813011588630000081300d756b302000893fe0586931740006f0016d79300a7e53300a5e53301f69793001575130015559300d7f6b3fff68693ff8006b7
63: MEM Rsp: tag=0 data=00e12823004707130281278300f12a230087879300b7a22300a7a023010127030141278304d010ef000405930009069300048513000a8613fb6c9ee300058413

