all memory transactions:
1: MEM Rd Req: addr=80000000, tag=0
2: MEM Rsp: tag=0, data=40850513000015170005006b00100513114000ef00b5106b1205859300000597fc1025730005006b00100513090000ef00b5106b09c5859300000597fc102573
3: MEM Rd Req: addr=80000080, tag=0
4: MEM Rsp: tag=0, data=40b1013300a51593cc102573ff00013776018193000011970005006bfff005130005006b0000051300040193000080670fd0006f230505138000053700078863
5: MEM Rd Req: addr=800000c0, tag=0
6: MEM Rsp: tag=0, data=51300008067fff0051300008067fff00513000080670005006b0000051300068663cc3026f3fc02721300a20233437202130000121702b5053300000593
7: MEM Rd Req: addr=80000140, tag=0
8: MEM Rsp: tag=0, data=171000ef00a40533000005930000061300000513069000ef00020413ea4585930000159700020513000006130007806bfff007930081242300112623ff010113
9: MEM Rd Req: addr=800009c0, tag=0
10: MEM Rsp: tag=0, data=8f76c63fe060793ffc8f61306079863000507130035779304c7fe63003007930607926300c508b30037f79300a5c7b3ec8ff0ef00040513000780e700078463
11: MEM Rd Req: addr=80000a40, tag=0
12: MEM Rsp: tag=0, data=1707130005c683f80780e300158593fed70fa300377793001707130005c68300008067ff1768e3fef70fa300158593001707130005c783ff157ce300050713
13: MEM Rd Req: addr=80000a00, tag=0
14: MEM Rsp: tag=0, data=80670117686300f585b300f7073300478793ffc7f79340e787b3fff60793fec7e8e3ff07ae2300468693004787930006a803000707930005869302c77c63
15: MEM Rd Req: addr=80000ac0, tag=0
16: MEM Rsp: tag=0, data=a07906300f7779302c37e630005071300f00313f19ff06ffaf768e3024585930247071302d7202301072e2300672c2301c72a2301d7282301e7262301f72423
17: MEM Rd Req: addr=80000b00, tag=0
18: MEM Rsp: tag=0, data=5686b3000002970026969340c306b30000806700061463fed766e30107071300b7262300b7242300b7222300b7202300e686b300f67613ff06769308059263
19: MEM Rd Req: addr=80000b40, tag=0
20: MEM Rsp: tag=0, data=b7002300b700a300b7012300b701a300b7022300b702a300b7032300b703a300b7042300b704a300b7052300b705a300b7062300b706a300b7072300c68067
21: MEM Rd Req: addr=80000b80, tag=0
22: MEM Rsp: tag=0, data=f6063340f70733ff07879300028093fa0680e700008293005686b30000029700279693f6dff06f00d5e5b30105969300d5e5b3008596930ff5f59300008067
23: MEM Rd Req: addr=80000180, tag=0
24: MEM Rsp: tag=0, data=11262340890933e509091300001917e5840413000014170121202300812423ff01011300008067010101130081240300c120830007806b0017b793cc3027f3
25: MEM Rd Req: addr=80000040, tag=0
26: MEM Rsp: tag=0, data=79300008067000005130007806bfff007931350006f008000ef13c000ef12d000ef1dc505130000051729d000ef0000059340a606334806061300001617
27: MEM Wr Req: addr=80001440, tag=22, byteen=f data=x00000000
28: MEM Rsp: tag=22, data=0
29: MEM Wr Req: addr=80001440, tag=22, byteen=f0 data=x00000000xxxxxxxx
30: MEM Rsp: tag=22, data=0
31: MEM Wr Req: addr=80001440, tag=22, byteen=f00 data=x00000000xxxxxxxxxxxxxxxx
32: MEM Rsp: tag=22, data=0
33: MEM Wr Req: addr=80001440, tag=22, byteen=f000 data=x00000000xxxxxxxxxxxxxxxxxxxxxxxx
34: MEM Rsp: tag=22, data=0

memory read request transactions:
1: MEM Rd Req: addr=80000000, tag=0
2: MEM Rd Req: addr=80000080, tag=0
3: MEM Rd Req: addr=800000c0, tag=0
4: MEM Rd Req: addr=80000140, tag=0
5: MEM Rd Req: addr=800009c0, tag=0
6: MEM Rd Req: addr=80000a40, tag=0
7: MEM Rd Req: addr=80000a00, tag=0
8: MEM Rd Req: addr=80000ac0, tag=0
9: MEM Rd Req: addr=80000b00, tag=0
10: MEM Rd Req: addr=80000b40, tag=0
11: MEM Rd Req: addr=80000b80, tag=0
12: MEM Rd Req: addr=80000180, tag=0
13: MEM Rd Req: addr=80000040, tag=0

memory write request transactions:
1: MEM Wr Req: addr=80001440, tag=22, byteen=f data=x00000000
2: MEM Wr Req: addr=80001440, tag=22, byteen=f0 data=x00000000xxxxxxxx
3: MEM Wr Req: addr=80001440, tag=22, byteen=f00 data=x00000000xxxxxxxxxxxxxxxx
4: MEM Wr Req: addr=80001440, tag=22, byteen=f000 data=x00000000xxxxxxxxxxxxxxxxxxxxxxxx

memory response transactions:
1: MEM Rsp: tag=0, data=40850513000015170005006b00100513114000ef00b5106b1205859300000597fc1025730005006b00100513090000ef00b5106b09c5859300000597fc102573
2: MEM Rsp: tag=0, data=40b1013300a51593cc102573ff00013776018193000011970005006bfff005130005006b0000051300040193000080670fd0006f230505138000053700078863
3: MEM Rsp: tag=0, data=51300008067fff0051300008067fff00513000080670005006b0000051300068663cc3026f3fc02721300a20233437202130000121702b5053300000593
4: MEM Rsp: tag=0, data=171000ef00a40533000005930000061300000513069000ef00020413ea4585930000159700020513000006130007806bfff007930081242300112623ff010113
5: MEM Rsp: tag=0, data=8f76c63fe060793ffc8f61306079863000507130035779304c7fe63003007930607926300c508b30037f79300a5c7b3ec8ff0ef00040513000780e700078463
6: MEM Rsp: tag=0, data=1707130005c683f80780e300158593fed70fa300377793001707130005c68300008067ff1768e3fef70fa300158593001707130005c783ff157ce300050713
7: MEM Rsp: tag=0, data=80670117686300f585b300f7073300478793ffc7f79340e787b3fff60793fec7e8e3ff07ae2300468693004787930006a803000707930005869302c77c63
8: MEM Rsp: tag=0, data=a07906300f7779302c37e630005071300f00313f19ff06ffaf768e3024585930247071302d7202301072e2300672c2301c72a2301d7282301e7262301f72423
9: MEM Rsp: tag=0, data=5686b3000002970026969340c306b30000806700061463fed766e30107071300b7262300b7242300b7222300b7202300e686b300f67613ff06769308059263
10: MEM Rsp: tag=0, data=b7002300b700a300b7012300b701a300b7022300b702a300b7032300b703a300b7042300b704a300b7052300b705a300b7062300b706a300b7072300c68067
11: MEM Rsp: tag=0, data=f6063340f70733ff07879300028093fa0680e700008293005686b30000029700279693f6dff06f00d5e5b30105969300d5e5b3008596930ff5f59300008067
12: MEM Rsp: tag=0, data=11262340890933e509091300001917e5840413000014170121202300812423ff01011300008067010101130081240300c120830007806b0017b793cc3027f3
13: MEM Rsp: tag=0, data=79300008067000005130007806bfff007931350006f008000ef13c000ef12d000ef1dc505130000051729d000ef0000059340a606334806061300001617
14: MEM Rsp: tag=22, data=0
15: MEM Rsp: tag=22, data=0
16: MEM Rsp: tag=22, data=0
17: MEM Rsp: tag=22, data=0

