              555000: MEM Rd Req: addr=80000000, tag=0, byteen=x

              555000: MEM Rsp: tag=0, data=44850513000015170005006b001005131a4000ef00b5106b1b05859300000597fc1025730005006b00100513120000ef00b5106b12c5859300000597fc102573

              615000: MEM Rd Req: addr=80000100, tag=0, byteen=x

              615000: MEM Rsp: tag=0, data=6d018193000011970005006bfff005130005006b00000513000401930000806700e7a02300c6873300f707b3000626030006a6830085a70300f6063300f686b3

              675000: MEM Rd Req: addr=80000140, tag=0, byteen=x

              675000: MEM Rsp: tag=0, data=fff00513000080670005006b0000051300068663cc3026f3fc02721300a20233407202130000121702b505330000059340b1013300a51593cc102573ff000137

              909000: MEM Rd Req: addr=800001c0, tag=0, byteen=x

              909000: MEM Rsp: tag=0, data=51305d000ef00020413e14585930000159700020513000006130007806bfff007930081242300112623ff01011300008067f140257300008067fff00513

             1045000: MEM Rd Req: addr=80000a40, tag=0, byteen=x

             1045000: MEM Rsp: tag=0, data=fe060793ffc8f61306079863000507130035779304c7fe63003007930607926300c508b30037f79300a5c7b3ed4ff0ef00040513000780e70007846303c52783

             1131000: MEM Rd Req: addr=80000ac0, tag=0, byteen=x

             1131000: MEM Rsp: tag=0, data=5c683f80780e300158593fed70fa300377793001707130005c68300008067ff1768e3fef70fa300158593001707130005c783ff157ce30005071300008067

             1197000: MEM Rd Req: addr=80000200, tag=0, byteen=x

             1197000: MEM Rsp: tag=0, data=dc840413000014170121202300812423ff01011300008067010101130081240300c120830007806b0017b793cc3027f3165000ef00a405330000059300000613

             1257000: MEM Rd Req: addr=80000b40, tag=0, byteen=x

             1257000: MEM Rsp: tag=0, data=f7779302c37e630005071300f00313f19ff06ffaf768e3fed72e230247071301072e2300672c2301c72a2301d7282301e7262301f7242300572223ffc5a683

             1307000: MEM Rd Req: addr=80000b80, tag=0, byteen=x

             1307000: MEM Rsp: tag=0, data=2970026969340c306b30000806700061463fed766e30107071300b7262300b7242300b7222300b7202300e686b300f67613ff067693080592630a079063

             1351000: MEM Rd Req: addr=80000bc0, tag=0, byteen=x

             1351000: MEM Rsp: tag=0, data=b700a300b7012300b701a300b7022300b702a300b7032300b703a300b7042300b704a300b7052300b705a300b7062300b706a300b7072300c68067005686b3

             1391000: MEM Rd Req: addr=80000c00, tag=0, byteen=x

             1391000: MEM Rsp: tag=0, data=40f70733ff07879300028093fa0680e700008293005686b30000029700279693f6dff06f00d5e5b30105969300d5e5b3008596930ff5f5930000806700b70023

             1555000: MEM Rd Req: addr=80000040, tag=0, byteen=x

             1555000: MEM Rsp: tag=0, data=179702f12e2300f1262300100793fb0101131b50006f008000ef1cc000ef1ad000ef26c5051300000517321000ef0000059340a606334e06061300001617

             1749000: MEM Wr Req: addr=80001480, tag=42, byteen=f data=x00000000

             1749000: MEM Rsp: tag=42, data=0

             1759000: MEM Wr Req: addr=80001480, tag=42, byteen=f0 data=x00000000xxxxxxxx

             1759000: MEM Rsp: tag=42, data=0

             1769000: MEM Wr Req: addr=80001480, tag=42, byteen=f00 data=x00000000xxxxxxxxxxxxxxxx

             1769000: MEM Rsp: tag=42, data=0

             1779000: MEM Wr Req: addr=80001480, tag=42, byteen=f000 data=x00000000xxxxxxxxxxxxxxxxxxxxxxxx

             1779000: MEM Rsp: tag=42, data=0

